[ 2018-04-19T16:49:15+08:00 ] ::1 /likeplus/index.php/shop
INFO: [ app_begin ] --START--
INFO: Run Behavior\ReadHtmlCacheBehavior [ RunTime:0.037999s ]
INFO: [ app_begin ] --END-- [ RunTime:0.059860s ]
ERR: 无法加载控制器:Shop

[ 2018-04-19T16:50:15+08:00 ] ::1 /likeplus/index.php/shop
INFO: [ app_begin ] --START--
INFO: Run Behavior\ReadHtmlCacheBehavior [ RunTime:0.000516s ]
INFO: [ app_begin ] --END-- [ RunTime:0.000851s ]
INFO: [ app_end ] --START--
INFO: Run Behavior\ShowPageTraceBehavior [ RunTime:0.021452s ]
INFO: [ app_end ] --END-- [ RunTime:0.021532s ]

[ 2018-04-19T16:50:23+08:00 ] ::1 /likeplus/index.php/shop
INFO: [ app_begin ] --START--
INFO: Run Behavior\ReadHtmlCacheBehavior [ RunTime:0.000532s ]
INFO: [ app_begin ] --END-- [ RunTime:0.000867s ]
INFO: [ app_end ] --START--
INFO: Run Behavior\ShowPageTraceBehavior [ RunTime:0.000599s ]
INFO: [ app_end ] --END-- [ RunTime:0.000674s ]

[ 2018-04-19T16:50:24+08:00 ] ::1 /likeplus/index.php/shop
INFO: [ app_begin ] --START--
INFO: Run Behavior\ReadHtmlCacheBehavior [ RunTime:0.000394s ]
INFO: [ app_begin ] --END-- [ RunTime:0.000660s ]
INFO: [ app_end ] --START--
INFO: Run Behavior\ShowPageTraceBehavior [ RunTime:0.000481s ]
INFO: [ app_end ] --END-- [ RunTime:0.000538s ]

