[ 2018-04-20T14:00:34+08:00 ] ::1 /likeplus/index.php/shop
INFO: [ app_begin ] --START--
INFO: Run Behavior\ReadHtmlCacheBehavior [ RunTime:0.017577s ]
INFO: [ app_begin ] --END-- [ RunTime:0.029478s ]
INFO: [ view_parse ] --START--
NOTIC: [2] filemtime(): stat failed for D:/amp/Apache24/htdocs/likeplus/Runtime/Cache\54ecacf9be695e86091f5a53b7eb4e8eb6bd7cc9.file.index.html.php D:\amp\Apache24\htdocs\likeplus\ThinkPHP\Library\Vendor\Smarty\sysplugins\smarty_resource.php 第 683 行.
NOTIC: [2] unlink(D:/amp/Apache24/htdocs/likeplus/Runtime/Cache\54ecacf9be695e86091f5a53b7eb4e8eb6bd7cc9.file.index.html.php): No such file or directory D:\amp\Apache24\htdocs\likeplus\ThinkPHP\Library\Vendor\Smarty\sysplugins\smarty_internal_write_file.php 第 49 行.
INFO: Run Behavior\ParseTemplateBehavior [ RunTime:0.960377s ]
INFO: [ view_parse ] --END-- [ RunTime:0.960439s ]
INFO: [ view_filter ] --START--
INFO: Run Behavior\WriteHtmlCacheBehavior [ RunTime:0.025787s ]
INFO: [ view_filter ] --END-- [ RunTime:0.025838s ]
INFO: [ app_end ] --START--
INFO: Run Behavior\ShowPageTraceBehavior [ RunTime:0.010616s ]
INFO: [ app_end ] --END-- [ RunTime:0.010676s ]

[ 2018-04-20T14:01:12+08:00 ] ::1 /likeplus/index.php/shop
INFO: [ app_begin ] --START--
INFO: Run Behavior\ReadHtmlCacheBehavior [ RunTime:0.000392s ]
INFO: [ app_begin ] --END-- [ RunTime:0.000648s ]
INFO: [ view_parse ] --START--
INFO: Run Behavior\ParseTemplateBehavior [ RunTime:0.164115s ]
INFO: [ view_parse ] --END-- [ RunTime:0.164162s ]
INFO: [ view_filter ] --START--
INFO: Run Behavior\WriteHtmlCacheBehavior [ RunTime:0.000429s ]
INFO: [ view_filter ] --END-- [ RunTime:0.000462s ]
INFO: [ app_end ] --START--
INFO: Run Behavior\ShowPageTraceBehavior [ RunTime:0.000544s ]
INFO: [ app_end ] --END-- [ RunTime:0.000579s ]

[ 2018-04-20T18:10:53+08:00 ] ::1 /likeplus/index.php/shop
INFO: [ app_begin ] --START--
INFO: Run Behavior\ReadHtmlCacheBehavior [ RunTime:0.017366s ]
INFO: [ app_begin ] --END-- [ RunTime:0.028735s ]
INFO: [ view_parse ] --START--
INFO: Run Behavior\ParseTemplateBehavior [ RunTime:0.210892s ]
INFO: [ view_parse ] --END-- [ RunTime:0.210952s ]
INFO: [ view_filter ] --START--
INFO: Run Behavior\WriteHtmlCacheBehavior [ RunTime:0.012802s ]
INFO: [ view_filter ] --END-- [ RunTime:0.012865s ]
INFO: [ app_end ] --START--
INFO: Run Behavior\ShowPageTraceBehavior [ RunTime:0.011907s ]
INFO: [ app_end ] --END-- [ RunTime:0.011983s ]

