[ 2018-03-30T17:51:54+08:00 ] ::1 /likeplus/index.php/login
INFO: [ app_begin ] --START--
INFO: Run Behavior\ReadHtmlCacheBehavior [ RunTime:0.041323s ]
INFO: [ app_begin ] --END-- [ RunTime:0.071033s ]
INFO: [ view_parse ] --START--
INFO: Run Behavior\ParseTemplateBehavior [ RunTime:0.636260s ]
INFO: [ view_parse ] --END-- [ RunTime:0.636388s ]
INFO: [ view_filter ] --START--
INFO: Run Behavior\WriteHtmlCacheBehavior [ RunTime:0.031557s ]
INFO: [ view_filter ] --END-- [ RunTime:0.031637s ]
INFO: [ app_end ] --START--
INFO: Run Behavior\ShowPageTraceBehavior [ RunTime:0.028739s ]
INFO: [ app_end ] --END-- [ RunTime:0.028821s ]

[ 2018-03-30T17:52:16+08:00 ] ::1 /likeplus/index.php/Home/Login/login
INFO: [ app_begin ] --START--
INFO: Run Behavior\ReadHtmlCacheBehavior [ RunTime:0.000870s ]
INFO: [ app_begin ] --END-- [ RunTime:0.001524s ]
NOTIC: [8] Undefined index: name D:\amp\Apache24\htdocs\likeplus\Home\Controller\LoginController.class.php 第 12 行.
INFO: [ view_parse ] --START--
INFO: Run Behavior\ParseTemplateBehavior [ RunTime:0.132924s ]
INFO: [ view_parse ] --END-- [ RunTime:0.133009s ]
INFO: [ view_filter ] --START--
INFO: Run Behavior\WriteHtmlCacheBehavior [ RunTime:0.000514s ]
INFO: [ view_filter ] --END-- [ RunTime:0.000578s ]
INFO: [ app_end ] --START--
INFO: Run Behavior\ShowPageTraceBehavior [ RunTime:0.000787s ]
INFO: [ app_end ] --END-- [ RunTime:0.000849s ]

[ 2018-03-30T17:52:24+08:00 ] ::1 /likeplus/index.php/Home/Login/login
INFO: [ app_begin ] --START--
INFO: Run Behavior\ReadHtmlCacheBehavior [ RunTime:0.000822s ]
INFO: [ app_begin ] --END-- [ RunTime:0.001358s ]
SQL: SHOW COLUMNS FROM `lp_sales` [ RunTime:0.6141s ]
SQL: SELECT * FROM `lp_sales` WHERE `phone` = '13812345678' LIMIT 1   [ RunTime:0.3508s ]
SQL: SELECT * FROM `lp_sales` WHERE `phone` = '13812345678' AND `password` = '23c7afef8b222e4cf4979cc6ffa77f20' LIMIT 1   [ RunTime:0.6498s ]

[ 2018-03-30T17:52:28+08:00 ] ::1 /likeplus/index.php/manager/index/token/8d776fc7f34f5a03fcec604daa1cfe07/sale_id/1
INFO: [ app_begin ] --START--
INFO: Run Behavior\ReadHtmlCacheBehavior [ RunTime:0.000656s ]
INFO: [ app_begin ] --END-- [ RunTime:0.001134s ]
SQL: SHOW COLUMNS FROM `lp_sales` [ RunTime:0.6570s ]
SQL: SELECT * FROM `lp_sales` WHERE `auto_id` = 1 AND `role` = 1 LIMIT 1   [ RunTime:0.0522s ]
SQL: SHOW COLUMNS FROM `lp_ware_type` [ RunTime:0.2221s ]
SQL: SELECT * FROM `lp_ware_type`  [ RunTime:0.0207s ]
INFO: [ view_parse ] --START--
INFO: Run Behavior\ParseTemplateBehavior [ RunTime:1.079458s ]
INFO: [ view_parse ] --END-- [ RunTime:1.079574s ]
INFO: [ view_filter ] --START--
INFO: Run Behavior\WriteHtmlCacheBehavior [ RunTime:0.000800s ]
INFO: [ view_filter ] --END-- [ RunTime:0.000863s ]
INFO: [ app_end ] --START--
INFO: Run Behavior\ShowPageTraceBehavior [ RunTime:0.000799s ]
INFO: [ app_end ] --END-- [ RunTime:0.000869s ]

[ 2018-03-30T17:53:51+08:00 ] ::1 /likeplus/index.php/Home/Manager/upload?token=8d776fc7f34f5a03fcec604daa1cfe07&sale_id=1
INFO: [ app_begin ] --START--
INFO: Run Behavior\ReadHtmlCacheBehavior [ RunTime:0.000783s ]
INFO: [ app_begin ] --END-- [ RunTime:0.001315s ]
NOTIC: [2] call_user_func() expects parameter 1 to be a valid callback, no array or string given D:\amp\Apache24\htdocs\likeplus\ThinkPHP\Library\Think\Upload.class.php 第 170 行.
NOTIC: [2] strip_tags() expects parameter 1 to be string, array given D:\amp\Apache24\htdocs\likeplus\ThinkPHP\Library\Think\Upload.class.php 第 148 行.

[ 2018-03-30T17:56:25+08:00 ] ::1 /likeplus/index.php/login
INFO: [ app_begin ] --START--
INFO: Run Behavior\ReadHtmlCacheBehavior [ RunTime:0.001126s ]
INFO: [ app_begin ] --END-- [ RunTime:0.001787s ]
INFO: [ view_parse ] --START--
INFO: Run Behavior\ParseTemplateBehavior [ RunTime:0.015990s ]
INFO: [ view_parse ] --END-- [ RunTime:0.016079s ]
INFO: [ view_filter ] --START--
INFO: Run Behavior\WriteHtmlCacheBehavior [ RunTime:0.000781s ]
INFO: [ view_filter ] --END-- [ RunTime:0.000841s ]
INFO: [ app_end ] --START--
INFO: Run Behavior\ShowPageTraceBehavior [ RunTime:0.001102s ]
INFO: [ app_end ] --END-- [ RunTime:0.001167s ]

[ 2018-03-30T17:56:26+08:00 ] ::1 /likeplus/index.php/Home/Login/login
INFO: [ app_begin ] --START--
INFO: Run Behavior\ReadHtmlCacheBehavior [ RunTime:0.001030s ]
INFO: [ app_begin ] --END-- [ RunTime:0.001570s ]
NOTIC: [8] Undefined index: name D:\amp\Apache24\htdocs\likeplus\Home\Controller\LoginController.class.php 第 12 行.
INFO: [ view_parse ] --START--
INFO: Run Behavior\ParseTemplateBehavior [ RunTime:0.015637s ]
INFO: [ view_parse ] --END-- [ RunTime:0.015722s ]
INFO: [ view_filter ] --START--
INFO: Run Behavior\WriteHtmlCacheBehavior [ RunTime:0.000717s ]
INFO: [ view_filter ] --END-- [ RunTime:0.000774s ]
INFO: [ app_end ] --START--
INFO: Run Behavior\ShowPageTraceBehavior [ RunTime:0.000987s ]
INFO: [ app_end ] --END-- [ RunTime:0.001051s ]

[ 2018-03-30T17:56:28+08:00 ] ::1 /likeplus/index.php/Home/Login/login
INFO: [ app_begin ] --START--
INFO: Run Behavior\ReadHtmlCacheBehavior [ RunTime:0.001376s ]
INFO: [ app_begin ] --END-- [ RunTime:0.002200s ]
SQL: SHOW COLUMNS FROM `lp_sales` [ RunTime:0.0144s ]
SQL: SELECT * FROM `lp_sales` WHERE `phone` = '13812345678' LIMIT 1   [ RunTime:0.0162s ]
SQL: SELECT * FROM `lp_sales` WHERE `phone` = '13812345678' AND `password` = '23c7afef8b222e4cf4979cc6ffa77f20' LIMIT 1   [ RunTime:0.0650s ]

[ 2018-03-30T17:56:28+08:00 ] ::1 /likeplus/index.php/manager/index/token/8d776fc7f34f5a03fcec604daa1cfe07/sale_id/1
INFO: [ app_begin ] --START--
INFO: Run Behavior\ReadHtmlCacheBehavior [ RunTime:0.001042s ]
INFO: [ app_begin ] --END-- [ RunTime:0.001591s ]
SQL: SHOW COLUMNS FROM `lp_sales` [ RunTime:0.0203s ]
SQL: SELECT * FROM `lp_sales` WHERE `auto_id` = 1 AND `role` = 1 LIMIT 1   [ RunTime:0.0233s ]
SQL: SHOW COLUMNS FROM `lp_ware_type` [ RunTime:0.0145s ]
SQL: SELECT * FROM `lp_ware_type`  [ RunTime:0.0261s ]
INFO: [ view_parse ] --START--
INFO: Run Behavior\ParseTemplateBehavior [ RunTime:0.204715s ]
INFO: [ view_parse ] --END-- [ RunTime:0.204808s ]
INFO: [ view_filter ] --START--
INFO: Run Behavior\WriteHtmlCacheBehavior [ RunTime:0.000929s ]
INFO: [ view_filter ] --END-- [ RunTime:0.000996s ]
INFO: [ app_end ] --START--
INFO: Run Behavior\ShowPageTraceBehavior [ RunTime:0.000840s ]
INFO: [ app_end ] --END-- [ RunTime:0.000907s ]

[ 2018-03-30T17:56:44+08:00 ] ::1 /likeplus/index.php/Home/Manager/upload?token=8d776fc7f34f5a03fcec604daa1cfe07&sale_id=1
INFO: [ app_begin ] --START--
INFO: Run Behavior\ReadHtmlCacheBehavior [ RunTime:0.000850s ]
INFO: [ app_begin ] --END-- [ RunTime:0.001420s ]
NOTIC: [2] strip_tags() expects parameter 1 to be string, array given D:\amp\Apache24\htdocs\likeplus\ThinkPHP\Library\Think\Upload.class.php 第 148 行.
NOTIC: [2] strip_tags() expects parameter 1 to be string, array given D:\amp\Apache24\htdocs\likeplus\ThinkPHP\Library\Think\Upload.class.php 第 148 行.

