[ 2019-03-04T10:47:13+08:00 ] 127.0.0.1 /mjiang/index.php/Home/Manager/addshed
INFO: [ app_begin ] --START--
INFO: Run Behavior\ReadHtmlCacheBehavior [ RunTime:0.016606s ]
INFO: [ app_begin ] --END-- [ RunTime:0.044168s ]
NOTIC: [8] Undefined index: shed D:\amp\Apache24\htdocs\mjiang\Home\Controller\ManagerController.class.php 第 12 行.
NOTIC: [8] Undefined index: area D:\amp\Apache24\htdocs\mjiang\Home\Controller\ManagerController.class.php 第 13 行.
NOTIC: [8] Undefined index: fold D:\amp\Apache24\htdocs\mjiang\Home\Controller\ManagerController.class.php 第 14 行.
NOTIC: [8] Undefined index: worker1 D:\amp\Apache24\htdocs\mjiang\Home\Controller\ManagerController.class.php 第 16 行.
NOTIC: [8] Undefined index: worker2 D:\amp\Apache24\htdocs\mjiang\Home\Controller\ManagerController.class.php 第 17 行.
SQL: SHOW COLUMNS FROM `worker` [ RunTime:0.0161s ]
SQL: SELECT * FROM `worker` WHERE `psnid` = 1 AND `type` = 1  [ RunTime:0.0142s ]
SQL: SELECT * FROM `worker` WHERE `psnid` = 1 AND `type` = 2  [ RunTime:0.0158s ]
INFO: [ view_parse ] --START--
NOTIC: [8] Undefined index: token D:\amp\Apache24\htdocs\mjiang\Runtime\Cache\eca70cdbb2d534e55668bace32baf30d6a17bcbc.file.addshed.html.php 第 113 行.
NOTIC: [8] Trying to get property of non-object D:\amp\Apache24\htdocs\mjiang\Runtime\Cache\eca70cdbb2d534e55668bace32baf30d6a17bcbc.file.addshed.html.php 第 113 行.
NOTIC: [8] Undefined index: id D:\amp\Apache24\htdocs\mjiang\Runtime\Cache\eca70cdbb2d534e55668bace32baf30d6a17bcbc.file.addshed.html.php 第 114 行.
NOTIC: [8] Trying to get property of non-object D:\amp\Apache24\htdocs\mjiang\Runtime\Cache\eca70cdbb2d534e55668bace32baf30d6a17bcbc.file.addshed.html.php 第 114 行.
NOTIC: [8] Undefined index: token D:\amp\Apache24\htdocs\mjiang\Runtime\Cache\eca70cdbb2d534e55668bace32baf30d6a17bcbc.file.addshed.html.php 第 150 行.
NOTIC: [8] Trying to get property of non-object D:\amp\Apache24\htdocs\mjiang\Runtime\Cache\eca70cdbb2d534e55668bace32baf30d6a17bcbc.file.addshed.html.php 第 150 行.
NOTIC: [8] Undefined index: id D:\amp\Apache24\htdocs\mjiang\Runtime\Cache\eca70cdbb2d534e55668bace32baf30d6a17bcbc.file.addshed.html.php 第 151 行.
NOTIC: [8] Trying to get property of non-object D:\amp\Apache24\htdocs\mjiang\Runtime\Cache\eca70cdbb2d534e55668bace32baf30d6a17bcbc.file.addshed.html.php 第 151 行.
NOTIC: [8] Undefined index: token D:\amp\Apache24\htdocs\mjiang\Runtime\Cache\eca70cdbb2d534e55668bace32baf30d6a17bcbc.file.addshed.html.php 第 161 行.
NOTIC: [8] Trying to get property of non-object D:\amp\Apache24\htdocs\mjiang\Runtime\Cache\eca70cdbb2d534e55668bace32baf30d6a17bcbc.file.addshed.html.php 第 161 行.
NOTIC: [8] Undefined index: id D:\amp\Apache24\htdocs\mjiang\Runtime\Cache\eca70cdbb2d534e55668bace32baf30d6a17bcbc.file.addshed.html.php 第 162 行.
NOTIC: [8] Trying to get property of non-object D:\amp\Apache24\htdocs\mjiang\Runtime\Cache\eca70cdbb2d534e55668bace32baf30d6a17bcbc.file.addshed.html.php 第 162 行.
NOTIC: [8] Undefined index: token D:\amp\Apache24\htdocs\mjiang\Runtime\Cache\eca70cdbb2d534e55668bace32baf30d6a17bcbc.file.addshed.html.php 第 165 行.
NOTIC: [8] Trying to get property of non-object D:\amp\Apache24\htdocs\mjiang\Runtime\Cache\eca70cdbb2d534e55668bace32baf30d6a17bcbc.file.addshed.html.php 第 165 行.
NOTIC: [8] Undefined index: id D:\amp\Apache24\htdocs\mjiang\Runtime\Cache\eca70cdbb2d534e55668bace32baf30d6a17bcbc.file.addshed.html.php 第 166 行.
NOTIC: [8] Trying to get property of non-object D:\amp\Apache24\htdocs\mjiang\Runtime\Cache\eca70cdbb2d534e55668bace32baf30d6a17bcbc.file.addshed.html.php 第 166 行.
NOTIC: [8] Undefined index: token D:\amp\Apache24\htdocs\mjiang\Runtime\Cache\eca70cdbb2d534e55668bace32baf30d6a17bcbc.file.addshed.html.php 第 175 行.
NOTIC: [8] Trying to get property of non-object D:\amp\Apache24\htdocs\mjiang\Runtime\Cache\eca70cdbb2d534e55668bace32baf30d6a17bcbc.file.addshed.html.php 第 175 行.
NOTIC: [8] Undefined index: id D:\amp\Apache24\htdocs\mjiang\Runtime\Cache\eca70cdbb2d534e55668bace32baf30d6a17bcbc.file.addshed.html.php 第 176 行.
NOTIC: [8] Trying to get property of non-object D:\amp\Apache24\htdocs\mjiang\Runtime\Cache\eca70cdbb2d534e55668bace32baf30d6a17bcbc.file.addshed.html.php 第 176 行.
NOTIC: [8] Undefined index: token D:\amp\Apache24\htdocs\mjiang\Runtime\Cache\eca70cdbb2d534e55668bace32baf30d6a17bcbc.file.addshed.html.php 第 220 行.
NOTIC: [8] Trying to get property of non-object D:\amp\Apache24\htdocs\mjiang\Runtime\Cache\eca70cdbb2d534e55668bace32baf30d6a17bcbc.file.addshed.html.php 第 220 行.
NOTIC: [8] Undefined index: id D:\amp\Apache24\htdocs\mjiang\Runtime\Cache\eca70cdbb2d534e55668bace32baf30d6a17bcbc.file.addshed.html.php 第 221 行.
NOTIC: [8] Trying to get property of non-object D:\amp\Apache24\htdocs\mjiang\Runtime\Cache\eca70cdbb2d534e55668bace32baf30d6a17bcbc.file.addshed.html.php 第 221 行.
NOTIC: [8] Undefined index: token D:\amp\Apache24\htdocs\mjiang\Runtime\Cache\eca70cdbb2d534e55668bace32baf30d6a17bcbc.file.addshed.html.php 第 321 行.
NOTIC: [8] Trying to get property of non-object D:\amp\Apache24\htdocs\mjiang\Runtime\Cache\eca70cdbb2d534e55668bace32baf30d6a17bcbc.file.addshed.html.php 第 321 行.
NOTIC: [8] Undefined index: id D:\amp\Apache24\htdocs\mjiang\Runtime\Cache\eca70cdbb2d534e55668bace32baf30d6a17bcbc.file.addshed.html.php 第 322 行.
NOTIC: [8] Trying to get property of non-object D:\amp\Apache24\htdocs\mjiang\Runtime\Cache\eca70cdbb2d534e55668bace32baf30d6a17bcbc.file.addshed.html.php 第 322 行.
INFO: Run Behavior\ParseTemplateBehavior [ RunTime:0.345649s ]
INFO: [ view_parse ] --END-- [ RunTime:0.345709s ]
INFO: [ view_filter ] --START--
INFO: Run Behavior\WriteHtmlCacheBehavior [ RunTime:0.018413s ]
INFO: [ view_filter ] --END-- [ RunTime:0.018472s ]
INFO: [ app_end ] --START--
INFO: Run Behavior\ShowPageTraceBehavior [ RunTime:0.026001s ]
INFO: [ app_end ] --END-- [ RunTime:0.026086s ]

[ 2019-03-04T10:47:22+08:00 ] 127.0.0.1 /mjiang/index.php/manager/index/token/bd1ccf3d40fc6cabceef4179a6d01936/userid/18
INFO: [ app_begin ] --START--
INFO: Run Behavior\ReadHtmlCacheBehavior [ RunTime:0.000453s ]
INFO: [ app_begin ] --END-- [ RunTime:0.000741s ]
SQL: SHOW COLUMNS FROM `anltype` [ RunTime:0.3484s ]
SQL: SELECT * FROM `anltype`  [ RunTime:0.0143s ]
SQL: SHOW COLUMNS FROM `anlkind` [ RunTime:0.0314s ]
SQL: SELECT * FROM `anlkind`  [ RunTime:0.0120s ]
SQL: SHOW COLUMNS FROM `entertype` [ RunTime:0.0251s ]
SQL: SELECT * FROM `entertype`  [ RunTime:0.0161s ]
SQL: SHOW COLUMNS FROM `field` [ RunTime:0.0148s ]
SQL: SELECT * FROM `field` WHERE `psnid` = 1  [ RunTime:0.0323s ]
SQL: SHOW COLUMNS FROM `worker` [ RunTime:0.0158s ]
SQL: SELECT * FROM `worker` WHERE `id` = 1 AND `psnid` = 1 LIMIT 1   [ RunTime:0.0066s ]
SQL: SELECT * FROM `worker` WHERE `id` = 2 AND `psnid` = 1 LIMIT 1   [ RunTime:0.0052s ]
SQL: SELECT * FROM `worker` WHERE `id` = 0 AND `psnid` = 1 LIMIT 1   [ RunTime:0.0033s ]
SQL: SELECT * FROM `worker` WHERE `id` = 3 AND `psnid` = 1 LIMIT 1   [ RunTime:0.0093s ]
SQL: SELECT * FROM `worker` WHERE `id` = 4 AND `psnid` = 1 LIMIT 1   [ RunTime:0.0059s ]
SQL: SELECT * FROM `worker` WHERE `id` = 0 AND `psnid` = 1 LIMIT 1   [ RunTime:0.0175s ]
INFO: [ view_parse ] --START--
INFO: Run Behavior\ParseTemplateBehavior [ RunTime:0.103688s ]
INFO: [ view_parse ] --END-- [ RunTime:0.103736s ]
INFO: [ view_filter ] --START--
INFO: Run Behavior\WriteHtmlCacheBehavior [ RunTime:0.000433s ]
INFO: [ view_filter ] --END-- [ RunTime:0.000471s ]
INFO: [ app_end ] --START--
INFO: Run Behavior\ShowPageTraceBehavior [ RunTime:0.000594s ]
INFO: [ app_end ] --END-- [ RunTime:0.000640s ]

[ 2019-03-04T13:23:27+08:00 ] 127.0.0.1 /mjiang/index.php/manager/index/token/bd1ccf3d40fc6cabceef4179a6d01936/userid/18
INFO: [ app_begin ] --START--
INFO: Run Behavior\ReadHtmlCacheBehavior [ RunTime:0.000555s ]
INFO: [ app_begin ] --END-- [ RunTime:0.000921s ]
SQL: SHOW COLUMNS FROM `anltype` [ RunTime:0.0256s ]
SQL: SELECT * FROM `anltype`  [ RunTime:0.0328s ]
SQL: SHOW COLUMNS FROM `anlkind` [ RunTime:0.0166s ]
SQL: SELECT * FROM `anlkind`  [ RunTime:0.0119s ]
SQL: SHOW COLUMNS FROM `entertype` [ RunTime:0.0398s ]
SQL: SELECT * FROM `entertype`  [ RunTime:0.0213s ]
SQL: SHOW COLUMNS FROM `field` [ RunTime:0.0330s ]
SQL: SELECT * FROM `field` WHERE `psnid` = 1  [ RunTime:0.0465s ]
SQL: SHOW COLUMNS FROM `worker` [ RunTime:0.0404s ]
SQL: SELECT * FROM `worker` WHERE `id` = 1 AND `psnid` = 1 LIMIT 1   [ RunTime:0.1047s ]
SQL: SELECT * FROM `worker` WHERE `id` = 2 AND `psnid` = 1 LIMIT 1   [ RunTime:0.0197s ]
SQL: SELECT * FROM `worker` WHERE `id` = 0 AND `psnid` = 1 LIMIT 1   [ RunTime:0.0107s ]
SQL: SELECT * FROM `worker` WHERE `id` = 3 AND `psnid` = 1 LIMIT 1   [ RunTime:0.0256s ]
SQL: SELECT * FROM `worker` WHERE `id` = 4 AND `psnid` = 1 LIMIT 1   [ RunTime:0.0091s ]
SQL: SELECT * FROM `worker` WHERE `id` = 0 AND `psnid` = 1 LIMIT 1   [ RunTime:0.0206s ]
INFO: [ view_parse ] --START--
INFO: Run Behavior\ParseTemplateBehavior [ RunTime:0.575549s ]
INFO: [ view_parse ] --END-- [ RunTime:0.575635s ]
INFO: [ view_filter ] --START--
INFO: Run Behavior\WriteHtmlCacheBehavior [ RunTime:0.000478s ]
INFO: [ view_filter ] --END-- [ RunTime:0.000507s ]
INFO: [ app_end ] --START--
INFO: Run Behavior\ShowPageTraceBehavior [ RunTime:0.000542s ]
INFO: [ app_end ] --END-- [ RunTime:0.000598s ]

[ 2019-03-04T13:29:37+08:00 ] 127.0.0.1 /mjiang/index.php/manager/index/token/bd1ccf3d40fc6cabceef4179a6d01936/userid/18
INFO: [ app_begin ] --START--
INFO: Run Behavior\ReadHtmlCacheBehavior [ RunTime:0.000536s ]
INFO: [ app_begin ] --END-- [ RunTime:0.000920s ]
SQL: SHOW COLUMNS FROM `anltype` [ RunTime:0.0488s ]
SQL: SELECT * FROM `anltype`  [ RunTime:0.0450s ]
SQL: SHOW COLUMNS FROM `anlkind` [ RunTime:0.1116s ]
SQL: SELECT * FROM `anlkind`  [ RunTime:0.0328s ]
SQL: SHOW COLUMNS FROM `entertype` [ RunTime:0.0202s ]
SQL: SELECT * FROM `entertype`  [ RunTime:0.0047s ]
SQL: SHOW COLUMNS FROM `field` [ RunTime:0.0217s ]
SQL: SELECT * FROM `field` WHERE `psnid` = 1  [ RunTime:0.0268s ]
SQL: SHOW COLUMNS FROM `worker` [ RunTime:0.0457s ]
SQL: SELECT * FROM `worker` WHERE `id` = 1 AND `psnid` = 1 LIMIT 1   [ RunTime:0.0467s ]
SQL: SELECT * FROM `worker` WHERE `id` = 2 AND `psnid` = 1 LIMIT 1   [ RunTime:0.0326s ]
SQL: SELECT * FROM `worker` WHERE `id` = 0 AND `psnid` = 1 LIMIT 1   [ RunTime:0.0164s ]
SQL: SELECT * FROM `worker` WHERE `id` = 3 AND `psnid` = 1 LIMIT 1   [ RunTime:0.0261s ]
SQL: SELECT * FROM `worker` WHERE `id` = 4 AND `psnid` = 1 LIMIT 1   [ RunTime:0.0125s ]
SQL: SELECT * FROM `worker` WHERE `id` = 0 AND `psnid` = 1 LIMIT 1   [ RunTime:0.0055s ]
INFO: [ view_parse ] --START--
INFO: Run Behavior\ParseTemplateBehavior [ RunTime:0.174339s ]
INFO: [ view_parse ] --END-- [ RunTime:0.174395s ]
INFO: [ view_filter ] --START--
INFO: Run Behavior\WriteHtmlCacheBehavior [ RunTime:0.000507s ]
INFO: [ view_filter ] --END-- [ RunTime:0.000535s ]
INFO: [ app_end ] --START--
INFO: Run Behavior\ShowPageTraceBehavior [ RunTime:0.000554s ]
INFO: [ app_end ] --END-- [ RunTime:0.000597s ]

[ 2019-03-04T13:35:32+08:00 ] 127.0.0.1 /mjiang/index.php/manager/index/token/bd1ccf3d40fc6cabceef4179a6d01936/userid/18
INFO: [ app_begin ] --START--
INFO: Run Behavior\ReadHtmlCacheBehavior [ RunTime:0.000589s ]
INFO: [ app_begin ] --END-- [ RunTime:0.000967s ]
SQL: SHOW COLUMNS FROM `anltype` [ RunTime:0.0359s ]
SQL: SELECT * FROM `anltype`  [ RunTime:0.0112s ]
SQL: SHOW COLUMNS FROM `anlkind` [ RunTime:0.0272s ]
SQL: SELECT * FROM `anlkind`  [ RunTime:0.0191s ]
SQL: SHOW COLUMNS FROM `entertype` [ RunTime:0.0356s ]
SQL: SELECT * FROM `entertype`  [ RunTime:0.0185s ]
SQL: SHOW COLUMNS FROM `field` [ RunTime:0.0475s ]
SQL: SELECT * FROM `field` WHERE `psnid` = 1  [ RunTime:0.0147s ]
SQL: SHOW COLUMNS FROM `worker` [ RunTime:0.0318s ]
SQL: SELECT * FROM `worker` WHERE `id` = 1 AND `psnid` = 1 LIMIT 1   [ RunTime:0.0059s ]
SQL: SELECT * FROM `worker` WHERE `id` = 2 AND `psnid` = 1 LIMIT 1   [ RunTime:0.0100s ]
SQL: SELECT * FROM `worker` WHERE `id` = 0 AND `psnid` = 1 LIMIT 1   [ RunTime:0.0073s ]
SQL: SELECT * FROM `worker` WHERE `id` = 3 AND `psnid` = 1 LIMIT 1   [ RunTime:0.0045s ]
SQL: SELECT * FROM `worker` WHERE `id` = 4 AND `psnid` = 1 LIMIT 1   [ RunTime:0.0052s ]
SQL: SELECT * FROM `worker` WHERE `id` = 0 AND `psnid` = 1 LIMIT 1   [ RunTime:0.0038s ]
INFO: [ view_parse ] --START--
INFO: Run Behavior\ParseTemplateBehavior [ RunTime:0.168565s ]
INFO: [ view_parse ] --END-- [ RunTime:0.168644s ]
INFO: [ view_filter ] --START--
INFO: Run Behavior\WriteHtmlCacheBehavior [ RunTime:0.000584s ]
INFO: [ view_filter ] --END-- [ RunTime:0.000628s ]
INFO: [ app_end ] --START--
INFO: Run Behavior\ShowPageTraceBehavior [ RunTime:0.000865s ]
INFO: [ app_end ] --END-- [ RunTime:0.000922s ]

[ 2019-03-04T13:37:04+08:00 ] 127.0.0.1 /mjiang/index.php/manager/index/token/bd1ccf3d40fc6cabceef4179a6d01936/userid/18
INFO: [ app_begin ] --START--
INFO: Run Behavior\ReadHtmlCacheBehavior [ RunTime:0.000613s ]
INFO: [ app_begin ] --END-- [ RunTime:0.001024s ]
SQL: SHOW COLUMNS FROM `anltype` [ RunTime:0.0156s ]
SQL: SELECT * FROM `anltype`  [ RunTime:0.0084s ]
SQL: SHOW COLUMNS FROM `anlkind` [ RunTime:0.0116s ]
SQL: SELECT * FROM `anlkind`  [ RunTime:0.0150s ]
SQL: SHOW COLUMNS FROM `entertype` [ RunTime:0.3215s ]
SQL: SELECT * FROM `entertype`  [ RunTime:0.0172s ]
SQL: SHOW COLUMNS FROM `field` [ RunTime:0.0166s ]
SQL: SELECT * FROM `field` WHERE `psnid` = 1  [ RunTime:0.0058s ]
SQL: SHOW COLUMNS FROM `worker` [ RunTime:0.0140s ]
SQL: SELECT * FROM `worker` WHERE `id` = 1 AND `psnid` = 1 LIMIT 1   [ RunTime:0.0112s ]
SQL: SELECT * FROM `worker` WHERE `id` = 2 AND `psnid` = 1 LIMIT 1   [ RunTime:0.0078s ]
SQL: SELECT * FROM `worker` WHERE `id` = 0 AND `psnid` = 1 LIMIT 1   [ RunTime:0.0134s ]
SQL: SELECT * FROM `worker` WHERE `id` = 3 AND `psnid` = 1 LIMIT 1   [ RunTime:0.0078s ]
SQL: SELECT * FROM `worker` WHERE `id` = 4 AND `psnid` = 1 LIMIT 1   [ RunTime:0.0058s ]
SQL: SELECT * FROM `worker` WHERE `id` = 0 AND `psnid` = 1 LIMIT 1   [ RunTime:0.0051s ]
INFO: [ view_parse ] --START--
INFO: Run Behavior\ParseTemplateBehavior [ RunTime:0.176521s ]
INFO: [ view_parse ] --END-- [ RunTime:0.176615s ]
INFO: [ view_filter ] --START--
INFO: Run Behavior\WriteHtmlCacheBehavior [ RunTime:0.000580s ]
INFO: [ view_filter ] --END-- [ RunTime:0.000615s ]
INFO: [ app_end ] --START--
INFO: Run Behavior\ShowPageTraceBehavior [ RunTime:0.000565s ]
INFO: [ app_end ] --END-- [ RunTime:0.000614s ]

[ 2019-03-04T14:06:43+08:00 ] 127.0.0.1 /mjiang/index.php/manager/index/token/bd1ccf3d40fc6cabceef4179a6d01936/userid/18
INFO: [ app_begin ] --START--
INFO: Run Behavior\ReadHtmlCacheBehavior [ RunTime:0.000511s ]
INFO: [ app_begin ] --END-- [ RunTime:0.000841s ]
SQL: SHOW COLUMNS FROM `anltype` [ RunTime:0.0228s ]
SQL: SELECT * FROM `anltype`  [ RunTime:0.0868s ]
SQL: SHOW COLUMNS FROM `anlkind` [ RunTime:0.0397s ]
SQL: SELECT * FROM `anlkind`  [ RunTime:0.0284s ]
SQL: SHOW COLUMNS FROM `entertype` [ RunTime:0.0364s ]
SQL: SELECT * FROM `entertype`  [ RunTime:0.0388s ]
SQL: SHOW COLUMNS FROM `field` [ RunTime:0.0231s ]
SQL: SELECT * FROM `field` WHERE `psnid` = 1  [ RunTime:0.0153s ]
SQL: SHOW COLUMNS FROM `worker` [ RunTime:0.0390s ]
SQL: SELECT * FROM `worker` WHERE `id` = 1 AND `psnid` = 1 LIMIT 1   [ RunTime:0.0140s ]
SQL: SELECT * FROM `worker` WHERE `id` = 2 AND `psnid` = 1 LIMIT 1   [ RunTime:0.0217s ]
SQL: SELECT * FROM `worker` WHERE `id` = 0 AND `psnid` = 1 LIMIT 1   [ RunTime:0.0355s ]
SQL: SELECT * FROM `worker` WHERE `id` = 3 AND `psnid` = 1 LIMIT 1   [ RunTime:0.0270s ]
SQL: SELECT * FROM `worker` WHERE `id` = 4 AND `psnid` = 1 LIMIT 1   [ RunTime:0.0213s ]
SQL: SELECT * FROM `worker` WHERE `id` = 0 AND `psnid` = 1 LIMIT 1   [ RunTime:0.0246s ]
INFO: [ view_parse ] --START--
INFO: Run Behavior\ParseTemplateBehavior [ RunTime:0.175762s ]
INFO: [ view_parse ] --END-- [ RunTime:0.175838s ]
INFO: [ view_filter ] --START--
INFO: Run Behavior\WriteHtmlCacheBehavior [ RunTime:0.000455s ]
INFO: [ view_filter ] --END-- [ RunTime:0.000483s ]
INFO: [ app_end ] --START--
INFO: Run Behavior\ShowPageTraceBehavior [ RunTime:0.000619s ]
INFO: [ app_end ] --END-- [ RunTime:0.000671s ]

[ 2019-03-04T14:13:38+08:00 ] 127.0.0.1 /mjiang/index.php/manager/index/token/bd1ccf3d40fc6cabceef4179a6d01936/userid/18?sn=36&id=21&sex=1&kind=1&type=1&shedid=2&area=1&worker1=%E6%9D%8E%E5%88%9A&worker2=%E7%8E%8B%E5%BC%BA&date=&type=1&date=&pic_url=&info=
INFO: [ app_begin ] --START--
INFO: Run Behavior\ReadHtmlCacheBehavior [ RunTime:0.000500s ]
INFO: [ app_begin ] --END-- [ RunTime:0.000804s ]
SQL: SHOW COLUMNS FROM `anltype` [ RunTime:0.0217s ]
SQL: SELECT * FROM `anltype`  [ RunTime:0.0372s ]
SQL: SHOW COLUMNS FROM `anlkind` [ RunTime:0.0282s ]
SQL: SELECT * FROM `anlkind`  [ RunTime:0.0708s ]
SQL: SHOW COLUMNS FROM `entertype` [ RunTime:0.1188s ]
SQL: SELECT * FROM `entertype`  [ RunTime:0.0097s ]
SQL: SHOW COLUMNS FROM `field` [ RunTime:0.0387s ]
SQL: SELECT * FROM `field` WHERE `psnid` = 1  [ RunTime:0.0129s ]
SQL: SHOW COLUMNS FROM `worker` [ RunTime:0.0271s ]
SQL: SELECT * FROM `worker` WHERE `id` = 1 AND `psnid` = 1 LIMIT 1   [ RunTime:0.0043s ]
SQL: SELECT * FROM `worker` WHERE `id` = 2 AND `psnid` = 1 LIMIT 1   [ RunTime:0.0057s ]
SQL: SELECT * FROM `worker` WHERE `id` = 0 AND `psnid` = 1 LIMIT 1   [ RunTime:0.0044s ]
SQL: SELECT * FROM `worker` WHERE `id` = 3 AND `psnid` = 1 LIMIT 1   [ RunTime:0.0039s ]
SQL: SELECT * FROM `worker` WHERE `id` = 4 AND `psnid` = 1 LIMIT 1   [ RunTime:0.0044s ]
SQL: SELECT * FROM `worker` WHERE `id` = 0 AND `psnid` = 1 LIMIT 1   [ RunTime:0.0061s ]
INFO: [ view_parse ] --START--
INFO: Run Behavior\ParseTemplateBehavior [ RunTime:0.032864s ]
INFO: [ view_parse ] --END-- [ RunTime:0.032966s ]
INFO: [ view_filter ] --START--
INFO: Run Behavior\WriteHtmlCacheBehavior [ RunTime:0.000395s ]
INFO: [ view_filter ] --END-- [ RunTime:0.000437s ]
INFO: [ app_end ] --START--
INFO: Run Behavior\ShowPageTraceBehavior [ RunTime:0.000635s ]
INFO: [ app_end ] --END-- [ RunTime:0.000685s ]

[ 2019-03-04T14:46:12+08:00 ] 127.0.0.1 /mjiang/index.php/manager/index/token/bd1ccf3d40fc6cabceef4179a6d01936/userid/18?sn=36&id=21&sex=1&kind=1&type=1&shedid=2&area=1&worker1=%E6%9D%8E%E5%88%9A&worker2=%E7%8E%8B%E5%BC%BA&date=&type=1&date=&pic_url=&info=
INFO: [ app_begin ] --START--
INFO: Run Behavior\ReadHtmlCacheBehavior [ RunTime:0.000576s ]
INFO: [ app_begin ] --END-- [ RunTime:0.000943s ]
NOTIC: [8] Undefined index: sn D:\amp\Apache24\htdocs\mjiang\Home\Controller\ManagerController.class.php 第 79 行.
SQL: SHOW COLUMNS FROM `anltype` [ RunTime:0.0133s ]
SQL: SELECT * FROM `anltype`  [ RunTime:0.0070s ]
SQL: SHOW COLUMNS FROM `anlkind` [ RunTime:0.0111s ]
SQL: SELECT * FROM `anlkind`  [ RunTime:0.0106s ]
SQL: SHOW COLUMNS FROM `entertype` [ RunTime:0.0156s ]
SQL: SELECT * FROM `entertype`  [ RunTime:0.0065s ]
SQL: SHOW COLUMNS FROM `field` [ RunTime:0.0118s ]
SQL: SELECT * FROM `field` WHERE `psnid` = 1  [ RunTime:0.0151s ]
SQL: SHOW COLUMNS FROM `worker` [ RunTime:0.0231s ]
SQL: SELECT * FROM `worker` WHERE `id` = 1 AND `psnid` = 1 LIMIT 1   [ RunTime:0.0159s ]
SQL: SELECT * FROM `worker` WHERE `id` = 2 AND `psnid` = 1 LIMIT 1   [ RunTime:0.0179s ]
SQL: SELECT * FROM `worker` WHERE `id` = 0 AND `psnid` = 1 LIMIT 1   [ RunTime:0.0231s ]
SQL: SELECT * FROM `worker` WHERE `id` = 3 AND `psnid` = 1 LIMIT 1   [ RunTime:0.0208s ]
SQL: SELECT * FROM `worker` WHERE `id` = 4 AND `psnid` = 1 LIMIT 1   [ RunTime:0.0148s ]
SQL: SELECT * FROM `worker` WHERE `id` = 0 AND `psnid` = 1 LIMIT 1   [ RunTime:0.0180s ]
INFO: [ view_parse ] --START--
INFO: Run Behavior\ParseTemplateBehavior [ RunTime:0.012109s ]
INFO: [ view_parse ] --END-- [ RunTime:0.012168s ]
INFO: [ view_filter ] --START--
INFO: Run Behavior\WriteHtmlCacheBehavior [ RunTime:0.000358s ]
INFO: [ view_filter ] --END-- [ RunTime:0.000395s ]
INFO: [ app_end ] --START--
INFO: Run Behavior\ShowPageTraceBehavior [ RunTime:0.000570s ]
INFO: [ app_end ] --END-- [ RunTime:0.000618s ]

[ 2019-03-04T14:50:50+08:00 ] 127.0.0.1 /mjiang/index.php/manager/index/token/bd1ccf3d40fc6cabceef4179a6d01936/userid/18?sn=36&id=&sex=1&kind=1&type=1&shedid=2&area=1&worker1=%E6%9D%8E%E5%88%9A&worker2=%E7%8E%8B%E5%BC%BA&date=&type=1&date=&pic_url=&info=
INFO: [ app_begin ] --START--
INFO: Run Behavior\ReadHtmlCacheBehavior [ RunTime:0.000553s ]
INFO: [ app_begin ] --END-- [ RunTime:0.000913s ]
NOTIC: [8] Undefined index: sn D:\amp\Apache24\htdocs\mjiang\Home\Controller\ManagerController.class.php 第 79 行.
SQL: SHOW COLUMNS FROM `anltype` [ RunTime:0.0143s ]
SQL: SELECT * FROM `anltype`  [ RunTime:0.0053s ]
SQL: SHOW COLUMNS FROM `anlkind` [ RunTime:0.0144s ]
SQL: SELECT * FROM `anlkind`  [ RunTime:0.0385s ]
SQL: SHOW COLUMNS FROM `entertype` [ RunTime:0.0159s ]
SQL: SELECT * FROM `entertype`  [ RunTime:0.0058s ]
SQL: SHOW COLUMNS FROM `field` [ RunTime:0.0176s ]
SQL: SELECT * FROM `field` WHERE `psnid` = 1  [ RunTime:0.0063s ]
SQL: SHOW COLUMNS FROM `worker` [ RunTime:0.0253s ]
SQL: SELECT * FROM `worker` WHERE `id` = 1 AND `psnid` = 1 LIMIT 1   [ RunTime:0.0139s ]
SQL: SELECT * FROM `worker` WHERE `id` = 2 AND `psnid` = 1 LIMIT 1   [ RunTime:0.0159s ]
SQL: SELECT * FROM `worker` WHERE `id` = 0 AND `psnid` = 1 LIMIT 1   [ RunTime:0.0383s ]
SQL: SELECT * FROM `worker` WHERE `id` = 3 AND `psnid` = 1 LIMIT 1   [ RunTime:0.0029s ]
SQL: SELECT * FROM `worker` WHERE `id` = 4 AND `psnid` = 1 LIMIT 1   [ RunTime:0.0039s ]
SQL: SELECT * FROM `worker` WHERE `id` = 0 AND `psnid` = 1 LIMIT 1   [ RunTime:0.0075s ]
INFO: [ view_parse ] --START--
INFO: Run Behavior\ParseTemplateBehavior [ RunTime:0.008644s ]
INFO: [ view_parse ] --END-- [ RunTime:0.008702s ]
INFO: [ view_filter ] --START--
INFO: Run Behavior\WriteHtmlCacheBehavior [ RunTime:0.000307s ]
INFO: [ view_filter ] --END-- [ RunTime:0.000343s ]
INFO: [ app_end ] --START--
INFO: Run Behavior\ShowPageTraceBehavior [ RunTime:0.000596s ]
INFO: [ app_end ] --END-- [ RunTime:0.000638s ]

[ 2019-03-04T14:52:23+08:00 ] 127.0.0.1 /mjiang/index.php/manager/index/token/bd1ccf3d40fc6cabceef4179a6d01936/userid/18?sn=36&id=&sex=1&kind=1&type=1&shedid=2&area=1&worker1=%E6%9D%8E%E5%88%9A&worker2=%E7%8E%8B%E5%BC%BA&date=&type=1&date=&pic_url=&info=
INFO: [ app_begin ] --START--
INFO: Run Behavior\ReadHtmlCacheBehavior [ RunTime:0.000588s ]
INFO: [ app_begin ] --END-- [ RunTime:0.000953s ]
NOTIC: [8] Undefined index: sn D:\amp\Apache24\htdocs\mjiang\Home\Controller\ManagerController.class.php 第 79 行.
SQL: SHOW COLUMNS FROM `anltype` [ RunTime:0.0113s ]
SQL: SELECT * FROM `anltype`  [ RunTime:0.0116s ]
SQL: SHOW COLUMNS FROM `anlkind` [ RunTime:0.0126s ]
SQL: SELECT * FROM `anlkind`  [ RunTime:0.0025s ]
SQL: SHOW COLUMNS FROM `entertype` [ RunTime:0.0100s ]
SQL: SELECT * FROM `entertype`  [ RunTime:0.0028s ]
SQL: SHOW COLUMNS FROM `field` [ RunTime:0.0150s ]
SQL: SELECT * FROM `field` WHERE `psnid` = 1  [ RunTime:0.0050s ]
SQL: SHOW COLUMNS FROM `worker` [ RunTime:0.0173s ]
SQL: SELECT * FROM `worker` WHERE `id` = 1 AND `psnid` = 1 LIMIT 1   [ RunTime:0.0087s ]
SQL: SELECT * FROM `worker` WHERE `id` = 2 AND `psnid` = 1 LIMIT 1   [ RunTime:0.0145s ]
SQL: SELECT * FROM `worker` WHERE `id` = 0 AND `psnid` = 1 LIMIT 1   [ RunTime:0.0028s ]
SQL: SELECT * FROM `worker` WHERE `id` = 3 AND `psnid` = 1 LIMIT 1   [ RunTime:0.0132s ]
SQL: SELECT * FROM `worker` WHERE `id` = 4 AND `psnid` = 1 LIMIT 1   [ RunTime:0.0216s ]
SQL: SELECT * FROM `worker` WHERE `id` = 0 AND `psnid` = 1 LIMIT 1   [ RunTime:0.0037s ]
INFO: [ view_parse ] --START--
INFO: Run Behavior\ParseTemplateBehavior [ RunTime:0.151372s ]
INFO: [ view_parse ] --END-- [ RunTime:0.151424s ]
INFO: [ view_filter ] --START--
INFO: Run Behavior\WriteHtmlCacheBehavior [ RunTime:0.000487s ]
INFO: [ view_filter ] --END-- [ RunTime:0.000516s ]
INFO: [ app_end ] --START--
INFO: Run Behavior\ShowPageTraceBehavior [ RunTime:0.000521s ]
INFO: [ app_end ] --END-- [ RunTime:0.000567s ]

[ 2019-03-04T14:54:05+08:00 ] 127.0.0.1 /mjiang/index.php/Home/Manager/index?token=bd1ccf3d40fc6cabceef4179a6d01936&sale_id=18
INFO: [ app_begin ] --START--
INFO: Run Behavior\ReadHtmlCacheBehavior [ RunTime:0.000556s ]
INFO: [ app_begin ] --END-- [ RunTime:0.000935s ]
NOTIC: [8] Undefined index: userid D:\amp\Apache24\htdocs\mjiang\Home\Controller\ManagerController.class.php 第 55 行.

[ 2019-03-04T15:00:39+08:00 ] 127.0.0.1 /mjiang/index.php/manager/index/token/bd1ccf3d40fc6cabceef4179a6d01936/userid/18?sn=36&id=&sex=1&kind=1&type=1&shedid=2&area=1&worker1=%E6%9D%8E%E5%88%9A&worker2=%E7%8E%8B%E5%BC%BA&date=&type=1&date=&pic_url=&info=
INFO: [ app_begin ] --START--
INFO: Run Behavior\ReadHtmlCacheBehavior [ RunTime:0.000495s ]
INFO: [ app_begin ] --END-- [ RunTime:0.000776s ]
SQL: SHOW COLUMNS FROM `anltype` [ RunTime:0.0130s ]
SQL: SELECT * FROM `anltype`  [ RunTime:0.0040s ]
SQL: SHOW COLUMNS FROM `anlkind` [ RunTime:0.0227s ]
SQL: SELECT * FROM `anlkind`  [ RunTime:0.0036s ]
SQL: SHOW COLUMNS FROM `entertype` [ RunTime:0.0454s ]
SQL: SELECT * FROM `entertype`  [ RunTime:0.0303s ]
SQL: SHOW COLUMNS FROM `field` [ RunTime:0.0174s ]
SQL: SELECT * FROM `field` WHERE `psnid` = 1  [ RunTime:0.0047s ]
SQL: SHOW COLUMNS FROM `worker` [ RunTime:0.0297s ]
SQL: SELECT * FROM `worker` WHERE `id` = 1 AND `psnid` = 1 LIMIT 1   [ RunTime:0.0853s ]
SQL: SELECT * FROM `worker` WHERE `id` = 2 AND `psnid` = 1 LIMIT 1   [ RunTime:0.0057s ]
SQL: SELECT * FROM `worker` WHERE `id` = 0 AND `psnid` = 1 LIMIT 1   [ RunTime:0.0038s ]
SQL: SELECT * FROM `worker` WHERE `id` = 3 AND `psnid` = 1 LIMIT 1   [ RunTime:0.0039s ]
SQL: SELECT * FROM `worker` WHERE `id` = 4 AND `psnid` = 1 LIMIT 1   [ RunTime:0.0113s ]
SQL: SELECT * FROM `worker` WHERE `id` = 0 AND `psnid` = 1 LIMIT 1   [ RunTime:0.0120s ]
INFO: [ view_parse ] --START--
INFO: Run Behavior\ParseTemplateBehavior [ RunTime:0.179125s ]
INFO: [ view_parse ] --END-- [ RunTime:0.179213s ]
INFO: [ view_filter ] --START--
INFO: Run Behavior\WriteHtmlCacheBehavior [ RunTime:0.000637s ]
INFO: [ view_filter ] --END-- [ RunTime:0.000669s ]
INFO: [ app_end ] --START--
INFO: Run Behavior\ShowPageTraceBehavior [ RunTime:0.000833s ]
INFO: [ app_end ] --END-- [ RunTime:0.000896s ]

[ 2019-03-04T15:06:30+08:00 ] 127.0.0.1 /mjiang/index.php/Home/Manager/upload?token=bd1ccf3d40fc6cabceef4179a6d01936&userid=18
INFO: [ app_begin ] --START--
INFO: Run Behavior\ReadHtmlCacheBehavior [ RunTime:0.000612s ]
INFO: [ app_begin ] --END-- [ RunTime:0.001041s ]
NOTIC: [8] Undefined index: pic_path D:\amp\Apache24\htdocs\mjiang\Home\Controller\ManagerController.class.php 第 144 行.

[ 2019-03-04T15:07:04+08:00 ] 127.0.0.1 /mjiang/index.php/Home/Manager/upload?token=bd1ccf3d40fc6cabceef4179a6d01936&userid=18
INFO: [ app_begin ] --START--
INFO: Run Behavior\ReadHtmlCacheBehavior [ RunTime:0.000561s ]
INFO: [ app_begin ] --END-- [ RunTime:0.000959s ]
NOTIC: [8] Undefined index: pic_path D:\amp\Apache24\htdocs\mjiang\Home\Controller\ManagerController.class.php 第 144 行.

[ 2019-03-04T15:09:56+08:00 ] 127.0.0.1 /mjiang/index.php/Home/Manager/upload?token=bd1ccf3d40fc6cabceef4179a6d01936&userid=18
INFO: [ app_begin ] --START--
INFO: Run Behavior\ReadHtmlCacheBehavior [ RunTime:0.000589s ]
INFO: [ app_begin ] --END-- [ RunTime:0.000994s ]
NOTIC: [8] Undefined index: pic_path D:\amp\Apache24\htdocs\mjiang\Home\Controller\ManagerController.class.php 第 144 行.

[ 2019-03-04T15:21:43+08:00 ] 127.0.0.1 /mjiang/index.php/Home/Manager/upload?token=bd1ccf3d40fc6cabceef4179a6d01936&userid=18
INFO: [ app_begin ] --START--
INFO: Run Behavior\ReadHtmlCacheBehavior [ RunTime:0.000583s ]
INFO: [ app_begin ] --END-- [ RunTime:0.000954s ]
NOTIC: [8] Undefined index: pic_path D:\amp\Apache24\htdocs\mjiang\Home\Controller\ManagerController.class.php 第 144 行.

[ 2019-03-04T15:21:59+08:00 ] 127.0.0.1 /mjiang/index.php/manager/index/token/bd1ccf3d40fc6cabceef4179a6d01936/userid/18
INFO: [ app_begin ] --START--
INFO: Run Behavior\ReadHtmlCacheBehavior [ RunTime:0.000458s ]
INFO: [ app_begin ] --END-- [ RunTime:0.000779s ]
SQL: SHOW COLUMNS FROM `anltype` [ RunTime:0.0161s ]
SQL: SELECT * FROM `anltype`  [ RunTime:0.0075s ]
SQL: SHOW COLUMNS FROM `anlkind` [ RunTime:0.0140s ]
SQL: SELECT * FROM `anlkind`  [ RunTime:0.0050s ]
SQL: SHOW COLUMNS FROM `entertype` [ RunTime:0.0124s ]
SQL: SELECT * FROM `entertype`  [ RunTime:0.0100s ]
SQL: SHOW COLUMNS FROM `field` [ RunTime:0.0153s ]
SQL: SELECT * FROM `field` WHERE `psnid` = 1  [ RunTime:0.0056s ]
SQL: SHOW COLUMNS FROM `worker` [ RunTime:0.0132s ]
SQL: SELECT * FROM `worker` WHERE `id` = 1 AND `psnid` = 1 LIMIT 1   [ RunTime:0.0051s ]
SQL: SELECT * FROM `worker` WHERE `id` = 2 AND `psnid` = 1 LIMIT 1   [ RunTime:0.0090s ]
SQL: SELECT * FROM `worker` WHERE `id` = 0 AND `psnid` = 1 LIMIT 1   [ RunTime:0.0167s ]
SQL: SELECT * FROM `worker` WHERE `id` = 3 AND `psnid` = 1 LIMIT 1   [ RunTime:0.0055s ]
SQL: SELECT * FROM `worker` WHERE `id` = 4 AND `psnid` = 1 LIMIT 1   [ RunTime:0.0052s ]
SQL: SELECT * FROM `worker` WHERE `id` = 0 AND `psnid` = 1 LIMIT 1   [ RunTime:0.0089s ]
INFO: [ view_parse ] --START--
INFO: Run Behavior\ParseTemplateBehavior [ RunTime:0.023215s ]
INFO: [ view_parse ] --END-- [ RunTime:0.023292s ]
INFO: [ view_filter ] --START--
INFO: Run Behavior\WriteHtmlCacheBehavior [ RunTime:0.000729s ]
INFO: [ view_filter ] --END-- [ RunTime:0.000803s ]
INFO: [ app_end ] --START--
INFO: Run Behavior\ShowPageTraceBehavior [ RunTime:0.000972s ]
INFO: [ app_end ] --END-- [ RunTime:0.001047s ]

[ 2019-03-04T15:22:05+08:00 ] 127.0.0.1 /mjiang/index.php/Home/Manager/upload?token=bd1ccf3d40fc6cabceef4179a6d01936&userid=18
INFO: [ app_begin ] --START--
INFO: Run Behavior\ReadHtmlCacheBehavior [ RunTime:0.000550s ]
INFO: [ app_begin ] --END-- [ RunTime:0.000906s ]
NOTIC: [8] Undefined index: pic_path D:\amp\Apache24\htdocs\mjiang\Home\Controller\ManagerController.class.php 第 144 行.

[ 2019-03-04T15:22:13+08:00 ] 127.0.0.1 /mjiang/index.php/Home/Manager/upload?token=bd1ccf3d40fc6cabceef4179a6d01936&userid=18
INFO: [ app_begin ] --START--
INFO: Run Behavior\ReadHtmlCacheBehavior [ RunTime:0.000328s ]
INFO: [ app_begin ] --END-- [ RunTime:0.000573s ]
NOTIC: [8] Undefined index: pic_path D:\amp\Apache24\htdocs\mjiang\Home\Controller\ManagerController.class.php 第 144 行.

[ 2019-03-04T15:23:39+08:00 ] 127.0.0.1 /mjiang/index.php/Home/Manager/upload?token=bd1ccf3d40fc6cabceef4179a6d01936&userid=18
INFO: [ app_begin ] --START--
INFO: Run Behavior\ReadHtmlCacheBehavior [ RunTime:0.000484s ]
INFO: [ app_begin ] --END-- [ RunTime:0.000859s ]
NOTIC: [8] Undefined index: pic_path D:\amp\Apache24\htdocs\mjiang\Home\Controller\ManagerController.class.php 第 144 行.

[ 2019-03-04T15:28:16+08:00 ] 127.0.0.1 /mjiang/index.php/Home/Manager/upload?token=bd1ccf3d40fc6cabceef4179a6d01936&userid=18
INFO: [ app_begin ] --START--
INFO: Run Behavior\ReadHtmlCacheBehavior [ RunTime:0.000445s ]
INFO: [ app_begin ] --END-- [ RunTime:0.000730s ]
NOTIC: [8] Undefined index: pic_path D:\amp\Apache24\htdocs\mjiang\Home\Controller\ManagerController.class.php 第 144 行.

[ 2019-03-04T15:29:36+08:00 ] 127.0.0.1 /mjiang/index.php/manager/index/token/bd1ccf3d40fc6cabceef4179a6d01936/userid/18
INFO: [ app_begin ] --START--
INFO: Run Behavior\ReadHtmlCacheBehavior [ RunTime:0.000599s ]
INFO: [ app_begin ] --END-- [ RunTime:0.001125s ]
SQL: SHOW COLUMNS FROM `anltype` [ RunTime:0.0906s ]
SQL: SELECT * FROM `anltype`  [ RunTime:0.0217s ]
SQL: SHOW COLUMNS FROM `anlkind` [ RunTime:0.0123s ]
SQL: SELECT * FROM `anlkind`  [ RunTime:0.0051s ]
SQL: SHOW COLUMNS FROM `entertype` [ RunTime:0.0122s ]
SQL: SELECT * FROM `entertype`  [ RunTime:0.0028s ]
SQL: SHOW COLUMNS FROM `field` [ RunTime:0.0159s ]
SQL: SELECT * FROM `field` WHERE `psnid` = 1  [ RunTime:0.0033s ]
SQL: SHOW COLUMNS FROM `worker` [ RunTime:0.0120s ]
SQL: SELECT * FROM `worker` WHERE `id` = 1 AND `psnid` = 1 LIMIT 1   [ RunTime:0.0219s ]
SQL: SELECT * FROM `worker` WHERE `id` = 2 AND `psnid` = 1 LIMIT 1   [ RunTime:0.0041s ]
SQL: SELECT * FROM `worker` WHERE `id` = 0 AND `psnid` = 1 LIMIT 1   [ RunTime:0.0042s ]
SQL: SELECT * FROM `worker` WHERE `id` = 3 AND `psnid` = 1 LIMIT 1   [ RunTime:0.0047s ]
SQL: SELECT * FROM `worker` WHERE `id` = 4 AND `psnid` = 1 LIMIT 1   [ RunTime:0.0400s ]
SQL: SELECT * FROM `worker` WHERE `id` = 0 AND `psnid` = 1 LIMIT 1   [ RunTime:0.0051s ]
INFO: [ view_parse ] --START--
INFO: Run Behavior\ParseTemplateBehavior [ RunTime:0.168214s ]
INFO: [ view_parse ] --END-- [ RunTime:0.168281s ]
INFO: [ view_filter ] --START--
INFO: Run Behavior\WriteHtmlCacheBehavior [ RunTime:0.000454s ]
INFO: [ view_filter ] --END-- [ RunTime:0.000483s ]
INFO: [ app_end ] --START--
INFO: Run Behavior\ShowPageTraceBehavior [ RunTime:0.000557s ]
INFO: [ app_end ] --END-- [ RunTime:0.000599s ]

[ 2019-03-04T15:36:12+08:00 ] 127.0.0.1 /mjiang/index.php/Home/Manager/upload2?token=bd1ccf3d40fc6cabceef4179a6d01936&userid=18
INFO: [ app_begin ] --START--
INFO: Run Behavior\ReadHtmlCacheBehavior [ RunTime:0.000685s ]
INFO: [ app_begin ] --END-- [ RunTime:0.001146s ]
NOTIC: [8] Undefined index: sale_id D:\amp\Apache24\htdocs\mjiang\Home\Controller\ManagerController.class.php 第 204 行.
NOTIC: [8] Undefined index: sn D:\amp\Apache24\htdocs\mjiang\Home\Controller\ManagerController.class.php 第 209 行.
NOTIC: [2] call_user_func() expects parameter 1 to be a valid callback, no array or string given D:\amp\Apache24\htdocs\mjiang\ThinkPHP\Library\Think\Upload.class.php 第 170 行.

[ 2019-03-04T15:37:22+08:00 ] 127.0.0.1 /mjiang/index.php/Home/Manager/upload2?token=bd1ccf3d40fc6cabceef4179a6d01936&userid=18
INFO: [ app_begin ] --START--
INFO: Run Behavior\ReadHtmlCacheBehavior [ RunTime:0.001205s ]
INFO: [ app_begin ] --END-- [ RunTime:0.002006s ]
NOTIC: [8] Undefined index: sale_id D:\amp\Apache24\htdocs\mjiang\Home\Controller\ManagerController.class.php 第 204 行.
NOTIC: [8] Undefined index: sn D:\amp\Apache24\htdocs\mjiang\Home\Controller\ManagerController.class.php 第 209 行.
NOTIC: [2] call_user_func() expects parameter 1 to be a valid callback, no array or string given D:\amp\Apache24\htdocs\mjiang\ThinkPHP\Library\Think\Upload.class.php 第 170 行.

[ 2019-03-04T15:54:02+08:00 ] 127.0.0.1 /mjiang/index.php/manager/index/token/bd1ccf3d40fc6cabceef4179a6d01936/userid/18
INFO: [ app_begin ] --START--
INFO: Run Behavior\ReadHtmlCacheBehavior [ RunTime:0.000616s ]
INFO: [ app_begin ] --END-- [ RunTime:0.000973s ]
SQL: SHOW COLUMNS FROM `anltype` [ RunTime:0.0115s ]
SQL: SELECT * FROM `anltype`  [ RunTime:0.0034s ]
SQL: SHOW COLUMNS FROM `anlkind` [ RunTime:0.0156s ]
SQL: SELECT * FROM `anlkind`  [ RunTime:0.0075s ]
SQL: SHOW COLUMNS FROM `entertype` [ RunTime:0.0120s ]
SQL: SELECT * FROM `entertype`  [ RunTime:0.0072s ]
SQL: SHOW COLUMNS FROM `field` [ RunTime:0.0149s ]
SQL: SELECT * FROM `field` WHERE `psnid` = 1  [ RunTime:0.0047s ]
SQL: SHOW COLUMNS FROM `worker` [ RunTime:0.0115s ]
SQL: SELECT * FROM `worker` WHERE `id` = 1 AND `psnid` = 1 LIMIT 1   [ RunTime:0.0053s ]
SQL: SELECT * FROM `worker` WHERE `id` = 2 AND `psnid` = 1 LIMIT 1   [ RunTime:0.0038s ]
SQL: SELECT * FROM `worker` WHERE `id` = 0 AND `psnid` = 1 LIMIT 1   [ RunTime:0.0039s ]
SQL: SELECT * FROM `worker` WHERE `id` = 3 AND `psnid` = 1 LIMIT 1   [ RunTime:0.0098s ]
SQL: SELECT * FROM `worker` WHERE `id` = 4 AND `psnid` = 1 LIMIT 1   [ RunTime:0.0036s ]
SQL: SELECT * FROM `worker` WHERE `id` = 0 AND `psnid` = 1 LIMIT 1   [ RunTime:0.0036s ]
INFO: [ view_parse ] --START--
INFO: Run Behavior\ParseTemplateBehavior [ RunTime:0.148313s ]
INFO: [ view_parse ] --END-- [ RunTime:0.148367s ]
INFO: [ view_filter ] --START--
INFO: Run Behavior\WriteHtmlCacheBehavior [ RunTime:0.000499s ]
INFO: [ view_filter ] --END-- [ RunTime:0.000528s ]
INFO: [ app_end ] --START--
INFO: Run Behavior\ShowPageTraceBehavior [ RunTime:0.000555s ]
INFO: [ app_end ] --END-- [ RunTime:0.000619s ]

[ 2019-03-04T16:34:50+08:00 ] 127.0.0.1 /mjiang/index.php/Home/Manager/upload2?token=bd1ccf3d40fc6cabceef4179a6d01936&userid=18
INFO: [ app_begin ] --START--
INFO: Run Behavior\ReadHtmlCacheBehavior [ RunTime:0.000449s ]
INFO: [ app_begin ] --END-- [ RunTime:0.000718s ]
NOTIC: [8] Undefined index: sale_id D:\amp\Apache24\htdocs\mjiang\Home\Controller\ManagerController.class.php 第 204 行.
NOTIC: [8] Undefined index: sn D:\amp\Apache24\htdocs\mjiang\Home\Controller\ManagerController.class.php 第 209 行.
NOTIC: [2] call_user_func() expects parameter 1 to be a valid callback, no array or string given D:\amp\Apache24\htdocs\mjiang\ThinkPHP\Library\Think\Upload.class.php 第 170 行.

[ 2019-03-04T16:35:31+08:00 ] 127.0.0.1 /mjiang/index.php/manager/index/token/bd1ccf3d40fc6cabceef4179a6d01936/userid/18
INFO: [ app_begin ] --START--
INFO: Run Behavior\ReadHtmlCacheBehavior [ RunTime:0.000892s ]
INFO: [ app_begin ] --END-- [ RunTime:0.001286s ]
SQL: SHOW COLUMNS FROM `anltype` [ RunTime:0.0139s ]
SQL: SELECT * FROM `anltype`  [ RunTime:0.0181s ]
SQL: SHOW COLUMNS FROM `anlkind` [ RunTime:0.0149s ]
SQL: SELECT * FROM `anlkind`  [ RunTime:0.0084s ]
SQL: SHOW COLUMNS FROM `entertype` [ RunTime:0.0140s ]
SQL: SELECT * FROM `entertype`  [ RunTime:0.0142s ]
SQL: SHOW COLUMNS FROM `field` [ RunTime:0.0200s ]
SQL: SELECT * FROM `field` WHERE `psnid` = 1  [ RunTime:0.0053s ]
SQL: SHOW COLUMNS FROM `worker` [ RunTime:0.0132s ]
SQL: SELECT * FROM `worker` WHERE `id` = 1 AND `psnid` = 1 LIMIT 1   [ RunTime:0.0046s ]
SQL: SELECT * FROM `worker` WHERE `id` = 2 AND `psnid` = 1 LIMIT 1   [ RunTime:0.0051s ]
SQL: SELECT * FROM `worker` WHERE `id` = 0 AND `psnid` = 1 LIMIT 1   [ RunTime:0.0076s ]
SQL: SELECT * FROM `worker` WHERE `id` = 3 AND `psnid` = 1 LIMIT 1   [ RunTime:0.0133s ]
SQL: SELECT * FROM `worker` WHERE `id` = 4 AND `psnid` = 1 LIMIT 1   [ RunTime:0.0098s ]
SQL: SELECT * FROM `worker` WHERE `id` = 0 AND `psnid` = 1 LIMIT 1   [ RunTime:0.0031s ]
INFO: [ view_parse ] --START--
INFO: Run Behavior\ParseTemplateBehavior [ RunTime:0.172110s ]
INFO: [ view_parse ] --END-- [ RunTime:0.172170s ]
INFO: [ view_filter ] --START--
INFO: Run Behavior\WriteHtmlCacheBehavior [ RunTime:0.000539s ]
INFO: [ view_filter ] --END-- [ RunTime:0.000571s ]
INFO: [ app_end ] --START--
INFO: Run Behavior\ShowPageTraceBehavior [ RunTime:0.000622s ]
INFO: [ app_end ] --END-- [ RunTime:0.000672s ]

[ 2019-03-04T17:13:33+08:00 ] 127.0.0.1 /mjiang/index.php/Home/Manager/upload?token=bd1ccf3d40fc6cabceef4179a6d01936&userid=18
INFO: [ app_begin ] --START--
INFO: Run Behavior\ReadHtmlCacheBehavior [ RunTime:0.000467s ]
INFO: [ app_begin ] --END-- [ RunTime:0.000789s ]
NOTIC: [8] Undefined index: pic_path D:\amp\Apache24\htdocs\mjiang\Home\Controller\ManagerController.class.php 第 144 行.

[ 2019-03-04T17:18:06+08:00 ] 127.0.0.1 /mjiang/index.php/Home/Manager/upload2?token=bd1ccf3d40fc6cabceef4179a6d01936&userid=18
INFO: [ app_begin ] --START--
INFO: Run Behavior\ReadHtmlCacheBehavior [ RunTime:0.000469s ]
INFO: [ app_begin ] --END-- [ RunTime:0.000761s ]
NOTIC: [8] Undefined index: sale_id D:\amp\Apache24\htdocs\mjiang\Home\Controller\ManagerController.class.php 第 204 行.
NOTIC: [8] Undefined index: sn D:\amp\Apache24\htdocs\mjiang\Home\Controller\ManagerController.class.php 第 209 行.
NOTIC: [2] call_user_func() expects parameter 1 to be a valid callback, no array or string given D:\amp\Apache24\htdocs\mjiang\ThinkPHP\Library\Think\Upload.class.php 第 170 行.

[ 2019-03-04T17:22:00+08:00 ] 127.0.0.1 /mjiang/index.php/Home/Manager/upload?token=bd1ccf3d40fc6cabceef4179a6d01936&userid=18
INFO: [ app_begin ] --START--
INFO: Run Behavior\ReadHtmlCacheBehavior [ RunTime:0.000504s ]
INFO: [ app_begin ] --END-- [ RunTime:0.001111s ]
NOTIC: [8] Undefined index: pic_path D:\amp\Apache24\htdocs\mjiang\Home\Controller\ManagerController.class.php 第 144 行.

[ 2019-03-04T17:32:16+08:00 ] 127.0.0.1 /mjiang/index.php/manager/index/token/bd1ccf3d40fc6cabceef4179a6d01936/userid/18
INFO: [ app_begin ] --START--
INFO: Run Behavior\ReadHtmlCacheBehavior [ RunTime:0.000597s ]
INFO: [ app_begin ] --END-- [ RunTime:0.000974s ]
SQL: SHOW COLUMNS FROM `anltype` [ RunTime:0.0551s ]
SQL: SELECT * FROM `anltype`  [ RunTime:0.0287s ]
SQL: SHOW COLUMNS FROM `anlkind` [ RunTime:0.0202s ]
SQL: SELECT * FROM `anlkind`  [ RunTime:0.0035s ]
SQL: SHOW COLUMNS FROM `entertype` [ RunTime:0.0107s ]
SQL: SELECT * FROM `entertype`  [ RunTime:0.0054s ]
SQL: SHOW COLUMNS FROM `field` [ RunTime:0.0247s ]
SQL: SELECT * FROM `field` WHERE `psnid` = 1  [ RunTime:0.0057s ]
SQL: SHOW COLUMNS FROM `worker` [ RunTime:0.0106s ]
SQL: SELECT * FROM `worker` WHERE `id` = 1 AND `psnid` = 1 LIMIT 1   [ RunTime:0.0030s ]
SQL: SELECT * FROM `worker` WHERE `id` = 2 AND `psnid` = 1 LIMIT 1   [ RunTime:0.0079s ]
SQL: SELECT * FROM `worker` WHERE `id` = 0 AND `psnid` = 1 LIMIT 1   [ RunTime:0.0858s ]
SQL: SELECT * FROM `worker` WHERE `id` = 3 AND `psnid` = 1 LIMIT 1   [ RunTime:0.0060s ]
SQL: SELECT * FROM `worker` WHERE `id` = 4 AND `psnid` = 1 LIMIT 1   [ RunTime:0.0058s ]
SQL: SELECT * FROM `worker` WHERE `id` = 0 AND `psnid` = 1 LIMIT 1   [ RunTime:0.0115s ]
INFO: [ view_parse ] --START--
INFO: Run Behavior\ParseTemplateBehavior [ RunTime:0.170860s ]
INFO: [ view_parse ] --END-- [ RunTime:0.170939s ]
INFO: [ view_filter ] --START--
INFO: Run Behavior\WriteHtmlCacheBehavior [ RunTime:0.000990s ]
INFO: [ view_filter ] --END-- [ RunTime:0.001028s ]
INFO: [ app_end ] --START--
INFO: Run Behavior\ShowPageTraceBehavior [ RunTime:0.000584s ]
INFO: [ app_end ] --END-- [ RunTime:0.000633s ]

[ 2019-03-04T17:47:36+08:00 ] 127.0.0.1 /mjiang/index.php/manager/index/token/bd1ccf3d40fc6cabceef4179a6d01936/userid/18
INFO: [ app_begin ] --START--
INFO: Run Behavior\ReadHtmlCacheBehavior [ RunTime:0.000571s ]
INFO: [ app_begin ] --END-- [ RunTime:0.000902s ]
SQL: SHOW COLUMNS FROM `anltype` [ RunTime:0.0118s ]
SQL: SELECT * FROM `anltype`  [ RunTime:0.0158s ]
SQL: SHOW COLUMNS FROM `anlkind` [ RunTime:0.0378s ]
SQL: SELECT * FROM `anlkind`  [ RunTime:0.0041s ]
SQL: SHOW COLUMNS FROM `entertype` [ RunTime:0.0129s ]
SQL: SELECT * FROM `entertype`  [ RunTime:0.0065s ]
SQL: SHOW COLUMNS FROM `field` [ RunTime:0.0131s ]
SQL: SELECT * FROM `field` WHERE `psnid` = 1  [ RunTime:0.0092s ]
SQL: SHOW COLUMNS FROM `worker` [ RunTime:0.0152s ]
SQL: SELECT * FROM `worker` WHERE `id` = 1 AND `psnid` = 1 LIMIT 1   [ RunTime:0.0050s ]
SQL: SELECT * FROM `worker` WHERE `id` = 2 AND `psnid` = 1 LIMIT 1   [ RunTime:0.0036s ]
SQL: SELECT * FROM `worker` WHERE `id` = 0 AND `psnid` = 1 LIMIT 1   [ RunTime:0.0088s ]
SQL: SELECT * FROM `worker` WHERE `id` = 3 AND `psnid` = 1 LIMIT 1   [ RunTime:0.0066s ]
SQL: SELECT * FROM `worker` WHERE `id` = 4 AND `psnid` = 1 LIMIT 1   [ RunTime:0.0043s ]
SQL: SELECT * FROM `worker` WHERE `id` = 0 AND `psnid` = 1 LIMIT 1   [ RunTime:0.0063s ]
INFO: [ view_parse ] --START--
INFO: Run Behavior\ParseTemplateBehavior [ RunTime:0.188607s ]
INFO: [ view_parse ] --END-- [ RunTime:0.188706s ]
INFO: [ view_filter ] --START--
INFO: Run Behavior\WriteHtmlCacheBehavior [ RunTime:0.000518s ]
INFO: [ view_filter ] --END-- [ RunTime:0.000567s ]
INFO: [ app_end ] --START--
INFO: Run Behavior\ShowPageTraceBehavior [ RunTime:0.000641s ]
INFO: [ app_end ] --END-- [ RunTime:0.000698s ]

[ 2019-03-04T17:48:51+08:00 ] 127.0.0.1 /mjiang/index.php/Home/Manager/upload?token=bd1ccf3d40fc6cabceef4179a6d01936&userid=18
INFO: [ app_begin ] --START--
INFO: Run Behavior\ReadHtmlCacheBehavior [ RunTime:0.000633s ]
INFO: [ app_begin ] --END-- [ RunTime:0.001212s ]

[ 2019-03-04T17:49:15+08:00 ] 127.0.0.1 /mjiang/index.php/Home/Manager/upload2?token=bd1ccf3d40fc6cabceef4179a6d01936&userid=18
INFO: [ app_begin ] --START--
INFO: Run Behavior\ReadHtmlCacheBehavior [ RunTime:0.000854s ]
INFO: [ app_begin ] --END-- [ RunTime:0.001543s ]
NOTIC: [8] Undefined index: sn D:\amp\Apache24\htdocs\mjiang\Home\Controller\ManagerController.class.php 第 208 行.
NOTIC: [2] call_user_func() expects parameter 1 to be a valid callback, no array or string given D:\amp\Apache24\htdocs\mjiang\ThinkPHP\Library\Think\Upload.class.php 第 170 行.

[ 2019-03-04T17:49:28+08:00 ] 127.0.0.1 /mjiang/index.php/Home/Manager/upload?token=bd1ccf3d40fc6cabceef4179a6d01936&userid=18
INFO: [ app_begin ] --START--
INFO: Run Behavior\ReadHtmlCacheBehavior [ RunTime:0.000495s ]
INFO: [ app_begin ] --END-- [ RunTime:0.000845s ]
NOTIC: [8] Undefined index: name D:\amp\Apache24\htdocs\mjiang\Home\Controller\ManagerController.class.php 第 153 行.
NOTIC: [8] Undefined index: in_price D:\amp\Apache24\htdocs\mjiang\Home\Controller\ManagerController.class.php 第 154 行.
NOTIC: [8] Undefined index: out_price D:\amp\Apache24\htdocs\mjiang\Home\Controller\ManagerController.class.php 第 155 行.
NOTIC: [8] Undefined index: other_price D:\amp\Apache24\htdocs\mjiang\Home\Controller\ManagerController.class.php 第 158 行.
NOTIC: [8] Undefined index: video_url D:\amp\Apache24\htdocs\mjiang\Home\Controller\ManagerController.class.php 第 159 行.
ERR: SQLSTATE[42S02]: Base table or view not found: 1146 Table 'pg.lp_wares' doesn't exist

[ 2019-03-04T17:52:16+08:00 ] 127.0.0.1 /mjiang/index.php/Home/Manager/upload?token=bd1ccf3d40fc6cabceef4179a6d01936&userid=18
INFO: [ app_begin ] --START--
INFO: Run Behavior\ReadHtmlCacheBehavior [ RunTime:0.000663s ]
INFO: [ app_begin ] --END-- [ RunTime:0.001166s ]

[ 2019-03-04T17:57:36+08:00 ] 127.0.0.1 /mjiang/index.php/manager/index/token/bd1ccf3d40fc6cabceef4179a6d01936/userid/18
INFO: [ app_begin ] --START--
INFO: Run Behavior\ReadHtmlCacheBehavior [ RunTime:0.000464s ]
INFO: [ app_begin ] --END-- [ RunTime:0.000775s ]
SQL: SHOW COLUMNS FROM `anltype` [ RunTime:0.0171s ]
SQL: SELECT * FROM `anltype`  [ RunTime:0.0082s ]
SQL: SHOW COLUMNS FROM `anlkind` [ RunTime:0.0540s ]
SQL: SELECT * FROM `anlkind`  [ RunTime:0.0062s ]
SQL: SHOW COLUMNS FROM `entertype` [ RunTime:0.0187s ]
SQL: SELECT * FROM `entertype`  [ RunTime:0.0047s ]
SQL: SHOW COLUMNS FROM `field` [ RunTime:0.0135s ]
SQL: SELECT * FROM `field` WHERE `psnid` = 1  [ RunTime:0.0048s ]
SQL: SHOW COLUMNS FROM `worker` [ RunTime:0.0230s ]
SQL: SELECT * FROM `worker` WHERE `id` = 1 AND `psnid` = 1 LIMIT 1   [ RunTime:0.0111s ]
SQL: SELECT * FROM `worker` WHERE `id` = 2 AND `psnid` = 1 LIMIT 1   [ RunTime:0.0046s ]
SQL: SELECT * FROM `worker` WHERE `id` = 0 AND `psnid` = 1 LIMIT 1   [ RunTime:0.0117s ]
SQL: SELECT * FROM `worker` WHERE `id` = 3 AND `psnid` = 1 LIMIT 1   [ RunTime:0.0042s ]
SQL: SELECT * FROM `worker` WHERE `id` = 4 AND `psnid` = 1 LIMIT 1   [ RunTime:0.0176s ]
SQL: SELECT * FROM `worker` WHERE `id` = 0 AND `psnid` = 1 LIMIT 1   [ RunTime:0.0364s ]
INFO: [ view_parse ] --START--
INFO: Run Behavior\ParseTemplateBehavior [ RunTime:0.157391s ]
INFO: [ view_parse ] --END-- [ RunTime:0.157445s ]
INFO: [ view_filter ] --START--
INFO: Run Behavior\WriteHtmlCacheBehavior [ RunTime:0.000538s ]
INFO: [ view_filter ] --END-- [ RunTime:0.000568s ]
INFO: [ app_end ] --START--
INFO: Run Behavior\ShowPageTraceBehavior [ RunTime:0.000603s ]
INFO: [ app_end ] --END-- [ RunTime:0.000658s ]

[ 2019-03-04T17:58:35+08:00 ] 127.0.0.1 /mjiang/index.php/Home/Manager/upload?token=bd1ccf3d40fc6cabceef4179a6d01936&userid=18
INFO: [ app_begin ] --START--
INFO: Run Behavior\ReadHtmlCacheBehavior [ RunTime:0.000745s ]
INFO: [ app_begin ] --END-- [ RunTime:0.001293s ]

