[ 2019-03-01T10:27:32+08:00 ] 127.0.0.1 /mjiang/index.php/Home/Manager/addshed
INFO: [ app_begin ] --START--
INFO: Run Behavior\ReadHtmlCacheBehavior [ RunTime:0.016523s ]
INFO: [ app_begin ] --END-- [ RunTime:0.027917s ]
NOTIC: [8] Undefined index: shed D:\amp\Apache24\htdocs\mjiang\Home\Controller\ManagerController.class.php 第 12 行.
NOTIC: [8] Undefined index: area D:\amp\Apache24\htdocs\mjiang\Home\Controller\ManagerController.class.php 第 13 行.
NOTIC: [8] Undefined index: fold D:\amp\Apache24\htdocs\mjiang\Home\Controller\ManagerController.class.php 第 14 行.
NOTIC: [8] Undefined index: worker1 D:\amp\Apache24\htdocs\mjiang\Home\Controller\ManagerController.class.php 第 16 行.
NOTIC: [8] Undefined index: worker2 D:\amp\Apache24\htdocs\mjiang\Home\Controller\ManagerController.class.php 第 17 行.
SQL: SHOW COLUMNS FROM `worker` [ RunTime:0.0199s ]
SQL: SELECT * FROM `worker` WHERE `psnid` = 1 AND `type` = 1  [ RunTime:0.0070s ]
SQL: SELECT * FROM `worker` WHERE `psnid` = 1 AND `type` = 2  [ RunTime:0.0101s ]
INFO: [ view_parse ] --START--
NOTIC: [8] Undefined index: token D:\amp\Apache24\htdocs\mjiang\Runtime\Cache\eca70cdbb2d534e55668bace32baf30d6a17bcbc.file.addshed.html.php 第 113 行.
NOTIC: [8] Trying to get property of non-object D:\amp\Apache24\htdocs\mjiang\Runtime\Cache\eca70cdbb2d534e55668bace32baf30d6a17bcbc.file.addshed.html.php 第 113 行.
NOTIC: [8] Undefined index: id D:\amp\Apache24\htdocs\mjiang\Runtime\Cache\eca70cdbb2d534e55668bace32baf30d6a17bcbc.file.addshed.html.php 第 114 行.
NOTIC: [8] Trying to get property of non-object D:\amp\Apache24\htdocs\mjiang\Runtime\Cache\eca70cdbb2d534e55668bace32baf30d6a17bcbc.file.addshed.html.php 第 114 行.
NOTIC: [8] Undefined index: token D:\amp\Apache24\htdocs\mjiang\Runtime\Cache\eca70cdbb2d534e55668bace32baf30d6a17bcbc.file.addshed.html.php 第 150 行.
NOTIC: [8] Trying to get property of non-object D:\amp\Apache24\htdocs\mjiang\Runtime\Cache\eca70cdbb2d534e55668bace32baf30d6a17bcbc.file.addshed.html.php 第 150 行.
NOTIC: [8] Undefined index: id D:\amp\Apache24\htdocs\mjiang\Runtime\Cache\eca70cdbb2d534e55668bace32baf30d6a17bcbc.file.addshed.html.php 第 151 行.
NOTIC: [8] Trying to get property of non-object D:\amp\Apache24\htdocs\mjiang\Runtime\Cache\eca70cdbb2d534e55668bace32baf30d6a17bcbc.file.addshed.html.php 第 151 行.
NOTIC: [8] Undefined index: token D:\amp\Apache24\htdocs\mjiang\Runtime\Cache\eca70cdbb2d534e55668bace32baf30d6a17bcbc.file.addshed.html.php 第 161 行.
NOTIC: [8] Trying to get property of non-object D:\amp\Apache24\htdocs\mjiang\Runtime\Cache\eca70cdbb2d534e55668bace32baf30d6a17bcbc.file.addshed.html.php 第 161 行.
NOTIC: [8] Undefined index: id D:\amp\Apache24\htdocs\mjiang\Runtime\Cache\eca70cdbb2d534e55668bace32baf30d6a17bcbc.file.addshed.html.php 第 162 行.
NOTIC: [8] Trying to get property of non-object D:\amp\Apache24\htdocs\mjiang\Runtime\Cache\eca70cdbb2d534e55668bace32baf30d6a17bcbc.file.addshed.html.php 第 162 行.
NOTIC: [8] Undefined index: token D:\amp\Apache24\htdocs\mjiang\Runtime\Cache\eca70cdbb2d534e55668bace32baf30d6a17bcbc.file.addshed.html.php 第 165 行.
NOTIC: [8] Trying to get property of non-object D:\amp\Apache24\htdocs\mjiang\Runtime\Cache\eca70cdbb2d534e55668bace32baf30d6a17bcbc.file.addshed.html.php 第 165 行.
NOTIC: [8] Undefined index: id D:\amp\Apache24\htdocs\mjiang\Runtime\Cache\eca70cdbb2d534e55668bace32baf30d6a17bcbc.file.addshed.html.php 第 166 行.
NOTIC: [8] Trying to get property of non-object D:\amp\Apache24\htdocs\mjiang\Runtime\Cache\eca70cdbb2d534e55668bace32baf30d6a17bcbc.file.addshed.html.php 第 166 行.
NOTIC: [8] Undefined index: token D:\amp\Apache24\htdocs\mjiang\Runtime\Cache\eca70cdbb2d534e55668bace32baf30d6a17bcbc.file.addshed.html.php 第 175 行.
NOTIC: [8] Trying to get property of non-object D:\amp\Apache24\htdocs\mjiang\Runtime\Cache\eca70cdbb2d534e55668bace32baf30d6a17bcbc.file.addshed.html.php 第 175 行.
NOTIC: [8] Undefined index: id D:\amp\Apache24\htdocs\mjiang\Runtime\Cache\eca70cdbb2d534e55668bace32baf30d6a17bcbc.file.addshed.html.php 第 176 行.
NOTIC: [8] Trying to get property of non-object D:\amp\Apache24\htdocs\mjiang\Runtime\Cache\eca70cdbb2d534e55668bace32baf30d6a17bcbc.file.addshed.html.php 第 176 行.
NOTIC: [8] Undefined index: token D:\amp\Apache24\htdocs\mjiang\Runtime\Cache\eca70cdbb2d534e55668bace32baf30d6a17bcbc.file.addshed.html.php 第 220 行.
NOTIC: [8] Trying to get property of non-object D:\amp\Apache24\htdocs\mjiang\Runtime\Cache\eca70cdbb2d534e55668bace32baf30d6a17bcbc.file.addshed.html.php 第 220 行.
NOTIC: [8] Undefined index: id D:\amp\Apache24\htdocs\mjiang\Runtime\Cache\eca70cdbb2d534e55668bace32baf30d6a17bcbc.file.addshed.html.php 第 221 行.
NOTIC: [8] Trying to get property of non-object D:\amp\Apache24\htdocs\mjiang\Runtime\Cache\eca70cdbb2d534e55668bace32baf30d6a17bcbc.file.addshed.html.php 第 221 行.
NOTIC: [8] Undefined index: token D:\amp\Apache24\htdocs\mjiang\Runtime\Cache\eca70cdbb2d534e55668bace32baf30d6a17bcbc.file.addshed.html.php 第 321 行.
NOTIC: [8] Trying to get property of non-object D:\amp\Apache24\htdocs\mjiang\Runtime\Cache\eca70cdbb2d534e55668bace32baf30d6a17bcbc.file.addshed.html.php 第 321 行.
NOTIC: [8] Undefined index: id D:\amp\Apache24\htdocs\mjiang\Runtime\Cache\eca70cdbb2d534e55668bace32baf30d6a17bcbc.file.addshed.html.php 第 322 行.
NOTIC: [8] Trying to get property of non-object D:\amp\Apache24\htdocs\mjiang\Runtime\Cache\eca70cdbb2d534e55668bace32baf30d6a17bcbc.file.addshed.html.php 第 322 行.
INFO: Run Behavior\ParseTemplateBehavior [ RunTime:0.221001s ]
INFO: [ view_parse ] --END-- [ RunTime:0.221051s ]
INFO: [ view_filter ] --START--
INFO: Run Behavior\WriteHtmlCacheBehavior [ RunTime:0.010382s ]
INFO: [ view_filter ] --END-- [ RunTime:0.010430s ]
INFO: [ app_end ] --START--
INFO: Run Behavior\ShowPageTraceBehavior [ RunTime:0.010801s ]
INFO: [ app_end ] --END-- [ RunTime:0.010868s ]

[ 2019-03-01T11:02:58+08:00 ] 127.0.0.1 /mjiang/index.php/manager/index
INFO: [ app_begin ] --START--
INFO: Run Behavior\ReadHtmlCacheBehavior [ RunTime:0.017252s ]
INFO: [ app_begin ] --END-- [ RunTime:0.028704s ]
NOTIC: [8] Undefined index: userid D:\amp\Apache24\htdocs\mjiang\Home\Controller\ManagerController.class.php 第 55 行.

[ 2019-03-01T11:03:15+08:00 ] 127.0.0.1 /mjiang/index.php/manager/index/token/bd1ccf3d40fc6cabceef4179a6d01936/userid/18
INFO: [ app_begin ] --START--
INFO: Run Behavior\ReadHtmlCacheBehavior [ RunTime:0.000483s ]
INFO: [ app_begin ] --END-- [ RunTime:0.000771s ]
SQL: SHOW COLUMNS FROM `anltype` [ RunTime:0.1696s ]
SQL: SELECT * FROM `anltype`  [ RunTime:0.0094s ]
SQL: SHOW COLUMNS FROM `anlkind` [ RunTime:0.0679s ]
SQL: SELECT * FROM `anlkind`  [ RunTime:0.3479s ]
SQL: SHOW COLUMNS FROM `entertype` [ RunTime:0.0443s ]
SQL: SELECT * FROM `entertype`  [ RunTime:0.0164s ]
SQL: SHOW COLUMNS FROM `field` [ RunTime:0.0207s ]
SQL: SELECT * FROM `field` WHERE `psnid` = 1  [ RunTime:0.0097s ]
SQL: SHOW COLUMNS FROM `worker` [ RunTime:0.0247s ]
SQL: SELECT * FROM `worker` WHERE `id` = 1 AND `psnid` = 1 LIMIT 1   [ RunTime:0.1302s ]
SQL: SELECT * FROM `worker` WHERE `id` = 2 AND `psnid` = 1 LIMIT 1   [ RunTime:0.0076s ]
SQL: SELECT * FROM `worker` WHERE `id` = 0 AND `psnid` = 1 LIMIT 1   [ RunTime:0.0570s ]
NOTIC: [8] Undefined variable: 李刚 D:\amp\Apache24\htdocs\mjiang\Home\Controller\ManagerController.class.php 第 97 行.
NOTIC: [8] Undefined variable: 王强 D:\amp\Apache24\htdocs\mjiang\Home\Controller\ManagerController.class.php 第 98 行.
NOTIC: [8] Undefined variable:  D:\amp\Apache24\htdocs\mjiang\Home\Controller\ManagerController.class.php 第 99 行.
INFO: [ view_parse ] --START--
INFO: Run Behavior\ParseTemplateBehavior [ RunTime:0.604870s ]
INFO: [ view_parse ] --END-- [ RunTime:0.604946s ]
INFO: [ view_filter ] --START--
INFO: Run Behavior\WriteHtmlCacheBehavior [ RunTime:0.009414s ]
INFO: [ view_filter ] --END-- [ RunTime:0.009459s ]
INFO: [ app_end ] --START--
INFO: Run Behavior\ShowPageTraceBehavior [ RunTime:0.021442s ]
INFO: [ app_end ] --END-- [ RunTime:0.021516s ]

[ 2019-03-01T11:08:11+08:00 ] 127.0.0.1 /mjiang/index.php/manager/index/token/bd1ccf3d40fc6cabceef4179a6d01936/userid/18
INFO: [ app_begin ] --START--
INFO: Run Behavior\ReadHtmlCacheBehavior [ RunTime:0.000458s ]
INFO: [ app_begin ] --END-- [ RunTime:0.000756s ]
SQL: SHOW COLUMNS FROM `anltype` [ RunTime:0.0134s ]
SQL: SELECT * FROM `anltype`  [ RunTime:0.0076s ]
SQL: SHOW COLUMNS FROM `anlkind` [ RunTime:0.0175s ]
SQL: SELECT * FROM `anlkind`  [ RunTime:0.0114s ]
SQL: SHOW COLUMNS FROM `entertype` [ RunTime:0.0157s ]
SQL: SELECT * FROM `entertype`  [ RunTime:0.0117s ]
SQL: SHOW COLUMNS FROM `field` [ RunTime:0.0204s ]
SQL: SELECT * FROM `field` WHERE `psnid` = 1  [ RunTime:0.0044s ]
SQL: SHOW COLUMNS FROM `worker` [ RunTime:0.0134s ]
SQL: SELECT * FROM `worker` WHERE `id` = 1 AND `psnid` = 1 LIMIT 1   [ RunTime:0.0090s ]
SQL: SELECT * FROM `worker` WHERE `id` = 2 AND `psnid` = 1 LIMIT 1   [ RunTime:0.0148s ]
SQL: SELECT * FROM `worker` WHERE `id` = 0 AND `psnid` = 1 LIMIT 1   [ RunTime:0.0125s ]
NOTIC: [8] Undefined variable: 李刚 D:\amp\Apache24\htdocs\mjiang\Home\Controller\ManagerController.class.php 第 97 行.
NOTIC: [8] Undefined variable: 王强 D:\amp\Apache24\htdocs\mjiang\Home\Controller\ManagerController.class.php 第 98 行.
NOTIC: [8] Undefined variable:  D:\amp\Apache24\htdocs\mjiang\Home\Controller\ManagerController.class.php 第 99 行.
INFO: [ view_parse ] --START--
INFO: Run Behavior\ParseTemplateBehavior [ RunTime:0.143623s ]
INFO: [ view_parse ] --END-- [ RunTime:0.143677s ]
INFO: [ view_filter ] --START--
INFO: Run Behavior\WriteHtmlCacheBehavior [ RunTime:0.000476s ]
INFO: [ view_filter ] --END-- [ RunTime:0.000507s ]
INFO: [ app_end ] --START--
INFO: Run Behavior\ShowPageTraceBehavior [ RunTime:0.000572s ]
INFO: [ app_end ] --END-- [ RunTime:0.000638s ]

[ 2019-03-01T11:32:03+08:00 ] 127.0.0.1 /mjiang/index.php/manager/index/token/bd1ccf3d40fc6cabceef4179a6d01936/userid/18
INFO: [ app_begin ] --START--
INFO: Run Behavior\ReadHtmlCacheBehavior [ RunTime:0.000595s ]
INFO: [ app_begin ] --END-- [ RunTime:0.001001s ]
SQL: SHOW COLUMNS FROM `anltype` [ RunTime:0.0213s ]
SQL: SELECT * FROM `anltype`  [ RunTime:0.0039s ]
SQL: SHOW COLUMNS FROM `anlkind` [ RunTime:0.0132s ]
SQL: SELECT * FROM `anlkind`  [ RunTime:0.0050s ]
SQL: SHOW COLUMNS FROM `entertype` [ RunTime:0.0122s ]
SQL: SELECT * FROM `entertype`  [ RunTime:0.0070s ]
SQL: SHOW COLUMNS FROM `field` [ RunTime:0.0239s ]
SQL: SELECT * FROM `field` WHERE `psnid` = 1  [ RunTime:0.0039s ]
SQL: SHOW COLUMNS FROM `worker` [ RunTime:0.0122s ]
SQL: SELECT * FROM `worker` WHERE `id` = 1 AND `psnid` = 1 LIMIT 1   [ RunTime:0.0070s ]
SQL: SELECT * FROM `worker` WHERE `id` = 2 AND `psnid` = 1 LIMIT 1   [ RunTime:0.0047s ]
SQL: SELECT * FROM `worker` WHERE `id` = 0 AND `psnid` = 1 LIMIT 1   [ RunTime:0.0101s ]
NOTIC: [8] Undefined variable: 李刚 D:\amp\Apache24\htdocs\mjiang\Home\Controller\ManagerController.class.php 第 94 行.
NOTIC: [8] Undefined variable: 王强 D:\amp\Apache24\htdocs\mjiang\Home\Controller\ManagerController.class.php 第 95 行.
NOTIC: [8] Undefined variable:  D:\amp\Apache24\htdocs\mjiang\Home\Controller\ManagerController.class.php 第 96 行.
INFO: [ view_parse ] --START--
NOTIC: [8] Undefined index:  D:\amp\Apache24\htdocs\mjiang\Runtime\Cache\e9dfd66b2b562f263e727cafa3f1927b5e34dd1b.file.index.html.php 第 443 行.
INFO: Run Behavior\ParseTemplateBehavior [ RunTime:0.164961s ]
INFO: [ view_parse ] --END-- [ RunTime:0.165039s ]
INFO: [ view_filter ] --START--
INFO: Run Behavior\WriteHtmlCacheBehavior [ RunTime:0.000810s ]
INFO: [ view_filter ] --END-- [ RunTime:0.000849s ]
INFO: [ app_end ] --START--
INFO: Run Behavior\ShowPageTraceBehavior [ RunTime:0.000518s ]
INFO: [ app_end ] --END-- [ RunTime:0.000560s ]

[ 2019-03-01T11:34:18+08:00 ] 127.0.0.1 /mjiang/index.php/manager/index/token/bd1ccf3d40fc6cabceef4179a6d01936/userid/18
INFO: [ app_begin ] --START--
INFO: Run Behavior\ReadHtmlCacheBehavior [ RunTime:0.000576s ]
INFO: [ app_begin ] --END-- [ RunTime:0.000965s ]
SQL: SHOW COLUMNS FROM `anltype` [ RunTime:0.0822s ]
SQL: SELECT * FROM `anltype`  [ RunTime:0.0284s ]
SQL: SHOW COLUMNS FROM `anlkind` [ RunTime:0.0488s ]
SQL: SELECT * FROM `anlkind`  [ RunTime:0.0327s ]
SQL: SHOW COLUMNS FROM `entertype` [ RunTime:0.0352s ]
SQL: SELECT * FROM `entertype`  [ RunTime:0.0217s ]
SQL: SHOW COLUMNS FROM `field` [ RunTime:0.0358s ]
SQL: SELECT * FROM `field` WHERE `psnid` = 1  [ RunTime:0.0519s ]
SQL: SHOW COLUMNS FROM `worker` [ RunTime:0.0761s ]
SQL: SELECT * FROM `worker` WHERE `id` = 1 AND `psnid` = 1 LIMIT 1   [ RunTime:0.0155s ]
SQL: SELECT * FROM `worker` WHERE `id` = 2 AND `psnid` = 1 LIMIT 1   [ RunTime:0.0370s ]
SQL: SELECT * FROM `worker` WHERE `id` = 0 AND `psnid` = 1 LIMIT 1   [ RunTime:0.0763s ]
NOTIC: [8] Undefined variable: 李刚 D:\amp\Apache24\htdocs\mjiang\Home\Controller\ManagerController.class.php 第 94 行.
NOTIC: [8] Undefined variable: 王强 D:\amp\Apache24\htdocs\mjiang\Home\Controller\ManagerController.class.php 第 95 行.
NOTIC: [8] Undefined variable:  D:\amp\Apache24\htdocs\mjiang\Home\Controller\ManagerController.class.php 第 96 行.
INFO: [ view_parse ] --START--
NOTIC: [8] Undefined index:  D:\amp\Apache24\htdocs\mjiang\Runtime\Cache\e9dfd66b2b562f263e727cafa3f1927b5e34dd1b.file.index.html.php 第 443 行.
NOTIC: [8] Undefined index:  D:\amp\Apache24\htdocs\mjiang\Runtime\Cache\e9dfd66b2b562f263e727cafa3f1927b5e34dd1b.file.index.html.php 第 448 行.
INFO: Run Behavior\ParseTemplateBehavior [ RunTime:0.162585s ]
INFO: [ view_parse ] --END-- [ RunTime:0.162628s ]
INFO: [ view_filter ] --START--
INFO: Run Behavior\WriteHtmlCacheBehavior [ RunTime:0.000438s ]
INFO: [ view_filter ] --END-- [ RunTime:0.000466s ]
INFO: [ app_end ] --START--
INFO: Run Behavior\ShowPageTraceBehavior [ RunTime:0.000678s ]
INFO: [ app_end ] --END-- [ RunTime:0.000742s ]

[ 2019-03-01T11:34:44+08:00 ] 127.0.0.1 /mjiang/index.php/manager/index/token/bd1ccf3d40fc6cabceef4179a6d01936/userid/18
INFO: [ app_begin ] --START--
INFO: Run Behavior\ReadHtmlCacheBehavior [ RunTime:0.000552s ]
INFO: [ app_begin ] --END-- [ RunTime:0.000896s ]
SQL: SHOW COLUMNS FROM `anltype` [ RunTime:0.0134s ]
SQL: SELECT * FROM `anltype`  [ RunTime:0.0093s ]
SQL: SHOW COLUMNS FROM `anlkind` [ RunTime:0.0183s ]
SQL: SELECT * FROM `anlkind`  [ RunTime:0.0085s ]
SQL: SHOW COLUMNS FROM `entertype` [ RunTime:0.0119s ]
SQL: SELECT * FROM `entertype`  [ RunTime:0.0053s ]
SQL: SHOW COLUMNS FROM `field` [ RunTime:0.0262s ]
SQL: SELECT * FROM `field` WHERE `psnid` = 1  [ RunTime:0.0327s ]
SQL: SHOW COLUMNS FROM `worker` [ RunTime:0.0328s ]
SQL: SELECT * FROM `worker` WHERE `id` = 1 AND `psnid` = 1 LIMIT 1   [ RunTime:0.0060s ]
SQL: SELECT * FROM `worker` WHERE `id` = 2 AND `psnid` = 1 LIMIT 1   [ RunTime:0.0141s ]
SQL: SELECT * FROM `worker` WHERE `id` = 0 AND `psnid` = 1 LIMIT 1   [ RunTime:0.0148s ]
NOTIC: [8] Undefined variable: 李刚 D:\amp\Apache24\htdocs\mjiang\Home\Controller\ManagerController.class.php 第 94 行.
NOTIC: [8] Undefined variable: 王强 D:\amp\Apache24\htdocs\mjiang\Home\Controller\ManagerController.class.php 第 95 行.
NOTIC: [8] Undefined variable:  D:\amp\Apache24\htdocs\mjiang\Home\Controller\ManagerController.class.php 第 96 行.
INFO: [ view_parse ] --START--
NOTIC: [8] Undefined index:  D:\amp\Apache24\htdocs\mjiang\Runtime\Cache\e9dfd66b2b562f263e727cafa3f1927b5e34dd1b.file.index.html.php 第 443 行.
NOTIC: [8] Undefined index:  D:\amp\Apache24\htdocs\mjiang\Runtime\Cache\e9dfd66b2b562f263e727cafa3f1927b5e34dd1b.file.index.html.php 第 448 行.
INFO: Run Behavior\ParseTemplateBehavior [ RunTime:0.148895s ]
INFO: [ view_parse ] --END-- [ RunTime:0.148942s ]
INFO: [ view_filter ] --START--
INFO: Run Behavior\WriteHtmlCacheBehavior [ RunTime:0.000488s ]
INFO: [ view_filter ] --END-- [ RunTime:0.000517s ]
INFO: [ app_end ] --START--
INFO: Run Behavior\ShowPageTraceBehavior [ RunTime:0.000747s ]
INFO: [ app_end ] --END-- [ RunTime:0.000795s ]

[ 2019-03-01T11:35:31+08:00 ] 127.0.0.1 /mjiang/index.php/manager/index/token/bd1ccf3d40fc6cabceef4179a6d01936/userid/18
INFO: [ app_begin ] --START--
INFO: Run Behavior\ReadHtmlCacheBehavior [ RunTime:0.000514s ]
INFO: [ app_begin ] --END-- [ RunTime:0.000830s ]
SQL: SHOW COLUMNS FROM `anltype` [ RunTime:0.0388s ]
SQL: SELECT * FROM `anltype`  [ RunTime:0.0067s ]
SQL: SHOW COLUMNS FROM `anlkind` [ RunTime:0.0345s ]
SQL: SELECT * FROM `anlkind`  [ RunTime:0.0199s ]
SQL: SHOW COLUMNS FROM `entertype` [ RunTime:0.1793s ]
SQL: SELECT * FROM `entertype`  [ RunTime:0.3637s ]
SQL: SHOW COLUMNS FROM `field` [ RunTime:0.0222s ]
SQL: SELECT * FROM `field` WHERE `psnid` = 1  [ RunTime:0.0128s ]
SQL: SHOW COLUMNS FROM `worker` [ RunTime:0.0282s ]
SQL: SELECT * FROM `worker` WHERE `id` = 1 AND `psnid` = 1 LIMIT 1   [ RunTime:0.0376s ]
SQL: SELECT * FROM `worker` WHERE `id` = 2 AND `psnid` = 1 LIMIT 1   [ RunTime:0.0189s ]
SQL: SELECT * FROM `worker` WHERE `id` = 0 AND `psnid` = 1 LIMIT 1   [ RunTime:0.0175s ]
NOTIC: [8] Undefined variable: 李刚 D:\amp\Apache24\htdocs\mjiang\Home\Controller\ManagerController.class.php 第 94 行.
NOTIC: [8] Undefined variable: 王强 D:\amp\Apache24\htdocs\mjiang\Home\Controller\ManagerController.class.php 第 95 行.
NOTIC: [8] Undefined variable:  D:\amp\Apache24\htdocs\mjiang\Home\Controller\ManagerController.class.php 第 96 行.
INFO: [ view_parse ] --START--
NOTIC: [8] Undefined index:  D:\amp\Apache24\htdocs\mjiang\Runtime\Cache\e9dfd66b2b562f263e727cafa3f1927b5e34dd1b.file.index.html.php 第 443 行.
INFO: Run Behavior\ParseTemplateBehavior [ RunTime:0.179323s ]
INFO: [ view_parse ] --END-- [ RunTime:0.179418s ]
INFO: [ view_filter ] --START--
INFO: Run Behavior\WriteHtmlCacheBehavior [ RunTime:0.000553s ]
INFO: [ view_filter ] --END-- [ RunTime:0.000585s ]
INFO: [ app_end ] --START--
INFO: Run Behavior\ShowPageTraceBehavior [ RunTime:0.000705s ]
INFO: [ app_end ] --END-- [ RunTime:0.000781s ]

[ 2019-03-01T11:35:56+08:00 ] 127.0.0.1 /mjiang/index.php/manager/index/token/bd1ccf3d40fc6cabceef4179a6d01936/userid/18
INFO: [ app_begin ] --START--
INFO: Run Behavior\ReadHtmlCacheBehavior [ RunTime:0.000429s ]
INFO: [ app_begin ] --END-- [ RunTime:0.000704s ]
SQL: SHOW COLUMNS FROM `anltype` [ RunTime:0.3465s ]
SQL: SELECT * FROM `anltype`  [ RunTime:0.0497s ]
SQL: SHOW COLUMNS FROM `anlkind` [ RunTime:0.0458s ]
SQL: SELECT * FROM `anlkind`  [ RunTime:0.0169s ]
SQL: SHOW COLUMNS FROM `entertype` [ RunTime:0.0234s ]
SQL: SELECT * FROM `entertype`  [ RunTime:0.0204s ]
SQL: SHOW COLUMNS FROM `field` [ RunTime:0.0364s ]
SQL: SELECT * FROM `field` WHERE `psnid` = 1  [ RunTime:0.0229s ]
SQL: SHOW COLUMNS FROM `worker` [ RunTime:0.0379s ]
SQL: SELECT * FROM `worker` WHERE `id` = 1 AND `psnid` = 1 LIMIT 1   [ RunTime:0.0409s ]
SQL: SELECT * FROM `worker` WHERE `id` = 2 AND `psnid` = 1 LIMIT 1   [ RunTime:0.0180s ]
SQL: SELECT * FROM `worker` WHERE `id` = 0 AND `psnid` = 1 LIMIT 1   [ RunTime:0.0251s ]
NOTIC: [8] Undefined variable: 李刚 D:\amp\Apache24\htdocs\mjiang\Home\Controller\ManagerController.class.php 第 94 行.
NOTIC: [8] Undefined variable: 王强 D:\amp\Apache24\htdocs\mjiang\Home\Controller\ManagerController.class.php 第 95 行.
NOTIC: [8] Undefined variable:  D:\amp\Apache24\htdocs\mjiang\Home\Controller\ManagerController.class.php 第 96 行.
INFO: [ view_parse ] --START--
NOTIC: [8] Undefined index:  D:\amp\Apache24\htdocs\mjiang\Runtime\Cache\e9dfd66b2b562f263e727cafa3f1927b5e34dd1b.file.index.html.php 第 443 行.
INFO: Run Behavior\ParseTemplateBehavior [ RunTime:0.162912s ]
INFO: [ view_parse ] --END-- [ RunTime:0.162963s ]
INFO: [ view_filter ] --START--
INFO: Run Behavior\WriteHtmlCacheBehavior [ RunTime:0.000530s ]
INFO: [ view_filter ] --END-- [ RunTime:0.000562s ]
INFO: [ app_end ] --START--
INFO: Run Behavior\ShowPageTraceBehavior [ RunTime:0.000655s ]
INFO: [ app_end ] --END-- [ RunTime:0.000711s ]

[ 2019-03-01T11:37:32+08:00 ] 127.0.0.1 /mjiang/index.php/manager/index/token/bd1ccf3d40fc6cabceef4179a6d01936/userid/18
INFO: [ app_begin ] --START--
INFO: Run Behavior\ReadHtmlCacheBehavior [ RunTime:0.000411s ]
INFO: [ app_begin ] --END-- [ RunTime:0.000731s ]
SQL: SHOW COLUMNS FROM `anltype` [ RunTime:0.0967s ]
SQL: SELECT * FROM `anltype`  [ RunTime:0.0104s ]
SQL: SHOW COLUMNS FROM `anlkind` [ RunTime:0.0302s ]
SQL: SELECT * FROM `anlkind`  [ RunTime:0.0416s ]
SQL: SHOW COLUMNS FROM `entertype` [ RunTime:0.0283s ]
SQL: SELECT * FROM `entertype`  [ RunTime:0.0382s ]
SQL: SHOW COLUMNS FROM `field` [ RunTime:0.0265s ]
SQL: SELECT * FROM `field` WHERE `psnid` = 1  [ RunTime:0.0346s ]
SQL: SHOW COLUMNS FROM `worker` [ RunTime:0.0135s ]
SQL: SELECT * FROM `worker` WHERE `id` = 1 AND `psnid` = 1 LIMIT 1   [ RunTime:0.0604s ]
SQL: SELECT * FROM `worker` WHERE `id` = 2 AND `psnid` = 1 LIMIT 1   [ RunTime:0.0596s ]
SQL: SELECT * FROM `worker` WHERE `id` = 0 AND `psnid` = 1 LIMIT 1   [ RunTime:0.0054s ]
NOTIC: [8] Undefined variable: 李刚 D:\amp\Apache24\htdocs\mjiang\Home\Controller\ManagerController.class.php 第 94 行.
NOTIC: [8] Undefined variable: 王强 D:\amp\Apache24\htdocs\mjiang\Home\Controller\ManagerController.class.php 第 95 行.
NOTIC: [8] Undefined variable:  D:\amp\Apache24\htdocs\mjiang\Home\Controller\ManagerController.class.php 第 96 行.

[ 2019-03-01T11:38:09+08:00 ] 127.0.0.1 /mjiang/index.php/manager/index/token/bd1ccf3d40fc6cabceef4179a6d01936/userid/18
INFO: [ app_begin ] --START--
INFO: Run Behavior\ReadHtmlCacheBehavior [ RunTime:0.000899s ]
INFO: [ app_begin ] --END-- [ RunTime:0.001369s ]
SQL: SHOW COLUMNS FROM `anltype` [ RunTime:0.0666s ]
SQL: SELECT * FROM `anltype`  [ RunTime:0.0915s ]
SQL: SHOW COLUMNS FROM `anlkind` [ RunTime:0.0594s ]
SQL: SELECT * FROM `anlkind`  [ RunTime:0.0415s ]
SQL: SHOW COLUMNS FROM `entertype` [ RunTime:0.0119s ]
SQL: SELECT * FROM `entertype`  [ RunTime:0.0103s ]
SQL: SHOW COLUMNS FROM `field` [ RunTime:0.0132s ]
SQL: SELECT * FROM `field` WHERE `psnid` = 1  [ RunTime:0.0301s ]
SQL: SHOW COLUMNS FROM `worker` [ RunTime:0.0327s ]
SQL: SELECT * FROM `worker` WHERE `id` = 1 AND `psnid` = 1 LIMIT 1   [ RunTime:0.0662s ]
SQL: SELECT * FROM `worker` WHERE `id` = 2 AND `psnid` = 1 LIMIT 1   [ RunTime:0.0384s ]
SQL: SELECT * FROM `worker` WHERE `id` = 0 AND `psnid` = 1 LIMIT 1   [ RunTime:0.0175s ]

[ 2019-03-01T14:14:44+08:00 ] 127.0.0.1 /mjiang/index.php/login
INFO: [ app_begin ] --START--
INFO: Run Behavior\ReadHtmlCacheBehavior [ RunTime:0.000585s ]
INFO: [ app_begin ] --END-- [ RunTime:0.000953s ]
NOTIC: [8] Undefined index: password D:\amp\Apache24\htdocs\mjiang\Home\Controller\LoginController.class.php 第 8 行.
NOTIC: [8] Undefined index: name D:\amp\Apache24\htdocs\mjiang\Home\Controller\LoginController.class.php 第 9 行.
INFO: [ view_parse ] --START--
INFO: Run Behavior\ParseTemplateBehavior [ RunTime:0.035340s ]
INFO: [ view_parse ] --END-- [ RunTime:0.035405s ]
INFO: [ view_filter ] --START--
INFO: Run Behavior\WriteHtmlCacheBehavior [ RunTime:0.000288s ]
INFO: [ view_filter ] --END-- [ RunTime:0.000317s ]

[ 2019-03-01T14:14:56+08:00 ] 127.0.0.1 /mjiang/index.php/manager/index/token/bd1ccf3d40fc6cabceef4179a6d01936/userid/18
INFO: [ app_begin ] --START--
INFO: Run Behavior\ReadHtmlCacheBehavior [ RunTime:0.000419s ]
INFO: [ app_begin ] --END-- [ RunTime:0.000731s ]
SQL: SHOW COLUMNS FROM `anltype` [ RunTime:0.0236s ]
SQL: SELECT * FROM `anltype`  [ RunTime:0.0640s ]
SQL: SHOW COLUMNS FROM `anlkind` [ RunTime:0.0228s ]
SQL: SELECT * FROM `anlkind`  [ RunTime:0.0114s ]
SQL: SHOW COLUMNS FROM `entertype` [ RunTime:0.0128s ]
SQL: SELECT * FROM `entertype`  [ RunTime:0.0115s ]
SQL: SHOW COLUMNS FROM `field` [ RunTime:0.0159s ]
SQL: SELECT * FROM `field` WHERE `psnid` = 1  [ RunTime:0.0191s ]
SQL: SHOW COLUMNS FROM `worker` [ RunTime:0.0260s ]
SQL: SELECT * FROM `worker` WHERE `id` = 1 AND `psnid` = 1 LIMIT 1   [ RunTime:0.0072s ]
SQL: SELECT * FROM `worker` WHERE `id` = 2 AND `psnid` = 1 LIMIT 1   [ RunTime:0.0194s ]
SQL: SELECT * FROM `worker` WHERE `id` = 0 AND `psnid` = 1 LIMIT 1   [ RunTime:0.0152s ]

[ 2019-03-01T14:20:11+08:00 ] 127.0.0.1 /mjiang/index.php/manager/index/token/bd1ccf3d40fc6cabceef4179a6d01936/userid/18
INFO: [ app_begin ] --START--
INFO: Run Behavior\ReadHtmlCacheBehavior [ RunTime:0.000447s ]
INFO: [ app_begin ] --END-- [ RunTime:0.000745s ]
SQL: SHOW COLUMNS FROM `anltype` [ RunTime:0.0128s ]
SQL: SELECT * FROM `anltype`  [ RunTime:0.0073s ]
SQL: SHOW COLUMNS FROM `anlkind` [ RunTime:0.0160s ]
SQL: SELECT * FROM `anlkind`  [ RunTime:0.0054s ]
SQL: SHOW COLUMNS FROM `entertype` [ RunTime:0.0111s ]
SQL: SELECT * FROM `entertype`  [ RunTime:0.0084s ]
SQL: SHOW COLUMNS FROM `field` [ RunTime:0.0179s ]
SQL: SELECT * FROM `field` WHERE `psnid` = 1  [ RunTime:0.0041s ]
SQL: SHOW COLUMNS FROM `worker` [ RunTime:0.0122s ]
SQL: SELECT * FROM `worker` WHERE `id` = 1 AND `psnid` = 1 LIMIT 1   [ RunTime:0.0051s ]
SQL: SELECT * FROM `worker` WHERE `id` = 2 AND `psnid` = 1 LIMIT 1   [ RunTime:0.0052s ]
SQL: SELECT * FROM `worker` WHERE `id` = 0 AND `psnid` = 1 LIMIT 1   [ RunTime:0.0039s ]
INFO: [ view_parse ] --START--
NOTIC: [8] Undefined index:  D:\amp\Apache24\htdocs\mjiang\Runtime\Cache\e9dfd66b2b562f263e727cafa3f1927b5e34dd1b.file.index.html.php 第 443 行.
NOTIC: [8] Undefined index:  D:\amp\Apache24\htdocs\mjiang\Runtime\Cache\e9dfd66b2b562f263e727cafa3f1927b5e34dd1b.file.index.html.php 第 448 行.
INFO: Run Behavior\ParseTemplateBehavior [ RunTime:0.165073s ]
INFO: [ view_parse ] --END-- [ RunTime:0.165139s ]
INFO: [ view_filter ] --START--
INFO: Run Behavior\WriteHtmlCacheBehavior [ RunTime:0.000502s ]
INFO: [ view_filter ] --END-- [ RunTime:0.000534s ]
INFO: [ app_end ] --START--
INFO: Run Behavior\ShowPageTraceBehavior [ RunTime:0.000633s ]
INFO: [ app_end ] --END-- [ RunTime:0.000669s ]

[ 2019-03-01T14:26:35+08:00 ] 127.0.0.1 /mjiang/index.php/manager/index/token/bd1ccf3d40fc6cabceef4179a6d01936/userid/18
INFO: [ app_begin ] --START--
INFO: Run Behavior\ReadHtmlCacheBehavior [ RunTime:0.000576s ]
INFO: [ app_begin ] --END-- [ RunTime:0.001037s ]
SQL: SHOW COLUMNS FROM `anltype` [ RunTime:0.0190s ]
SQL: SELECT * FROM `anltype`  [ RunTime:0.0764s ]
SQL: SHOW COLUMNS FROM `anlkind` [ RunTime:0.0109s ]
SQL: SELECT * FROM `anlkind`  [ RunTime:0.0028s ]
SQL: SHOW COLUMNS FROM `entertype` [ RunTime:0.0151s ]
SQL: SELECT * FROM `entertype`  [ RunTime:0.0029s ]
SQL: SHOW COLUMNS FROM `field` [ RunTime:0.0175s ]
SQL: SELECT * FROM `field` WHERE `psnid` = 1  [ RunTime:0.0034s ]
SQL: SHOW COLUMNS FROM `worker` [ RunTime:0.0153s ]
SQL: SELECT * FROM `worker` WHERE `id` = 1 AND `psnid` = 1 LIMIT 1   [ RunTime:0.0036s ]
SQL: SELECT * FROM `worker` WHERE `id` = 2 AND `psnid` = 1 LIMIT 1   [ RunTime:0.0213s ]
SQL: SELECT * FROM `worker` WHERE `id` = 0 AND `psnid` = 1 LIMIT 1   [ RunTime:0.0048s ]
INFO: [ view_parse ] --START--
NOTIC: [8] Undefined index:  D:\amp\Apache24\htdocs\mjiang\Runtime\Cache\e9dfd66b2b562f263e727cafa3f1927b5e34dd1b.file.index.html.php 第 444 行.
NOTIC: [8] Undefined index: fiel D:\amp\Apache24\htdocs\mjiang\Runtime\Cache\e9dfd66b2b562f263e727cafa3f1927b5e34dd1b.file.index.html.php 第 449 行.
NOTIC: [8] Trying to get property of non-object D:\amp\Apache24\htdocs\mjiang\Runtime\Cache\e9dfd66b2b562f263e727cafa3f1927b5e34dd1b.file.index.html.php 第 449 行.
INFO: Run Behavior\ParseTemplateBehavior [ RunTime:0.188858s ]
INFO: [ view_parse ] --END-- [ RunTime:0.188925s ]
INFO: [ view_filter ] --START--
INFO: Run Behavior\WriteHtmlCacheBehavior [ RunTime:0.000471s ]
INFO: [ view_filter ] --END-- [ RunTime:0.000502s ]
INFO: [ app_end ] --START--
INFO: Run Behavior\ShowPageTraceBehavior [ RunTime:0.000718s ]
INFO: [ app_end ] --END-- [ RunTime:0.000785s ]

[ 2019-03-01T14:27:34+08:00 ] 127.0.0.1 /mjiang/index.php/manager/index/token/bd1ccf3d40fc6cabceef4179a6d01936/userid/18
INFO: [ app_begin ] --START--
INFO: Run Behavior\ReadHtmlCacheBehavior [ RunTime:0.000623s ]
INFO: [ app_begin ] --END-- [ RunTime:0.001179s ]
SQL: SHOW COLUMNS FROM `anltype` [ RunTime:0.0403s ]
SQL: SELECT * FROM `anltype`  [ RunTime:0.0118s ]
SQL: SHOW COLUMNS FROM `anlkind` [ RunTime:0.0185s ]
SQL: SELECT * FROM `anlkind`  [ RunTime:0.0190s ]
SQL: SHOW COLUMNS FROM `entertype` [ RunTime:0.0364s ]
SQL: SELECT * FROM `entertype`  [ RunTime:0.0187s ]
SQL: SHOW COLUMNS FROM `field` [ RunTime:0.0138s ]
SQL: SELECT * FROM `field` WHERE `psnid` = 1  [ RunTime:0.0041s ]
SQL: SHOW COLUMNS FROM `worker` [ RunTime:0.0298s ]
SQL: SELECT * FROM `worker` WHERE `id` = 1 AND `psnid` = 1 LIMIT 1   [ RunTime:0.0059s ]
SQL: SELECT * FROM `worker` WHERE `id` = 2 AND `psnid` = 1 LIMIT 1   [ RunTime:0.0040s ]
SQL: SELECT * FROM `worker` WHERE `id` = 0 AND `psnid` = 1 LIMIT 1   [ RunTime:0.0048s ]
INFO: [ view_parse ] --START--
NOTIC: [8] Undefined index:  D:\amp\Apache24\htdocs\mjiang\Runtime\Cache\e9dfd66b2b562f263e727cafa3f1927b5e34dd1b.file.index.html.php 第 444 行.
NOTIC: [8] Undefined index: fiel D:\amp\Apache24\htdocs\mjiang\Runtime\Cache\e9dfd66b2b562f263e727cafa3f1927b5e34dd1b.file.index.html.php 第 449 行.
NOTIC: [8] Trying to get property of non-object D:\amp\Apache24\htdocs\mjiang\Runtime\Cache\e9dfd66b2b562f263e727cafa3f1927b5e34dd1b.file.index.html.php 第 449 行.
INFO: Run Behavior\ParseTemplateBehavior [ RunTime:0.191056s ]
INFO: [ view_parse ] --END-- [ RunTime:0.191195s ]
INFO: [ view_filter ] --START--
INFO: Run Behavior\WriteHtmlCacheBehavior [ RunTime:0.000627s ]
INFO: [ view_filter ] --END-- [ RunTime:0.000660s ]
INFO: [ app_end ] --START--
INFO: Run Behavior\ShowPageTraceBehavior [ RunTime:0.000717s ]
INFO: [ app_end ] --END-- [ RunTime:0.000774s ]

[ 2019-03-01T14:28:12+08:00 ] 127.0.0.1 /mjiang/index.php/manager/index/token/bd1ccf3d40fc6cabceef4179a6d01936/userid/18
INFO: [ app_begin ] --START--
INFO: Run Behavior\ReadHtmlCacheBehavior [ RunTime:0.000622s ]
INFO: [ app_begin ] --END-- [ RunTime:0.001106s ]
SQL: SHOW COLUMNS FROM `anltype` [ RunTime:0.0163s ]
SQL: SELECT * FROM `anltype`  [ RunTime:0.0389s ]
SQL: SHOW COLUMNS FROM `anlkind` [ RunTime:0.0172s ]
SQL: SELECT * FROM `anlkind`  [ RunTime:0.0034s ]
SQL: SHOW COLUMNS FROM `entertype` [ RunTime:0.0211s ]
SQL: SELECT * FROM `entertype`  [ RunTime:0.0094s ]
SQL: SHOW COLUMNS FROM `field` [ RunTime:0.0129s ]
SQL: SELECT * FROM `field` WHERE `psnid` = 1  [ RunTime:0.0098s ]
SQL: SHOW COLUMNS FROM `worker` [ RunTime:0.0148s ]
SQL: SELECT * FROM `worker` WHERE `id` = 1 AND `psnid` = 1 LIMIT 1   [ RunTime:0.0110s ]
SQL: SELECT * FROM `worker` WHERE `id` = 2 AND `psnid` = 1 LIMIT 1   [ RunTime:0.0039s ]
SQL: SELECT * FROM `worker` WHERE `id` = 0 AND `psnid` = 1 LIMIT 1   [ RunTime:0.0109s ]
INFO: [ view_parse ] --START--
NOTIC: [8] Undefined index:  D:\amp\Apache24\htdocs\mjiang\Runtime\Cache\e9dfd66b2b562f263e727cafa3f1927b5e34dd1b.file.index.html.php 第 444 行.
NOTIC: [8] Undefined index: fiel D:\amp\Apache24\htdocs\mjiang\Runtime\Cache\e9dfd66b2b562f263e727cafa3f1927b5e34dd1b.file.index.html.php 第 449 行.
NOTIC: [8] Trying to get property of non-object D:\amp\Apache24\htdocs\mjiang\Runtime\Cache\e9dfd66b2b562f263e727cafa3f1927b5e34dd1b.file.index.html.php 第 449 行.
INFO: Run Behavior\ParseTemplateBehavior [ RunTime:0.152670s ]
INFO: [ view_parse ] --END-- [ RunTime:0.152741s ]
INFO: [ view_filter ] --START--
INFO: Run Behavior\WriteHtmlCacheBehavior [ RunTime:0.000733s ]
INFO: [ view_filter ] --END-- [ RunTime:0.000793s ]
INFO: [ app_end ] --START--
INFO: Run Behavior\ShowPageTraceBehavior [ RunTime:0.000664s ]
INFO: [ app_end ] --END-- [ RunTime:0.000729s ]

[ 2019-03-01T14:28:45+08:00 ] 127.0.0.1 /mjiang/index.php/manager/index/token/bd1ccf3d40fc6cabceef4179a6d01936/userid/18
INFO: [ app_begin ] --START--
INFO: Run Behavior\ReadHtmlCacheBehavior [ RunTime:0.000502s ]
INFO: [ app_begin ] --END-- [ RunTime:0.008643s ]
SQL: SHOW COLUMNS FROM `anltype` [ RunTime:0.0121s ]
SQL: SELECT * FROM `anltype`  [ RunTime:0.0069s ]
SQL: SHOW COLUMNS FROM `anlkind` [ RunTime:0.0116s ]
SQL: SELECT * FROM `anlkind`  [ RunTime:0.0047s ]
SQL: SHOW COLUMNS FROM `entertype` [ RunTime:0.0127s ]
SQL: SELECT * FROM `entertype`  [ RunTime:0.0049s ]
SQL: SHOW COLUMNS FROM `field` [ RunTime:0.0145s ]
SQL: SELECT * FROM `field` WHERE `psnid` = 1  [ RunTime:0.0063s ]
SQL: SHOW COLUMNS FROM `worker` [ RunTime:0.0187s ]
SQL: SELECT * FROM `worker` WHERE `id` = 1 AND `psnid` = 1 LIMIT 1   [ RunTime:0.0045s ]
SQL: SELECT * FROM `worker` WHERE `id` = 2 AND `psnid` = 1 LIMIT 1   [ RunTime:0.0131s ]
SQL: SELECT * FROM `worker` WHERE `id` = 0 AND `psnid` = 1 LIMIT 1   [ RunTime:0.0045s ]
INFO: [ view_parse ] --START--
NOTIC: [8] Undefined index:  D:\amp\Apache24\htdocs\mjiang\Runtime\Cache\e9dfd66b2b562f263e727cafa3f1927b5e34dd1b.file.index.html.php 第 443 行.
NOTIC: [8] Array to string conversion D:\amp\Apache24\htdocs\mjiang\Runtime\Cache\e9dfd66b2b562f263e727cafa3f1927b5e34dd1b.file.index.html.php 第 448 行.
INFO: Run Behavior\ParseTemplateBehavior [ RunTime:0.147176s ]
INFO: [ view_parse ] --END-- [ RunTime:0.147222s ]
INFO: [ view_filter ] --START--
INFO: Run Behavior\WriteHtmlCacheBehavior [ RunTime:0.000483s ]
INFO: [ view_filter ] --END-- [ RunTime:0.000511s ]
INFO: [ app_end ] --START--
INFO: Run Behavior\ShowPageTraceBehavior [ RunTime:0.000610s ]
INFO: [ app_end ] --END-- [ RunTime:0.000662s ]

[ 2019-03-01T15:09:10+08:00 ] 127.0.0.1 /mjiang/index.php/Home/Manager/addshed
INFO: [ app_begin ] --START--
INFO: Run Behavior\ReadHtmlCacheBehavior [ RunTime:0.000716s ]
INFO: [ app_begin ] --END-- [ RunTime:0.001087s ]
NOTIC: [8] Undefined index: shed D:\amp\Apache24\htdocs\mjiang\Home\Controller\ManagerController.class.php 第 12 行.
NOTIC: [8] Undefined index: area D:\amp\Apache24\htdocs\mjiang\Home\Controller\ManagerController.class.php 第 13 行.
NOTIC: [8] Undefined index: fold D:\amp\Apache24\htdocs\mjiang\Home\Controller\ManagerController.class.php 第 14 行.
NOTIC: [8] Undefined index: worker1 D:\amp\Apache24\htdocs\mjiang\Home\Controller\ManagerController.class.php 第 16 行.
NOTIC: [8] Undefined index: worker2 D:\amp\Apache24\htdocs\mjiang\Home\Controller\ManagerController.class.php 第 17 行.
SQL: SHOW COLUMNS FROM `worker` [ RunTime:0.0126s ]
SQL: SELECT * FROM `worker` WHERE `psnid` = 1 AND `type` = 1  [ RunTime:0.0119s ]
SQL: SELECT * FROM `worker` WHERE `psnid` = 1 AND `type` = 2  [ RunTime:0.0073s ]
INFO: [ view_parse ] --START--
NOTIC: [8] Undefined index: token D:\amp\Apache24\htdocs\mjiang\Runtime\Cache\eca70cdbb2d534e55668bace32baf30d6a17bcbc.file.addshed.html.php 第 113 行.
NOTIC: [8] Trying to get property of non-object D:\amp\Apache24\htdocs\mjiang\Runtime\Cache\eca70cdbb2d534e55668bace32baf30d6a17bcbc.file.addshed.html.php 第 113 行.
NOTIC: [8] Undefined index: id D:\amp\Apache24\htdocs\mjiang\Runtime\Cache\eca70cdbb2d534e55668bace32baf30d6a17bcbc.file.addshed.html.php 第 114 行.
NOTIC: [8] Trying to get property of non-object D:\amp\Apache24\htdocs\mjiang\Runtime\Cache\eca70cdbb2d534e55668bace32baf30d6a17bcbc.file.addshed.html.php 第 114 行.
NOTIC: [8] Undefined index: token D:\amp\Apache24\htdocs\mjiang\Runtime\Cache\eca70cdbb2d534e55668bace32baf30d6a17bcbc.file.addshed.html.php 第 150 行.
NOTIC: [8] Trying to get property of non-object D:\amp\Apache24\htdocs\mjiang\Runtime\Cache\eca70cdbb2d534e55668bace32baf30d6a17bcbc.file.addshed.html.php 第 150 行.
NOTIC: [8] Undefined index: id D:\amp\Apache24\htdocs\mjiang\Runtime\Cache\eca70cdbb2d534e55668bace32baf30d6a17bcbc.file.addshed.html.php 第 151 行.
NOTIC: [8] Trying to get property of non-object D:\amp\Apache24\htdocs\mjiang\Runtime\Cache\eca70cdbb2d534e55668bace32baf30d6a17bcbc.file.addshed.html.php 第 151 行.
NOTIC: [8] Undefined index: token D:\amp\Apache24\htdocs\mjiang\Runtime\Cache\eca70cdbb2d534e55668bace32baf30d6a17bcbc.file.addshed.html.php 第 161 行.
NOTIC: [8] Trying to get property of non-object D:\amp\Apache24\htdocs\mjiang\Runtime\Cache\eca70cdbb2d534e55668bace32baf30d6a17bcbc.file.addshed.html.php 第 161 行.
NOTIC: [8] Undefined index: id D:\amp\Apache24\htdocs\mjiang\Runtime\Cache\eca70cdbb2d534e55668bace32baf30d6a17bcbc.file.addshed.html.php 第 162 行.
NOTIC: [8] Trying to get property of non-object D:\amp\Apache24\htdocs\mjiang\Runtime\Cache\eca70cdbb2d534e55668bace32baf30d6a17bcbc.file.addshed.html.php 第 162 行.
NOTIC: [8] Undefined index: token D:\amp\Apache24\htdocs\mjiang\Runtime\Cache\eca70cdbb2d534e55668bace32baf30d6a17bcbc.file.addshed.html.php 第 165 行.
NOTIC: [8] Trying to get property of non-object D:\amp\Apache24\htdocs\mjiang\Runtime\Cache\eca70cdbb2d534e55668bace32baf30d6a17bcbc.file.addshed.html.php 第 165 行.
NOTIC: [8] Undefined index: id D:\amp\Apache24\htdocs\mjiang\Runtime\Cache\eca70cdbb2d534e55668bace32baf30d6a17bcbc.file.addshed.html.php 第 166 行.
NOTIC: [8] Trying to get property of non-object D:\amp\Apache24\htdocs\mjiang\Runtime\Cache\eca70cdbb2d534e55668bace32baf30d6a17bcbc.file.addshed.html.php 第 166 行.
NOTIC: [8] Undefined index: token D:\amp\Apache24\htdocs\mjiang\Runtime\Cache\eca70cdbb2d534e55668bace32baf30d6a17bcbc.file.addshed.html.php 第 175 行.
NOTIC: [8] Trying to get property of non-object D:\amp\Apache24\htdocs\mjiang\Runtime\Cache\eca70cdbb2d534e55668bace32baf30d6a17bcbc.file.addshed.html.php 第 175 行.
NOTIC: [8] Undefined index: id D:\amp\Apache24\htdocs\mjiang\Runtime\Cache\eca70cdbb2d534e55668bace32baf30d6a17bcbc.file.addshed.html.php 第 176 行.
NOTIC: [8] Trying to get property of non-object D:\amp\Apache24\htdocs\mjiang\Runtime\Cache\eca70cdbb2d534e55668bace32baf30d6a17bcbc.file.addshed.html.php 第 176 行.
NOTIC: [8] Undefined index: token D:\amp\Apache24\htdocs\mjiang\Runtime\Cache\eca70cdbb2d534e55668bace32baf30d6a17bcbc.file.addshed.html.php 第 220 行.
NOTIC: [8] Trying to get property of non-object D:\amp\Apache24\htdocs\mjiang\Runtime\Cache\eca70cdbb2d534e55668bace32baf30d6a17bcbc.file.addshed.html.php 第 220 行.
NOTIC: [8] Undefined index: id D:\amp\Apache24\htdocs\mjiang\Runtime\Cache\eca70cdbb2d534e55668bace32baf30d6a17bcbc.file.addshed.html.php 第 221 行.
NOTIC: [8] Trying to get property of non-object D:\amp\Apache24\htdocs\mjiang\Runtime\Cache\eca70cdbb2d534e55668bace32baf30d6a17bcbc.file.addshed.html.php 第 221 行.
NOTIC: [8] Undefined index: token D:\amp\Apache24\htdocs\mjiang\Runtime\Cache\eca70cdbb2d534e55668bace32baf30d6a17bcbc.file.addshed.html.php 第 321 行.
NOTIC: [8] Trying to get property of non-object D:\amp\Apache24\htdocs\mjiang\Runtime\Cache\eca70cdbb2d534e55668bace32baf30d6a17bcbc.file.addshed.html.php 第 321 行.
NOTIC: [8] Undefined index: id D:\amp\Apache24\htdocs\mjiang\Runtime\Cache\eca70cdbb2d534e55668bace32baf30d6a17bcbc.file.addshed.html.php 第 322 行.
NOTIC: [8] Trying to get property of non-object D:\amp\Apache24\htdocs\mjiang\Runtime\Cache\eca70cdbb2d534e55668bace32baf30d6a17bcbc.file.addshed.html.php 第 322 行.
INFO: Run Behavior\ParseTemplateBehavior [ RunTime:0.079112s ]
INFO: [ view_parse ] --END-- [ RunTime:0.079160s ]
INFO: [ view_filter ] --START--
INFO: Run Behavior\WriteHtmlCacheBehavior [ RunTime:0.000297s ]
INFO: [ view_filter ] --END-- [ RunTime:0.000328s ]
INFO: [ app_end ] --START--
INFO: Run Behavior\ShowPageTraceBehavior [ RunTime:0.000422s ]
INFO: [ app_end ] --END-- [ RunTime:0.000471s ]

[ 2019-03-01T15:12:34+08:00 ] 127.0.0.1 /mjiang/index.php/manager/index/token/bd1ccf3d40fc6cabceef4179a6d01936/userid/18
INFO: [ app_begin ] --START--
INFO: Run Behavior\ReadHtmlCacheBehavior [ RunTime:0.000441s ]
INFO: [ app_begin ] --END-- [ RunTime:0.000726s ]
SQL: SHOW COLUMNS FROM `anltype` [ RunTime:0.0149s ]
SQL: SELECT * FROM `anltype`  [ RunTime:0.0072s ]
SQL: SHOW COLUMNS FROM `anlkind` [ RunTime:0.0181s ]
SQL: SELECT * FROM `anlkind`  [ RunTime:0.0120s ]
SQL: SHOW COLUMNS FROM `entertype` [ RunTime:0.0143s ]
SQL: SELECT * FROM `entertype`  [ RunTime:0.0230s ]
SQL: SHOW COLUMNS FROM `field` [ RunTime:0.0233s ]
SQL: SELECT * FROM `field` WHERE `psnid` = 1  [ RunTime:0.0042s ]
SQL: SHOW COLUMNS FROM `worker` [ RunTime:0.0156s ]
SQL: SELECT * FROM `worker` WHERE `id` = 1 AND `psnid` = 1 LIMIT 1   [ RunTime:0.0121s ]
SQL: SELECT * FROM `worker` WHERE `id` = 2 AND `psnid` = 1 LIMIT 1   [ RunTime:0.0088s ]
SQL: SELECT * FROM `worker` WHERE `id` = 0 AND `psnid` = 1 LIMIT 1   [ RunTime:0.0036s ]
INFO: [ view_parse ] --START--
NOTIC: [8] Undefined index:  D:\amp\Apache24\htdocs\mjiang\Runtime\Cache\e9dfd66b2b562f263e727cafa3f1927b5e34dd1b.file.index.html.php 第 443 行.
NOTIC: [8] Undefined index:  D:\amp\Apache24\htdocs\mjiang\Runtime\Cache\e9dfd66b2b562f263e727cafa3f1927b5e34dd1b.file.index.html.php 第 454 行.
INFO: Run Behavior\ParseTemplateBehavior [ RunTime:0.159699s ]
INFO: [ view_parse ] --END-- [ RunTime:0.159767s ]
INFO: [ view_filter ] --START--
INFO: Run Behavior\WriteHtmlCacheBehavior [ RunTime:0.000523s ]
INFO: [ view_filter ] --END-- [ RunTime:0.000554s ]
INFO: [ app_end ] --START--
INFO: Run Behavior\ShowPageTraceBehavior [ RunTime:0.000468s ]
INFO: [ app_end ] --END-- [ RunTime:0.000501s ]

[ 2019-03-01T15:16:42+08:00 ] 127.0.0.1 /mjiang/index.php/manager/index/token/bd1ccf3d40fc6cabceef4179a6d01936/userid/18
INFO: [ app_begin ] --START--
INFO: Run Behavior\ReadHtmlCacheBehavior [ RunTime:0.000506s ]
INFO: [ app_begin ] --END-- [ RunTime:0.000834s ]
SQL: SHOW COLUMNS FROM `anltype` [ RunTime:0.0157s ]
SQL: SELECT * FROM `anltype`  [ RunTime:0.0076s ]
SQL: SHOW COLUMNS FROM `anlkind` [ RunTime:0.0222s ]
SQL: SELECT * FROM `anlkind`  [ RunTime:0.0254s ]
SQL: SHOW COLUMNS FROM `entertype` [ RunTime:0.0195s ]
SQL: SELECT * FROM `entertype`  [ RunTime:0.0160s ]
SQL: SHOW COLUMNS FROM `field` [ RunTime:0.0258s ]
SQL: SELECT * FROM `field` WHERE `psnid` = 1  [ RunTime:0.0188s ]
SQL: SHOW COLUMNS FROM `worker` [ RunTime:0.0372s ]
SQL: SELECT * FROM `worker` WHERE `id` = 1 AND `psnid` = 1 LIMIT 1   [ RunTime:0.0299s ]
SQL: SELECT * FROM `worker` WHERE `id` = 2 AND `psnid` = 1 LIMIT 1   [ RunTime:0.0269s ]
SQL: SELECT * FROM `worker` WHERE `id` = 0 AND `psnid` = 1 LIMIT 1   [ RunTime:0.0145s ]
INFO: [ view_parse ] --START--
NOTIC: [8] Undefined index:  D:\amp\Apache24\htdocs\mjiang\Runtime\Cache\e9dfd66b2b562f263e727cafa3f1927b5e34dd1b.file.index.html.php 第 443 行.
NOTIC: [8] Undefined index:  D:\amp\Apache24\htdocs\mjiang\Runtime\Cache\e9dfd66b2b562f263e727cafa3f1927b5e34dd1b.file.index.html.php 第 454 行.
INFO: Run Behavior\ParseTemplateBehavior [ RunTime:0.009389s ]
INFO: [ view_parse ] --END-- [ RunTime:0.009434s ]
INFO: [ view_filter ] --START--
INFO: Run Behavior\WriteHtmlCacheBehavior [ RunTime:0.000265s ]
INFO: [ view_filter ] --END-- [ RunTime:0.000296s ]
INFO: [ app_end ] --START--
INFO: Run Behavior\ShowPageTraceBehavior [ RunTime:0.000678s ]
INFO: [ app_end ] --END-- [ RunTime:0.000720s ]

[ 2019-03-01T16:01:48+08:00 ] 127.0.0.1 /mjiang/index.php/manager/index/token/bd1ccf3d40fc6cabceef4179a6d01936/userid/18
INFO: [ app_begin ] --START--
INFO: Run Behavior\ReadHtmlCacheBehavior [ RunTime:0.000590s ]
INFO: [ app_begin ] --END-- [ RunTime:0.000980s ]
SQL: SHOW COLUMNS FROM `anltype` [ RunTime:0.0295s ]
SQL: SELECT * FROM `anltype`  [ RunTime:0.0132s ]
SQL: SHOW COLUMNS FROM `anlkind` [ RunTime:0.0179s ]
SQL: SELECT * FROM `anlkind`  [ RunTime:0.0066s ]
SQL: SHOW COLUMNS FROM `entertype` [ RunTime:0.0152s ]
SQL: SELECT * FROM `entertype`  [ RunTime:0.0046s ]
SQL: SHOW COLUMNS FROM `field` [ RunTime:0.0290s ]
SQL: SELECT * FROM `field` WHERE `psnid` = 1  [ RunTime:0.0150s ]
SQL: SHOW COLUMNS FROM `worker` [ RunTime:0.0161s ]
SQL: SELECT * FROM `worker` WHERE `id` = 1 AND `psnid` = 1 LIMIT 1   [ RunTime:0.0120s ]
SQL: SELECT * FROM `worker` WHERE `id` = 2 AND `psnid` = 1 LIMIT 1   [ RunTime:0.0063s ]
SQL: SELECT * FROM `worker` WHERE `id` = 0 AND `psnid` = 1 LIMIT 1   [ RunTime:0.0066s ]
INFO: [ view_parse ] --START--
NOTIC: [8] Undefined index:  D:\amp\Apache24\htdocs\mjiang\Runtime\Cache\e9dfd66b2b562f263e727cafa3f1927b5e34dd1b.file.index.html.php 第 443 行.
NOTIC: [8] Undefined index:  D:\amp\Apache24\htdocs\mjiang\Runtime\Cache\e9dfd66b2b562f263e727cafa3f1927b5e34dd1b.file.index.html.php 第 454 行.
INFO: Run Behavior\ParseTemplateBehavior [ RunTime:0.033138s ]
INFO: [ view_parse ] --END-- [ RunTime:0.033264s ]
INFO: [ view_filter ] --START--
INFO: Run Behavior\WriteHtmlCacheBehavior [ RunTime:0.001029s ]
INFO: [ view_filter ] --END-- [ RunTime:0.001141s ]
INFO: [ app_end ] --START--
INFO: Run Behavior\ShowPageTraceBehavior [ RunTime:0.000889s ]
INFO: [ app_end ] --END-- [ RunTime:0.000970s ]

[ 2019-03-01T16:07:22+08:00 ] 127.0.0.1 /mjiang/index.php/manager/index/token/bd1ccf3d40fc6cabceef4179a6d01936/userid/18
INFO: [ app_begin ] --START--
INFO: Run Behavior\ReadHtmlCacheBehavior [ RunTime:0.000779s ]
INFO: [ app_begin ] --END-- [ RunTime:0.001251s ]
SQL: SHOW COLUMNS FROM `anltype` [ RunTime:0.0106s ]
SQL: SELECT * FROM `anltype`  [ RunTime:0.0152s ]
SQL: SHOW COLUMNS FROM `anlkind` [ RunTime:0.0146s ]
SQL: SELECT * FROM `anlkind`  [ RunTime:0.0072s ]
SQL: SHOW COLUMNS FROM `entertype` [ RunTime:0.0103s ]
SQL: SELECT * FROM `entertype`  [ RunTime:0.0034s ]
SQL: SHOW COLUMNS FROM `field` [ RunTime:0.0146s ]
SQL: SELECT * FROM `field` WHERE `psnid` = 1  [ RunTime:0.0056s ]
SQL: SHOW COLUMNS FROM `worker` [ RunTime:0.0204s ]
SQL: SELECT * FROM `worker` WHERE `id` = 1 AND `psnid` = 1 LIMIT 1   [ RunTime:0.0155s ]
SQL: SELECT * FROM `worker` WHERE `id` = 2 AND `psnid` = 1 LIMIT 1   [ RunTime:0.0037s ]
SQL: SELECT * FROM `worker` WHERE `id` = 0 AND `psnid` = 1 LIMIT 1   [ RunTime:0.0042s ]
INFO: [ view_parse ] --START--
NOTIC: [8] Undefined index:  D:\amp\Apache24\htdocs\mjiang\Runtime\Cache\e9dfd66b2b562f263e727cafa3f1927b5e34dd1b.file.index.html.php 第 443 行.
INFO: Run Behavior\ParseTemplateBehavior [ RunTime:0.188320s ]
INFO: [ view_parse ] --END-- [ RunTime:0.188369s ]
INFO: [ view_filter ] --START--
INFO: Run Behavior\WriteHtmlCacheBehavior [ RunTime:0.000488s ]
INFO: [ view_filter ] --END-- [ RunTime:0.000519s ]
INFO: [ app_end ] --START--
INFO: Run Behavior\ShowPageTraceBehavior [ RunTime:0.000579s ]
INFO: [ app_end ] --END-- [ RunTime:0.000625s ]

[ 2019-03-01T16:10:42+08:00 ] 127.0.0.1 /mjiang/index.php/manager/index/token/bd1ccf3d40fc6cabceef4179a6d01936/userid/18
INFO: [ app_begin ] --START--
INFO: Run Behavior\ReadHtmlCacheBehavior [ RunTime:0.000598s ]
INFO: [ app_begin ] --END-- [ RunTime:0.001091s ]
SQL: SHOW COLUMNS FROM `anltype` [ RunTime:0.0240s ]
SQL: SELECT * FROM `anltype`  [ RunTime:0.0122s ]
SQL: SHOW COLUMNS FROM `anlkind` [ RunTime:0.0162s ]
SQL: SELECT * FROM `anlkind`  [ RunTime:0.0062s ]
SQL: SHOW COLUMNS FROM `entertype` [ RunTime:0.0177s ]
SQL: SELECT * FROM `entertype`  [ RunTime:0.0113s ]
SQL: SHOW COLUMNS FROM `field` [ RunTime:0.0130s ]
SQL: SELECT * FROM `field` WHERE `psnid` = 1  [ RunTime:0.0168s ]
SQL: SHOW COLUMNS FROM `worker` [ RunTime:0.0127s ]
SQL: SELECT * FROM `worker` WHERE `id` = 1 AND `psnid` = 1 LIMIT 1   [ RunTime:0.0042s ]
SQL: SELECT * FROM `worker` WHERE `id` = 2 AND `psnid` = 1 LIMIT 1   [ RunTime:0.0039s ]
SQL: SELECT * FROM `worker` WHERE `id` = 0 AND `psnid` = 1 LIMIT 1   [ RunTime:0.0037s ]
INFO: [ view_parse ] --START--
INFO: Run Behavior\ParseTemplateBehavior [ RunTime:0.180421s ]
INFO: [ view_parse ] --END-- [ RunTime:0.180531s ]
INFO: [ view_filter ] --START--
INFO: Run Behavior\WriteHtmlCacheBehavior [ RunTime:0.000583s ]
INFO: [ view_filter ] --END-- [ RunTime:0.000618s ]
INFO: [ app_end ] --START--
INFO: Run Behavior\ShowPageTraceBehavior [ RunTime:0.000555s ]
INFO: [ app_end ] --END-- [ RunTime:0.000595s ]

[ 2019-03-01T16:14:00+08:00 ] 127.0.0.1 /mjiang/index.php/manager/index/token/bd1ccf3d40fc6cabceef4179a6d01936/userid/18
INFO: [ app_begin ] --START--
INFO: Run Behavior\ReadHtmlCacheBehavior [ RunTime:0.000871s ]
INFO: [ app_begin ] --END-- [ RunTime:0.001365s ]
SQL: SHOW COLUMNS FROM `anltype` [ RunTime:0.0266s ]
SQL: SELECT * FROM `anltype`  [ RunTime:0.0091s ]
SQL: SHOW COLUMNS FROM `anlkind` [ RunTime:0.0222s ]
SQL: SELECT * FROM `anlkind`  [ RunTime:0.0158s ]
SQL: SHOW COLUMNS FROM `entertype` [ RunTime:0.0179s ]
SQL: SELECT * FROM `entertype`  [ RunTime:0.0044s ]
SQL: SHOW COLUMNS FROM `field` [ RunTime:0.0158s ]
SQL: SELECT * FROM `field` WHERE `psnid` = 1  [ RunTime:0.0066s ]
SQL: SHOW COLUMNS FROM `worker` [ RunTime:0.0137s ]
SQL: SELECT * FROM `worker` WHERE `id` = 1 AND `psnid` = 1 LIMIT 1   [ RunTime:0.0075s ]
SQL: SELECT * FROM `worker` WHERE `id` = 2 AND `psnid` = 1 LIMIT 1   [ RunTime:0.0046s ]
SQL: SELECT * FROM `worker` WHERE `id` = 0 AND `psnid` = 1 LIMIT 1   [ RunTime:0.0181s ]
INFO: [ view_parse ] --START--
INFO: Run Behavior\ParseTemplateBehavior [ RunTime:0.149005s ]
INFO: [ view_parse ] --END-- [ RunTime:0.149066s ]
INFO: [ view_filter ] --START--
INFO: Run Behavior\WriteHtmlCacheBehavior [ RunTime:0.000508s ]
INFO: [ view_filter ] --END-- [ RunTime:0.000537s ]
INFO: [ app_end ] --START--
INFO: Run Behavior\ShowPageTraceBehavior [ RunTime:0.000479s ]
INFO: [ app_end ] --END-- [ RunTime:0.000513s ]

[ 2019-03-01T16:15:40+08:00 ] 127.0.0.1 /mjiang/index.php/Home/Manager/addshed?token=&sale_id=
INFO: [ app_begin ] --START--
INFO: Run Behavior\ReadHtmlCacheBehavior [ RunTime:0.000412s ]
INFO: [ app_begin ] --END-- [ RunTime:0.000719s ]
SQL: SHOW COLUMNS FROM `field` [ RunTime:0.0164s ]
SQL: SELECT * FROM `field` WHERE `psnid` = 1 AND `shedid` = 15 LIMIT 1   [ RunTime:0.0069s ]
SQL: INSERT INTO `field` (`shedid`,`areas`,`folds`,`workerid1`,`workerid2`,`psnid`) VALUES ('15','2','1','3','4','1') [ RunTime:0.0591s ]
INFO: [ view_parse ] --START--
NOTIC: [8] Undefined index: token D:\amp\Apache24\htdocs\mjiang\Runtime\Cache\eca70cdbb2d534e55668bace32baf30d6a17bcbc.file.addshed.html.php 第 113 行.
NOTIC: [8] Trying to get property of non-object D:\amp\Apache24\htdocs\mjiang\Runtime\Cache\eca70cdbb2d534e55668bace32baf30d6a17bcbc.file.addshed.html.php 第 113 行.
NOTIC: [8] Undefined index: id D:\amp\Apache24\htdocs\mjiang\Runtime\Cache\eca70cdbb2d534e55668bace32baf30d6a17bcbc.file.addshed.html.php 第 114 行.
NOTIC: [8] Trying to get property of non-object D:\amp\Apache24\htdocs\mjiang\Runtime\Cache\eca70cdbb2d534e55668bace32baf30d6a17bcbc.file.addshed.html.php 第 114 行.
NOTIC: [8] Undefined index: token D:\amp\Apache24\htdocs\mjiang\Runtime\Cache\eca70cdbb2d534e55668bace32baf30d6a17bcbc.file.addshed.html.php 第 150 行.
NOTIC: [8] Trying to get property of non-object D:\amp\Apache24\htdocs\mjiang\Runtime\Cache\eca70cdbb2d534e55668bace32baf30d6a17bcbc.file.addshed.html.php 第 150 行.
NOTIC: [8] Undefined index: id D:\amp\Apache24\htdocs\mjiang\Runtime\Cache\eca70cdbb2d534e55668bace32baf30d6a17bcbc.file.addshed.html.php 第 151 行.
NOTIC: [8] Trying to get property of non-object D:\amp\Apache24\htdocs\mjiang\Runtime\Cache\eca70cdbb2d534e55668bace32baf30d6a17bcbc.file.addshed.html.php 第 151 行.
NOTIC: [8] Undefined index: token D:\amp\Apache24\htdocs\mjiang\Runtime\Cache\eca70cdbb2d534e55668bace32baf30d6a17bcbc.file.addshed.html.php 第 161 行.
NOTIC: [8] Trying to get property of non-object D:\amp\Apache24\htdocs\mjiang\Runtime\Cache\eca70cdbb2d534e55668bace32baf30d6a17bcbc.file.addshed.html.php 第 161 行.
NOTIC: [8] Undefined index: id D:\amp\Apache24\htdocs\mjiang\Runtime\Cache\eca70cdbb2d534e55668bace32baf30d6a17bcbc.file.addshed.html.php 第 162 行.
NOTIC: [8] Trying to get property of non-object D:\amp\Apache24\htdocs\mjiang\Runtime\Cache\eca70cdbb2d534e55668bace32baf30d6a17bcbc.file.addshed.html.php 第 162 行.
NOTIC: [8] Undefined index: token D:\amp\Apache24\htdocs\mjiang\Runtime\Cache\eca70cdbb2d534e55668bace32baf30d6a17bcbc.file.addshed.html.php 第 165 行.
NOTIC: [8] Trying to get property of non-object D:\amp\Apache24\htdocs\mjiang\Runtime\Cache\eca70cdbb2d534e55668bace32baf30d6a17bcbc.file.addshed.html.php 第 165 行.
NOTIC: [8] Undefined index: id D:\amp\Apache24\htdocs\mjiang\Runtime\Cache\eca70cdbb2d534e55668bace32baf30d6a17bcbc.file.addshed.html.php 第 166 行.
NOTIC: [8] Trying to get property of non-object D:\amp\Apache24\htdocs\mjiang\Runtime\Cache\eca70cdbb2d534e55668bace32baf30d6a17bcbc.file.addshed.html.php 第 166 行.
NOTIC: [8] Undefined index: token D:\amp\Apache24\htdocs\mjiang\Runtime\Cache\eca70cdbb2d534e55668bace32baf30d6a17bcbc.file.addshed.html.php 第 175 行.
NOTIC: [8] Trying to get property of non-object D:\amp\Apache24\htdocs\mjiang\Runtime\Cache\eca70cdbb2d534e55668bace32baf30d6a17bcbc.file.addshed.html.php 第 175 行.
NOTIC: [8] Undefined index: id D:\amp\Apache24\htdocs\mjiang\Runtime\Cache\eca70cdbb2d534e55668bace32baf30d6a17bcbc.file.addshed.html.php 第 176 行.
NOTIC: [8] Trying to get property of non-object D:\amp\Apache24\htdocs\mjiang\Runtime\Cache\eca70cdbb2d534e55668bace32baf30d6a17bcbc.file.addshed.html.php 第 176 行.
NOTIC: [8] Undefined index: token D:\amp\Apache24\htdocs\mjiang\Runtime\Cache\eca70cdbb2d534e55668bace32baf30d6a17bcbc.file.addshed.html.php 第 220 行.
NOTIC: [8] Trying to get property of non-object D:\amp\Apache24\htdocs\mjiang\Runtime\Cache\eca70cdbb2d534e55668bace32baf30d6a17bcbc.file.addshed.html.php 第 220 行.
NOTIC: [8] Undefined index: id D:\amp\Apache24\htdocs\mjiang\Runtime\Cache\eca70cdbb2d534e55668bace32baf30d6a17bcbc.file.addshed.html.php 第 221 行.
NOTIC: [8] Trying to get property of non-object D:\amp\Apache24\htdocs\mjiang\Runtime\Cache\eca70cdbb2d534e55668bace32baf30d6a17bcbc.file.addshed.html.php 第 221 行.
NOTIC: [8] Undefined index: workers1 D:\amp\Apache24\htdocs\mjiang\Runtime\Cache\eca70cdbb2d534e55668bace32baf30d6a17bcbc.file.addshed.html.php 第 242 行.
NOTIC: [8] Trying to get property of non-object D:\amp\Apache24\htdocs\mjiang\Runtime\Cache\eca70cdbb2d534e55668bace32baf30d6a17bcbc.file.addshed.html.php 第 242 行.
NOTIC: [8] Undefined index: workers2 D:\amp\Apache24\htdocs\mjiang\Runtime\Cache\eca70cdbb2d534e55668bace32baf30d6a17bcbc.file.addshed.html.php 第 256 行.
NOTIC: [8] Trying to get property of non-object D:\amp\Apache24\htdocs\mjiang\Runtime\Cache\eca70cdbb2d534e55668bace32baf30d6a17bcbc.file.addshed.html.php 第 256 行.
NOTIC: [8] Undefined index: token D:\amp\Apache24\htdocs\mjiang\Runtime\Cache\eca70cdbb2d534e55668bace32baf30d6a17bcbc.file.addshed.html.php 第 321 行.
NOTIC: [8] Trying to get property of non-object D:\amp\Apache24\htdocs\mjiang\Runtime\Cache\eca70cdbb2d534e55668bace32baf30d6a17bcbc.file.addshed.html.php 第 321 行.
NOTIC: [8] Undefined index: id D:\amp\Apache24\htdocs\mjiang\Runtime\Cache\eca70cdbb2d534e55668bace32baf30d6a17bcbc.file.addshed.html.php 第 322 行.
NOTIC: [8] Trying to get property of non-object D:\amp\Apache24\htdocs\mjiang\Runtime\Cache\eca70cdbb2d534e55668bace32baf30d6a17bcbc.file.addshed.html.php 第 322 行.
INFO: Run Behavior\ParseTemplateBehavior [ RunTime:0.025623s ]
INFO: [ view_parse ] --END-- [ RunTime:0.025729s ]
INFO: [ view_filter ] --START--
INFO: Run Behavior\WriteHtmlCacheBehavior [ RunTime:0.000525s ]
INFO: [ view_filter ] --END-- [ RunTime:0.000598s ]

[ 2019-03-01T16:15:55+08:00 ] 127.0.0.1 /mjiang/index.php/Home/Manager/addshed
INFO: [ app_begin ] --START--
INFO: Run Behavior\ReadHtmlCacheBehavior [ RunTime:0.000464s ]
INFO: [ app_begin ] --END-- [ RunTime:0.000762s ]
NOTIC: [8] Undefined index: shed D:\amp\Apache24\htdocs\mjiang\Home\Controller\ManagerController.class.php 第 12 行.
NOTIC: [8] Undefined index: area D:\amp\Apache24\htdocs\mjiang\Home\Controller\ManagerController.class.php 第 13 行.
NOTIC: [8] Undefined index: fold D:\amp\Apache24\htdocs\mjiang\Home\Controller\ManagerController.class.php 第 14 行.
NOTIC: [8] Undefined index: worker1 D:\amp\Apache24\htdocs\mjiang\Home\Controller\ManagerController.class.php 第 16 行.
NOTIC: [8] Undefined index: worker2 D:\amp\Apache24\htdocs\mjiang\Home\Controller\ManagerController.class.php 第 17 行.
SQL: SHOW COLUMNS FROM `worker` [ RunTime:0.0155s ]
SQL: SELECT * FROM `worker` WHERE `psnid` = 1 AND `type` = 1  [ RunTime:0.0062s ]
SQL: SELECT * FROM `worker` WHERE `psnid` = 1 AND `type` = 2  [ RunTime:0.0121s ]
INFO: [ view_parse ] --START--
NOTIC: [8] Undefined index: token D:\amp\Apache24\htdocs\mjiang\Runtime\Cache\eca70cdbb2d534e55668bace32baf30d6a17bcbc.file.addshed.html.php 第 113 行.
NOTIC: [8] Trying to get property of non-object D:\amp\Apache24\htdocs\mjiang\Runtime\Cache\eca70cdbb2d534e55668bace32baf30d6a17bcbc.file.addshed.html.php 第 113 行.
NOTIC: [8] Undefined index: id D:\amp\Apache24\htdocs\mjiang\Runtime\Cache\eca70cdbb2d534e55668bace32baf30d6a17bcbc.file.addshed.html.php 第 114 行.
NOTIC: [8] Trying to get property of non-object D:\amp\Apache24\htdocs\mjiang\Runtime\Cache\eca70cdbb2d534e55668bace32baf30d6a17bcbc.file.addshed.html.php 第 114 行.
NOTIC: [8] Undefined index: token D:\amp\Apache24\htdocs\mjiang\Runtime\Cache\eca70cdbb2d534e55668bace32baf30d6a17bcbc.file.addshed.html.php 第 150 行.
NOTIC: [8] Trying to get property of non-object D:\amp\Apache24\htdocs\mjiang\Runtime\Cache\eca70cdbb2d534e55668bace32baf30d6a17bcbc.file.addshed.html.php 第 150 行.
NOTIC: [8] Undefined index: id D:\amp\Apache24\htdocs\mjiang\Runtime\Cache\eca70cdbb2d534e55668bace32baf30d6a17bcbc.file.addshed.html.php 第 151 行.
NOTIC: [8] Trying to get property of non-object D:\amp\Apache24\htdocs\mjiang\Runtime\Cache\eca70cdbb2d534e55668bace32baf30d6a17bcbc.file.addshed.html.php 第 151 行.
NOTIC: [8] Undefined index: token D:\amp\Apache24\htdocs\mjiang\Runtime\Cache\eca70cdbb2d534e55668bace32baf30d6a17bcbc.file.addshed.html.php 第 161 行.
NOTIC: [8] Trying to get property of non-object D:\amp\Apache24\htdocs\mjiang\Runtime\Cache\eca70cdbb2d534e55668bace32baf30d6a17bcbc.file.addshed.html.php 第 161 行.
NOTIC: [8] Undefined index: id D:\amp\Apache24\htdocs\mjiang\Runtime\Cache\eca70cdbb2d534e55668bace32baf30d6a17bcbc.file.addshed.html.php 第 162 行.
NOTIC: [8] Trying to get property of non-object D:\amp\Apache24\htdocs\mjiang\Runtime\Cache\eca70cdbb2d534e55668bace32baf30d6a17bcbc.file.addshed.html.php 第 162 行.
NOTIC: [8] Undefined index: token D:\amp\Apache24\htdocs\mjiang\Runtime\Cache\eca70cdbb2d534e55668bace32baf30d6a17bcbc.file.addshed.html.php 第 165 行.
NOTIC: [8] Trying to get property of non-object D:\amp\Apache24\htdocs\mjiang\Runtime\Cache\eca70cdbb2d534e55668bace32baf30d6a17bcbc.file.addshed.html.php 第 165 行.
NOTIC: [8] Undefined index: id D:\amp\Apache24\htdocs\mjiang\Runtime\Cache\eca70cdbb2d534e55668bace32baf30d6a17bcbc.file.addshed.html.php 第 166 行.
NOTIC: [8] Trying to get property of non-object D:\amp\Apache24\htdocs\mjiang\Runtime\Cache\eca70cdbb2d534e55668bace32baf30d6a17bcbc.file.addshed.html.php 第 166 行.
NOTIC: [8] Undefined index: token D:\amp\Apache24\htdocs\mjiang\Runtime\Cache\eca70cdbb2d534e55668bace32baf30d6a17bcbc.file.addshed.html.php 第 175 行.
NOTIC: [8] Trying to get property of non-object D:\amp\Apache24\htdocs\mjiang\Runtime\Cache\eca70cdbb2d534e55668bace32baf30d6a17bcbc.file.addshed.html.php 第 175 行.
NOTIC: [8] Undefined index: id D:\amp\Apache24\htdocs\mjiang\Runtime\Cache\eca70cdbb2d534e55668bace32baf30d6a17bcbc.file.addshed.html.php 第 176 行.
NOTIC: [8] Trying to get property of non-object D:\amp\Apache24\htdocs\mjiang\Runtime\Cache\eca70cdbb2d534e55668bace32baf30d6a17bcbc.file.addshed.html.php 第 176 行.
NOTIC: [8] Undefined index: token D:\amp\Apache24\htdocs\mjiang\Runtime\Cache\eca70cdbb2d534e55668bace32baf30d6a17bcbc.file.addshed.html.php 第 220 行.
NOTIC: [8] Trying to get property of non-object D:\amp\Apache24\htdocs\mjiang\Runtime\Cache\eca70cdbb2d534e55668bace32baf30d6a17bcbc.file.addshed.html.php 第 220 行.
NOTIC: [8] Undefined index: id D:\amp\Apache24\htdocs\mjiang\Runtime\Cache\eca70cdbb2d534e55668bace32baf30d6a17bcbc.file.addshed.html.php 第 221 行.
NOTIC: [8] Trying to get property of non-object D:\amp\Apache24\htdocs\mjiang\Runtime\Cache\eca70cdbb2d534e55668bace32baf30d6a17bcbc.file.addshed.html.php 第 221 行.
NOTIC: [8] Undefined index: token D:\amp\Apache24\htdocs\mjiang\Runtime\Cache\eca70cdbb2d534e55668bace32baf30d6a17bcbc.file.addshed.html.php 第 321 行.
NOTIC: [8] Trying to get property of non-object D:\amp\Apache24\htdocs\mjiang\Runtime\Cache\eca70cdbb2d534e55668bace32baf30d6a17bcbc.file.addshed.html.php 第 321 行.
NOTIC: [8] Undefined index: id D:\amp\Apache24\htdocs\mjiang\Runtime\Cache\eca70cdbb2d534e55668bace32baf30d6a17bcbc.file.addshed.html.php 第 322 行.
NOTIC: [8] Trying to get property of non-object D:\amp\Apache24\htdocs\mjiang\Runtime\Cache\eca70cdbb2d534e55668bace32baf30d6a17bcbc.file.addshed.html.php 第 322 行.
INFO: Run Behavior\ParseTemplateBehavior [ RunTime:0.030381s ]
INFO: [ view_parse ] --END-- [ RunTime:0.030468s ]
INFO: [ view_filter ] --START--
INFO: Run Behavior\WriteHtmlCacheBehavior [ RunTime:0.000290s ]
INFO: [ view_filter ] --END-- [ RunTime:0.000333s ]
INFO: [ app_end ] --START--
INFO: Run Behavior\ShowPageTraceBehavior [ RunTime:0.000559s ]
INFO: [ app_end ] --END-- [ RunTime:0.000614s ]

[ 2019-03-01T16:16:04+08:00 ] 127.0.0.1 /mjiang/index.php/manager/index/token/bd1ccf3d40fc6cabceef4179a6d01936/userid/18
INFO: [ app_begin ] --START--
INFO: Run Behavior\ReadHtmlCacheBehavior [ RunTime:0.000587s ]
INFO: [ app_begin ] --END-- [ RunTime:0.001006s ]
SQL: SHOW COLUMNS FROM `anltype` [ RunTime:0.0116s ]
SQL: SELECT * FROM `anltype`  [ RunTime:0.0050s ]
SQL: SHOW COLUMNS FROM `anlkind` [ RunTime:0.0118s ]
SQL: SELECT * FROM `anlkind`  [ RunTime:0.0030s ]
SQL: SHOW COLUMNS FROM `entertype` [ RunTime:0.0112s ]
SQL: SELECT * FROM `entertype`  [ RunTime:0.0033s ]
SQL: SHOW COLUMNS FROM `field` [ RunTime:0.0182s ]
SQL: SELECT * FROM `field` WHERE `psnid` = 1  [ RunTime:0.0075s ]
SQL: SHOW COLUMNS FROM `worker` [ RunTime:0.0116s ]
SQL: SELECT * FROM `worker` WHERE `id` = 1 AND `psnid` = 1 LIMIT 1   [ RunTime:0.0043s ]
SQL: SELECT * FROM `worker` WHERE `id` = 2 AND `psnid` = 1 LIMIT 1   [ RunTime:0.0092s ]
SQL: SELECT * FROM `worker` WHERE `id` = 0 AND `psnid` = 1 LIMIT 1   [ RunTime:0.0045s ]
SQL: SELECT * FROM `worker` WHERE `id` = 3 AND `psnid` = 1 LIMIT 1   [ RunTime:0.0036s ]
SQL: SELECT * FROM `worker` WHERE `id` = 4 AND `psnid` = 1 LIMIT 1   [ RunTime:0.0087s ]
SQL: SELECT * FROM `worker` WHERE `id` = 0 AND `psnid` = 1 LIMIT 1   [ RunTime:0.0063s ]
INFO: [ view_parse ] --START--
INFO: Run Behavior\ParseTemplateBehavior [ RunTime:0.013269s ]
INFO: [ view_parse ] --END-- [ RunTime:0.013339s ]
INFO: [ view_filter ] --START--
INFO: Run Behavior\WriteHtmlCacheBehavior [ RunTime:0.000386s ]
INFO: [ view_filter ] --END-- [ RunTime:0.000429s ]
INFO: [ app_end ] --START--
INFO: Run Behavior\ShowPageTraceBehavior [ RunTime:0.000699s ]
INFO: [ app_end ] --END-- [ RunTime:0.000759s ]

[ 2019-03-01T16:21:20+08:00 ] 127.0.0.1 /mjiang/index.php/manager/index/token/bd1ccf3d40fc6cabceef4179a6d01936/userid/18
INFO: [ app_begin ] --START--
INFO: Run Behavior\ReadHtmlCacheBehavior [ RunTime:0.000592s ]
INFO: [ app_begin ] --END-- [ RunTime:0.000997s ]
SQL: SHOW COLUMNS FROM `anltype` [ RunTime:0.0252s ]
SQL: SELECT * FROM `anltype`  [ RunTime:0.0404s ]
SQL: SHOW COLUMNS FROM `anlkind` [ RunTime:0.0141s ]
SQL: SELECT * FROM `anlkind`  [ RunTime:0.0158s ]
SQL: SHOW COLUMNS FROM `entertype` [ RunTime:0.0126s ]
SQL: SELECT * FROM `entertype`  [ RunTime:0.0064s ]
SQL: SHOW COLUMNS FROM `field` [ RunTime:0.0142s ]
SQL: SELECT * FROM `field` WHERE `psnid` = 1  [ RunTime:0.0273s ]
SQL: SHOW COLUMNS FROM `worker` [ RunTime:0.0172s ]
SQL: SELECT * FROM `worker` WHERE `id` = 1 AND `psnid` = 1 LIMIT 1   [ RunTime:0.0460s ]
SQL: SELECT * FROM `worker` WHERE `id` = 2 AND `psnid` = 1 LIMIT 1   [ RunTime:0.2138s ]
SQL: SELECT * FROM `worker` WHERE `id` = 0 AND `psnid` = 1 LIMIT 1   [ RunTime:0.0104s ]
SQL: SELECT * FROM `worker` WHERE `id` = 3 AND `psnid` = 1 LIMIT 1   [ RunTime:0.0275s ]
SQL: SELECT * FROM `worker` WHERE `id` = 4 AND `psnid` = 1 LIMIT 1   [ RunTime:0.0508s ]
SQL: SELECT * FROM `worker` WHERE `id` = 0 AND `psnid` = 1 LIMIT 1   [ RunTime:0.0173s ]
INFO: [ view_parse ] --START--
INFO: Run Behavior\ParseTemplateBehavior [ RunTime:0.174514s ]
INFO: [ view_parse ] --END-- [ RunTime:0.174585s ]
INFO: [ view_filter ] --START--
INFO: Run Behavior\WriteHtmlCacheBehavior [ RunTime:0.000492s ]
INFO: [ view_filter ] --END-- [ RunTime:0.000525s ]
INFO: [ app_end ] --START--
INFO: Run Behavior\ShowPageTraceBehavior [ RunTime:0.000515s ]
INFO: [ app_end ] --END-- [ RunTime:0.000563s ]

[ 2019-03-01T16:24:21+08:00 ] 127.0.0.1 /mjiang/index.php/manager/index/token/bd1ccf3d40fc6cabceef4179a6d01936/userid/18
INFO: [ app_begin ] --START--
INFO: Run Behavior\ReadHtmlCacheBehavior [ RunTime:0.000563s ]
INFO: [ app_begin ] --END-- [ RunTime:0.000942s ]
SQL: SHOW COLUMNS FROM `anltype` [ RunTime:0.0140s ]
SQL: SELECT * FROM `anltype`  [ RunTime:0.0035s ]
SQL: SHOW COLUMNS FROM `anlkind` [ RunTime:0.0303s ]
SQL: SELECT * FROM `anlkind`  [ RunTime:0.0097s ]
SQL: SHOW COLUMNS FROM `entertype` [ RunTime:0.0209s ]
SQL: SELECT * FROM `entertype`  [ RunTime:0.0888s ]
SQL: SHOW COLUMNS FROM `field` [ RunTime:0.0328s ]
SQL: SELECT * FROM `field` WHERE `psnid` = 1  [ RunTime:0.0038s ]
SQL: SHOW COLUMNS FROM `worker` [ RunTime:0.0185s ]
SQL: SELECT * FROM `worker` WHERE `id` = 1 AND `psnid` = 1 LIMIT 1   [ RunTime:0.0616s ]
SQL: SELECT * FROM `worker` WHERE `id` = 2 AND `psnid` = 1 LIMIT 1   [ RunTime:0.0055s ]
SQL: SELECT * FROM `worker` WHERE `id` = 0 AND `psnid` = 1 LIMIT 1   [ RunTime:0.0187s ]
SQL: SELECT * FROM `worker` WHERE `id` = 3 AND `psnid` = 1 LIMIT 1   [ RunTime:0.0264s ]
SQL: SELECT * FROM `worker` WHERE `id` = 4 AND `psnid` = 1 LIMIT 1   [ RunTime:0.0160s ]
SQL: SELECT * FROM `worker` WHERE `id` = 0 AND `psnid` = 1 LIMIT 1   [ RunTime:0.0131s ]
INFO: [ view_parse ] --START--
INFO: Run Behavior\ParseTemplateBehavior [ RunTime:0.169690s ]
INFO: [ view_parse ] --END-- [ RunTime:0.169782s ]
INFO: [ view_filter ] --START--
INFO: Run Behavior\WriteHtmlCacheBehavior [ RunTime:0.000769s ]
INFO: [ view_filter ] --END-- [ RunTime:0.000821s ]
INFO: [ app_end ] --START--
INFO: Run Behavior\ShowPageTraceBehavior [ RunTime:0.000484s ]
INFO: [ app_end ] --END-- [ RunTime:0.000522s ]

[ 2019-03-01T16:27:27+08:00 ] 127.0.0.1 /mjiang/index.php/manager/index/token/bd1ccf3d40fc6cabceef4179a6d01936/userid/18
INFO: [ app_begin ] --START--
INFO: Run Behavior\ReadHtmlCacheBehavior [ RunTime:0.000564s ]
INFO: [ app_begin ] --END-- [ RunTime:0.000937s ]
SQL: SHOW COLUMNS FROM `anltype` [ RunTime:0.0142s ]
SQL: SELECT * FROM `anltype`  [ RunTime:0.0169s ]
SQL: SHOW COLUMNS FROM `anlkind` [ RunTime:0.0153s ]
SQL: SELECT * FROM `anlkind`  [ RunTime:0.0047s ]
SQL: SHOW COLUMNS FROM `entertype` [ RunTime:0.0118s ]
SQL: SELECT * FROM `entertype`  [ RunTime:0.0814s ]
SQL: SHOW COLUMNS FROM `field` [ RunTime:0.0495s ]
SQL: SELECT * FROM `field` WHERE `psnid` = 1  [ RunTime:0.0046s ]
SQL: SHOW COLUMNS FROM `worker` [ RunTime:0.0330s ]
SQL: SELECT * FROM `worker` WHERE `id` = 1 AND `psnid` = 1 LIMIT 1   [ RunTime:0.0589s ]
SQL: SELECT * FROM `worker` WHERE `id` = 2 AND `psnid` = 1 LIMIT 1   [ RunTime:0.0782s ]
SQL: SELECT * FROM `worker` WHERE `id` = 0 AND `psnid` = 1 LIMIT 1   [ RunTime:0.0047s ]
SQL: SELECT * FROM `worker` WHERE `id` = 3 AND `psnid` = 1 LIMIT 1   [ RunTime:0.0050s ]
SQL: SELECT * FROM `worker` WHERE `id` = 4 AND `psnid` = 1 LIMIT 1   [ RunTime:0.0149s ]
SQL: SELECT * FROM `worker` WHERE `id` = 0 AND `psnid` = 1 LIMIT 1   [ RunTime:0.0040s ]
INFO: [ view_parse ] --START--
INFO: Run Behavior\ParseTemplateBehavior [ RunTime:0.184064s ]
INFO: [ view_parse ] --END-- [ RunTime:0.184140s ]
INFO: [ view_filter ] --START--
INFO: Run Behavior\WriteHtmlCacheBehavior [ RunTime:0.000483s ]
INFO: [ view_filter ] --END-- [ RunTime:0.000512s ]
INFO: [ app_end ] --START--
INFO: Run Behavior\ShowPageTraceBehavior [ RunTime:0.000476s ]
INFO: [ app_end ] --END-- [ RunTime:0.000509s ]

[ 2019-03-01T16:29:23+08:00 ] 127.0.0.1 /mjiang/index.php/manager/index/token/bd1ccf3d40fc6cabceef4179a6d01936/userid/18
INFO: [ app_begin ] --START--
INFO: Run Behavior\ReadHtmlCacheBehavior [ RunTime:0.000796s ]
INFO: [ app_begin ] --END-- [ RunTime:0.001322s ]
SQL: SHOW COLUMNS FROM `anltype` [ RunTime:0.1141s ]
SQL: SELECT * FROM `anltype`  [ RunTime:0.2228s ]
SQL: SHOW COLUMNS FROM `anlkind` [ RunTime:0.1420s ]
SQL: SELECT * FROM `anlkind`  [ RunTime:0.0125s ]
SQL: SHOW COLUMNS FROM `entertype` [ RunTime:0.0615s ]
SQL: SELECT * FROM `entertype`  [ RunTime:0.0825s ]
SQL: SHOW COLUMNS FROM `field` [ RunTime:0.0236s ]
SQL: SELECT * FROM `field` WHERE `psnid` = 1  [ RunTime:0.0773s ]
SQL: SHOW COLUMNS FROM `worker` [ RunTime:0.0315s ]
SQL: SELECT * FROM `worker` WHERE `id` = 1 AND `psnid` = 1 LIMIT 1   [ RunTime:0.0096s ]
SQL: SELECT * FROM `worker` WHERE `id` = 2 AND `psnid` = 1 LIMIT 1   [ RunTime:0.0080s ]
SQL: SELECT * FROM `worker` WHERE `id` = 0 AND `psnid` = 1 LIMIT 1   [ RunTime:0.0047s ]
SQL: SELECT * FROM `worker` WHERE `id` = 3 AND `psnid` = 1 LIMIT 1   [ RunTime:0.0051s ]
SQL: SELECT * FROM `worker` WHERE `id` = 4 AND `psnid` = 1 LIMIT 1   [ RunTime:0.0245s ]
SQL: SELECT * FROM `worker` WHERE `id` = 0 AND `psnid` = 1 LIMIT 1   [ RunTime:0.0066s ]
INFO: [ view_parse ] --START--
INFO: Run Behavior\ParseTemplateBehavior [ RunTime:0.163024s ]
INFO: [ view_parse ] --END-- [ RunTime:0.163092s ]
INFO: [ view_filter ] --START--
INFO: Run Behavior\WriteHtmlCacheBehavior [ RunTime:0.000519s ]
INFO: [ view_filter ] --END-- [ RunTime:0.000548s ]
INFO: [ app_end ] --START--
INFO: Run Behavior\ShowPageTraceBehavior [ RunTime:0.000713s ]
INFO: [ app_end ] --END-- [ RunTime:0.000753s ]

[ 2019-03-01T16:31:05+08:00 ] 127.0.0.1 /mjiang/index.php/manager/index/token/bd1ccf3d40fc6cabceef4179a6d01936/userid/18
INFO: [ app_begin ] --START--
INFO: Run Behavior\ReadHtmlCacheBehavior [ RunTime:0.000399s ]
INFO: [ app_begin ] --END-- [ RunTime:0.000730s ]
SQL: SHOW COLUMNS FROM `anltype` [ RunTime:0.0232s ]
SQL: SELECT * FROM `anltype`  [ RunTime:0.0928s ]
SQL: SHOW COLUMNS FROM `anlkind` [ RunTime:0.0412s ]
SQL: SELECT * FROM `anlkind`  [ RunTime:0.0479s ]
SQL: SHOW COLUMNS FROM `entertype` [ RunTime:0.5024s ]
SQL: SELECT * FROM `entertype`  [ RunTime:0.0161s ]
SQL: SHOW COLUMNS FROM `field` [ RunTime:0.0596s ]
SQL: SELECT * FROM `field` WHERE `psnid` = 1  [ RunTime:0.0498s ]
SQL: SHOW COLUMNS FROM `worker` [ RunTime:0.0399s ]
SQL: SELECT * FROM `worker` WHERE `id` = 1 AND `psnid` = 1 LIMIT 1   [ RunTime:0.0093s ]
SQL: SELECT * FROM `worker` WHERE `id` = 2 AND `psnid` = 1 LIMIT 1   [ RunTime:0.0055s ]
SQL: SELECT * FROM `worker` WHERE `id` = 0 AND `psnid` = 1 LIMIT 1   [ RunTime:0.1597s ]
SQL: SELECT * FROM `worker` WHERE `id` = 3 AND `psnid` = 1 LIMIT 1   [ RunTime:0.3003s ]
SQL: SELECT * FROM `worker` WHERE `id` = 4 AND `psnid` = 1 LIMIT 1   [ RunTime:0.0090s ]
SQL: SELECT * FROM `worker` WHERE `id` = 0 AND `psnid` = 1 LIMIT 1   [ RunTime:0.0369s ]
INFO: [ view_parse ] --START--
INFO: Run Behavior\ParseTemplateBehavior [ RunTime:0.152827s ]
INFO: [ view_parse ] --END-- [ RunTime:0.152878s ]
INFO: [ view_filter ] --START--
INFO: Run Behavior\WriteHtmlCacheBehavior [ RunTime:0.000497s ]
INFO: [ view_filter ] --END-- [ RunTime:0.000531s ]
INFO: [ app_end ] --START--
INFO: Run Behavior\ShowPageTraceBehavior [ RunTime:0.000614s ]
INFO: [ app_end ] --END-- [ RunTime:0.000678s ]

[ 2019-03-01T16:31:55+08:00 ] 127.0.0.1 /mjiang/index.php/manager/index/token/bd1ccf3d40fc6cabceef4179a6d01936/userid/18
INFO: [ app_begin ] --START--
INFO: Run Behavior\ReadHtmlCacheBehavior [ RunTime:0.000430s ]
INFO: [ app_begin ] --END-- [ RunTime:0.000738s ]
SQL: SHOW COLUMNS FROM `anltype` [ RunTime:0.0147s ]
SQL: SELECT * FROM `anltype`  [ RunTime:0.0087s ]
SQL: SHOW COLUMNS FROM `anlkind` [ RunTime:0.0517s ]
SQL: SELECT * FROM `anlkind`  [ RunTime:0.0470s ]
SQL: SHOW COLUMNS FROM `entertype` [ RunTime:0.0924s ]
SQL: SELECT * FROM `entertype`  [ RunTime:0.0164s ]
SQL: SHOW COLUMNS FROM `field` [ RunTime:2.1402s ]
SQL: SELECT * FROM `field` WHERE `psnid` = 1  [ RunTime:0.0125s ]
SQL: SHOW COLUMNS FROM `worker` [ RunTime:0.0193s ]
SQL: SELECT * FROM `worker` WHERE `id` = 1 AND `psnid` = 1 LIMIT 1   [ RunTime:0.0211s ]
SQL: SELECT * FROM `worker` WHERE `id` = 2 AND `psnid` = 1 LIMIT 1   [ RunTime:0.3212s ]
SQL: SELECT * FROM `worker` WHERE `id` = 0 AND `psnid` = 1 LIMIT 1   [ RunTime:0.0112s ]
SQL: SELECT * FROM `worker` WHERE `id` = 3 AND `psnid` = 1 LIMIT 1   [ RunTime:0.0047s ]
SQL: SELECT * FROM `worker` WHERE `id` = 4 AND `psnid` = 1 LIMIT 1   [ RunTime:0.0145s ]
SQL: SELECT * FROM `worker` WHERE `id` = 0 AND `psnid` = 1 LIMIT 1   [ RunTime:0.3168s ]
INFO: [ view_parse ] --START--
INFO: Run Behavior\ParseTemplateBehavior [ RunTime:0.178949s ]
INFO: [ view_parse ] --END-- [ RunTime:0.179043s ]
INFO: [ view_filter ] --START--
INFO: Run Behavior\WriteHtmlCacheBehavior [ RunTime:0.000501s ]
INFO: [ view_filter ] --END-- [ RunTime:0.000537s ]
INFO: [ app_end ] --START--
INFO: Run Behavior\ShowPageTraceBehavior [ RunTime:0.000618s ]
INFO: [ app_end ] --END-- [ RunTime:0.000668s ]

[ 2019-03-01T16:32:43+08:00 ] 127.0.0.1 /mjiang/index.php/manager/index/token/bd1ccf3d40fc6cabceef4179a6d01936/userid/18
INFO: [ app_begin ] --START--
INFO: Run Behavior\ReadHtmlCacheBehavior [ RunTime:0.000438s ]
INFO: [ app_begin ] --END-- [ RunTime:0.000738s ]
SQL: SHOW COLUMNS FROM `anltype` [ RunTime:0.0131s ]
SQL: SELECT * FROM `anltype`  [ RunTime:0.0077s ]
SQL: SHOW COLUMNS FROM `anlkind` [ RunTime:0.0139s ]
SQL: SELECT * FROM `anlkind`  [ RunTime:0.0086s ]
SQL: SHOW COLUMNS FROM `entertype` [ RunTime:0.0192s ]
SQL: SELECT * FROM `entertype`  [ RunTime:0.0699s ]
SQL: SHOW COLUMNS FROM `field` [ RunTime:0.0338s ]
SQL: SELECT * FROM `field` WHERE `psnid` = 1  [ RunTime:0.0046s ]
SQL: SHOW COLUMNS FROM `worker` [ RunTime:0.0155s ]
SQL: SELECT * FROM `worker` WHERE `id` = 1 AND `psnid` = 1 LIMIT 1   [ RunTime:0.0075s ]
SQL: SELECT * FROM `worker` WHERE `id` = 2 AND `psnid` = 1 LIMIT 1   [ RunTime:0.0299s ]
SQL: SELECT * FROM `worker` WHERE `id` = 0 AND `psnid` = 1 LIMIT 1   [ RunTime:0.0050s ]
SQL: SELECT * FROM `worker` WHERE `id` = 3 AND `psnid` = 1 LIMIT 1   [ RunTime:0.0042s ]
SQL: SELECT * FROM `worker` WHERE `id` = 4 AND `psnid` = 1 LIMIT 1   [ RunTime:0.0295s ]
SQL: SELECT * FROM `worker` WHERE `id` = 0 AND `psnid` = 1 LIMIT 1   [ RunTime:0.0813s ]
INFO: [ view_parse ] --START--
INFO: Run Behavior\ParseTemplateBehavior [ RunTime:0.150661s ]
INFO: [ view_parse ] --END-- [ RunTime:0.150717s ]
INFO: [ view_filter ] --START--
INFO: Run Behavior\WriteHtmlCacheBehavior [ RunTime:0.000462s ]
INFO: [ view_filter ] --END-- [ RunTime:0.000492s ]
INFO: [ app_end ] --START--
INFO: Run Behavior\ShowPageTraceBehavior [ RunTime:0.000489s ]
INFO: [ app_end ] --END-- [ RunTime:0.000538s ]

[ 2019-03-01T16:33:25+08:00 ] 127.0.0.1 /mjiang/index.php/manager/index/token/bd1ccf3d40fc6cabceef4179a6d01936/userid/18
INFO: [ app_begin ] --START--
INFO: Run Behavior\ReadHtmlCacheBehavior [ RunTime:0.000422s ]
INFO: [ app_begin ] --END-- [ RunTime:0.000693s ]
SQL: SHOW COLUMNS FROM `anltype` [ RunTime:2.4858s ]
SQL: SELECT * FROM `anltype`  [ RunTime:0.1550s ]
SQL: SHOW COLUMNS FROM `anlkind` [ RunTime:0.0573s ]
SQL: SELECT * FROM `anlkind`  [ RunTime:0.1308s ]
SQL: SHOW COLUMNS FROM `entertype` [ RunTime:0.1107s ]
SQL: SELECT * FROM `entertype`  [ RunTime:0.1878s ]
SQL: SHOW COLUMNS FROM `field` [ RunTime:0.0197s ]
SQL: SELECT * FROM `field` WHERE `psnid` = 1  [ RunTime:0.1205s ]
SQL: SHOW COLUMNS FROM `worker` [ RunTime:0.0264s ]
SQL: SELECT * FROM `worker` WHERE `id` = 1 AND `psnid` = 1 LIMIT 1   [ RunTime:0.1104s ]
SQL: SELECT * FROM `worker` WHERE `id` = 2 AND `psnid` = 1 LIMIT 1   [ RunTime:0.0320s ]
SQL: SELECT * FROM `worker` WHERE `id` = 0 AND `psnid` = 1 LIMIT 1   [ RunTime:0.2415s ]
SQL: SELECT * FROM `worker` WHERE `id` = 3 AND `psnid` = 1 LIMIT 1   [ RunTime:0.0818s ]
SQL: SELECT * FROM `worker` WHERE `id` = 4 AND `psnid` = 1 LIMIT 1   [ RunTime:0.0134s ]
SQL: SELECT * FROM `worker` WHERE `id` = 0 AND `psnid` = 1 LIMIT 1   [ RunTime:0.1392s ]
INFO: [ view_parse ] --START--
INFO: Run Behavior\ParseTemplateBehavior [ RunTime:0.172125s ]
INFO: [ view_parse ] --END-- [ RunTime:0.172191s ]
INFO: [ view_filter ] --START--
INFO: Run Behavior\WriteHtmlCacheBehavior [ RunTime:0.000530s ]
INFO: [ view_filter ] --END-- [ RunTime:0.000569s ]
INFO: [ app_end ] --START--
INFO: Run Behavior\ShowPageTraceBehavior [ RunTime:0.000634s ]
INFO: [ app_end ] --END-- [ RunTime:0.000678s ]

[ 2019-03-01T16:33:54+08:00 ] 127.0.0.1 /mjiang/index.php/manager/index/token/bd1ccf3d40fc6cabceef4179a6d01936/userid/18
INFO: [ app_begin ] --START--
INFO: Run Behavior\ReadHtmlCacheBehavior [ RunTime:0.000518s ]
INFO: [ app_begin ] --END-- [ RunTime:0.000886s ]
SQL: SHOW COLUMNS FROM `anltype` [ RunTime:0.0708s ]
SQL: SELECT * FROM `anltype`  [ RunTime:0.0172s ]
SQL: SHOW COLUMNS FROM `anlkind` [ RunTime:0.0447s ]
SQL: SELECT * FROM `anlkind`  [ RunTime:0.0080s ]
SQL: SHOW COLUMNS FROM `entertype` [ RunTime:0.0194s ]
SQL: SELECT * FROM `entertype`  [ RunTime:0.0046s ]
SQL: SHOW COLUMNS FROM `field` [ RunTime:0.0183s ]
SQL: SELECT * FROM `field` WHERE `psnid` = 1  [ RunTime:0.0159s ]
SQL: SHOW COLUMNS FROM `worker` [ RunTime:0.0165s ]
SQL: SELECT * FROM `worker` WHERE `id` = 1 AND `psnid` = 1 LIMIT 1   [ RunTime:0.0104s ]
SQL: SELECT * FROM `worker` WHERE `id` = 2 AND `psnid` = 1 LIMIT 1   [ RunTime:0.0118s ]
SQL: SELECT * FROM `worker` WHERE `id` = 0 AND `psnid` = 1 LIMIT 1   [ RunTime:0.0032s ]
SQL: SELECT * FROM `worker` WHERE `id` = 3 AND `psnid` = 1 LIMIT 1   [ RunTime:0.0685s ]
SQL: SELECT * FROM `worker` WHERE `id` = 4 AND `psnid` = 1 LIMIT 1   [ RunTime:0.0096s ]
SQL: SELECT * FROM `worker` WHERE `id` = 0 AND `psnid` = 1 LIMIT 1   [ RunTime:0.0158s ]
INFO: [ view_parse ] --START--
INFO: Run Behavior\ParseTemplateBehavior [ RunTime:0.179954s ]
INFO: [ view_parse ] --END-- [ RunTime:0.180055s ]
INFO: [ view_filter ] --START--
INFO: Run Behavior\WriteHtmlCacheBehavior [ RunTime:0.000785s ]
INFO: [ view_filter ] --END-- [ RunTime:0.000820s ]
INFO: [ app_end ] --START--
INFO: Run Behavior\ShowPageTraceBehavior [ RunTime:0.000513s ]
INFO: [ app_end ] --END-- [ RunTime:0.000564s ]

[ 2019-03-01T16:52:20+08:00 ] 127.0.0.1 /mjiang/index.php/manager/index/token/bd1ccf3d40fc6cabceef4179a6d01936/userid/18
INFO: [ app_begin ] --START--
INFO: Run Behavior\ReadHtmlCacheBehavior [ RunTime:0.000575s ]
INFO: [ app_begin ] --END-- [ RunTime:0.000976s ]
SQL: SHOW COLUMNS FROM `anltype` [ RunTime:0.0144s ]
SQL: SELECT * FROM `anltype`  [ RunTime:0.0073s ]
SQL: SHOW COLUMNS FROM `anlkind` [ RunTime:0.0179s ]
SQL: SELECT * FROM `anlkind`  [ RunTime:0.0046s ]
SQL: SHOW COLUMNS FROM `entertype` [ RunTime:0.0126s ]
SQL: SELECT * FROM `entertype`  [ RunTime:0.0080s ]
SQL: SHOW COLUMNS FROM `field` [ RunTime:0.0210s ]
SQL: SELECT * FROM `field` WHERE `psnid` = 1  [ RunTime:0.0168s ]
SQL: SHOW COLUMNS FROM `worker` [ RunTime:0.0365s ]
SQL: SELECT * FROM `worker` WHERE `id` = 1 AND `psnid` = 1 LIMIT 1   [ RunTime:0.0060s ]
SQL: SELECT * FROM `worker` WHERE `id` = 2 AND `psnid` = 1 LIMIT 1   [ RunTime:0.0084s ]
SQL: SELECT * FROM `worker` WHERE `id` = 0 AND `psnid` = 1 LIMIT 1   [ RunTime:0.0155s ]
SQL: SELECT * FROM `worker` WHERE `id` = 3 AND `psnid` = 1 LIMIT 1   [ RunTime:0.0100s ]
SQL: SELECT * FROM `worker` WHERE `id` = 4 AND `psnid` = 1 LIMIT 1   [ RunTime:0.0053s ]
SQL: SELECT * FROM `worker` WHERE `id` = 0 AND `psnid` = 1 LIMIT 1   [ RunTime:0.0167s ]
INFO: [ view_parse ] --START--
INFO: Run Behavior\ParseTemplateBehavior [ RunTime:0.196865s ]
INFO: [ view_parse ] --END-- [ RunTime:0.196954s ]
INFO: [ view_filter ] --START--
INFO: Run Behavior\WriteHtmlCacheBehavior [ RunTime:0.000459s ]
INFO: [ view_filter ] --END-- [ RunTime:0.000488s ]
INFO: [ app_end ] --START--
INFO: Run Behavior\ShowPageTraceBehavior [ RunTime:0.000561s ]
INFO: [ app_end ] --END-- [ RunTime:0.000604s ]

