[ 2019-02-27T09:58:00+08:00 ] 127.0.0.1 /mjiang/index.php/login
INFO: [ app_begin ] --START--
INFO: Run Behavior\ReadHtmlCacheBehavior [ RunTime:0.019766s ]
INFO: [ app_begin ] --END-- [ RunTime:0.032226s ]
SQL: SHOW COLUMNS FROM `user` [ RunTime:0.0143s ]
SQL: SELECT * FROM `user` WHERE `name` = 'testhome' LIMIT 1   [ RunTime:0.0084s ]
NOTIC: [8] Undefined variable: phone D:\amp\Apache24\htdocs\mjiang\Home\Controller\LoginController.class.php 第 22 行.
SQL: SELECT * FROM `user` WHERE `name` = null AND `pwd` = '0fbf97af50536d28480e64d810a5c98f' LIMIT 1   [ RunTime:0.0065s ]
INFO: [ view_parse ] --START--
INFO: Run Behavior\ParseTemplateBehavior [ RunTime:0.178572s ]
INFO: [ view_parse ] --END-- [ RunTime:0.178675s ]
INFO: [ view_filter ] --START--
INFO: Run Behavior\WriteHtmlCacheBehavior [ RunTime:0.009643s ]
INFO: [ view_filter ] --END-- [ RunTime:0.009695s ]

[ 2019-02-27T10:12:28+08:00 ] 127.0.0.1 /mjiang/index.php/login
INFO: [ app_begin ] --START--
INFO: Run Behavior\ReadHtmlCacheBehavior [ RunTime:0.000632s ]
INFO: [ app_begin ] --END-- [ RunTime:0.001032s ]
NOTIC: [8] Undefined index: password D:\amp\Apache24\htdocs\mjiang\Home\Controller\LoginController.class.php 第 8 行.
NOTIC: [8] Undefined index: name D:\amp\Apache24\htdocs\mjiang\Home\Controller\LoginController.class.php 第 9 行.

[ 2019-02-27T10:12:39+08:00 ] 127.0.0.1 /mjiang/index.php/login
INFO: [ app_begin ] --START--
INFO: Run Behavior\ReadHtmlCacheBehavior [ RunTime:0.000439s ]
INFO: [ app_begin ] --END-- [ RunTime:0.000717s ]
NOTIC: [8] Undefined index: password D:\amp\Apache24\htdocs\mjiang\Home\Controller\LoginController.class.php 第 8 行.
NOTIC: [8] Undefined index: name D:\amp\Apache24\htdocs\mjiang\Home\Controller\LoginController.class.php 第 9 行.

[ 2019-02-27T10:12:42+08:00 ] 127.0.0.1 /mjiang/index.php/login
INFO: [ app_begin ] --START--
INFO: Run Behavior\ReadHtmlCacheBehavior [ RunTime:0.000357s ]
INFO: [ app_begin ] --END-- [ RunTime:0.000599s ]
NOTIC: [8] Undefined index: password D:\amp\Apache24\htdocs\mjiang\Home\Controller\LoginController.class.php 第 8 行.
NOTIC: [8] Undefined index: name D:\amp\Apache24\htdocs\mjiang\Home\Controller\LoginController.class.php 第 9 行.

[ 2019-02-27T10:14:08+08:00 ] 127.0.0.1 /mjiang/index.php/login
INFO: [ app_begin ] --START--
INFO: Run Behavior\ReadHtmlCacheBehavior [ RunTime:0.000352s ]
INFO: [ app_begin ] --END-- [ RunTime:0.000636s ]
NOTIC: [8] Undefined index: password D:\amp\Apache24\htdocs\mjiang\Home\Controller\LoginController.class.php 第 8 行.
NOTIC: [8] Undefined index: name D:\amp\Apache24\htdocs\mjiang\Home\Controller\LoginController.class.php 第 9 行.

[ 2019-02-27T10:14:31+08:00 ] 127.0.0.1 /mjiang/index.php/login
INFO: [ app_begin ] --START--
INFO: Run Behavior\ReadHtmlCacheBehavior [ RunTime:0.000445s ]
INFO: [ app_begin ] --END-- [ RunTime:0.000756s ]
NOTIC: [8] Undefined index: password D:\amp\Apache24\htdocs\mjiang\Home\Controller\LoginController.class.php 第 8 行.
NOTIC: [8] Undefined index: name D:\amp\Apache24\htdocs\mjiang\Home\Controller\LoginController.class.php 第 9 行.
INFO: [ view_parse ] --START--
INFO: Run Behavior\ParseTemplateBehavior [ RunTime:0.261593s ]
INFO: [ view_parse ] --END-- [ RunTime:0.261651s ]
INFO: [ view_filter ] --START--
INFO: Run Behavior\WriteHtmlCacheBehavior [ RunTime:0.000500s ]
INFO: [ view_filter ] --END-- [ RunTime:0.000532s ]

[ 2019-02-27T10:15:22+08:00 ] 127.0.0.1 /mjiang/index.php/login
INFO: [ app_begin ] --START--
INFO: Run Behavior\ReadHtmlCacheBehavior [ RunTime:0.000568s ]
INFO: [ app_begin ] --END-- [ RunTime:0.000968s ]
SQL: SHOW COLUMNS FROM `user` [ RunTime:0.0251s ]
SQL: SELECT * FROM `user` WHERE `name` = 'testhome' LIMIT 1   [ RunTime:0.0086s ]
NOTIC: [8] Undefined variable: phone D:\amp\Apache24\htdocs\mjiang\Home\Controller\LoginController.class.php 第 22 行.
SQL: SELECT * FROM `user` WHERE `name` = null AND `pwd` = '0fbf97af50536d28480e64d810a5c98f' LIMIT 1   [ RunTime:0.3188s ]

[ 2019-02-27T10:20:01+08:00 ] 127.0.0.1 /mjiang/index.php/login
INFO: [ app_begin ] --START--
INFO: Run Behavior\ReadHtmlCacheBehavior [ RunTime:0.000649s ]
INFO: [ app_begin ] --END-- [ RunTime:0.001073s ]
NOTIC: [8] Undefined index: password D:\amp\Apache24\htdocs\mjiang\Home\Controller\LoginController.class.php 第 8 行.
NOTIC: [8] Undefined index: name D:\amp\Apache24\htdocs\mjiang\Home\Controller\LoginController.class.php 第 9 行.
INFO: [ view_parse ] --START--
INFO: Run Behavior\ParseTemplateBehavior [ RunTime:0.008193s ]
INFO: [ view_parse ] --END-- [ RunTime:0.008249s ]
INFO: [ view_filter ] --START--
INFO: Run Behavior\WriteHtmlCacheBehavior [ RunTime:0.000297s ]
INFO: [ view_filter ] --END-- [ RunTime:0.000324s ]

[ 2019-02-27T10:20:18+08:00 ] 127.0.0.1 /mjiang/index.php/login
INFO: [ app_begin ] --START--
INFO: Run Behavior\ReadHtmlCacheBehavior [ RunTime:0.000808s ]
INFO: [ app_begin ] --END-- [ RunTime:0.008328s ]
SQL: SHOW COLUMNS FROM `user` [ RunTime:0.0419s ]
SQL: SELECT * FROM `user` WHERE `name` = 'testhome' LIMIT 1   [ RunTime:0.0038s ]
SQL: SELECT * FROM `user` WHERE `name` = 'testhome' AND `pwd` = '0fbf97af50536d28480e64d810a5c98f' LIMIT 1   [ RunTime:0.0046s ]

[ 2019-02-27T10:20:28+08:00 ] 127.0.0.1 /mjiang/index.php/manager/index/token/bd1ccf3d40fc6cabceef4179a6d01936/userid/18
INFO: [ app_begin ] --START--
INFO: Run Behavior\ReadHtmlCacheBehavior [ RunTime:0.000366s ]
INFO: [ app_begin ] --END-- [ RunTime:0.000600s ]
SQL: SHOW COLUMNS FROM `workertype` [ RunTime:0.0499s ]
SQL: SELECT * FROM `workertype`  [ RunTime:0.0489s ]
INFO: [ view_parse ] --START--
NOTIC: [2] filemtime(): stat failed for D:/amp/Apache24/htdocs/mjiang/Runtime/Cache\e9dfd66b2b562f263e727cafa3f1927b5e34dd1b.file.index.html.php D:\amp\Apache24\htdocs\mjiang\ThinkPHP\Library\Vendor\Smarty\sysplugins\smarty_resource.php 第 683 行.
NOTIC: [2] unlink(D:/amp/Apache24/htdocs/mjiang/Runtime/Cache\e9dfd66b2b562f263e727cafa3f1927b5e34dd1b.file.index.html.php): No such file or directory D:\amp\Apache24\htdocs\mjiang\ThinkPHP\Library\Vendor\Smarty\sysplugins\smarty_internal_write_file.php 第 49 行.
INFO: Run Behavior\ParseTemplateBehavior [ RunTime:0.197009s ]
INFO: [ view_parse ] --END-- [ RunTime:0.197112s ]
INFO: [ view_filter ] --START--
INFO: Run Behavior\WriteHtmlCacheBehavior [ RunTime:0.000475s ]
INFO: [ view_filter ] --END-- [ RunTime:0.000506s ]
INFO: [ app_end ] --START--
INFO: Run Behavior\ShowPageTraceBehavior [ RunTime:0.010829s ]
INFO: [ app_end ] --END-- [ RunTime:0.010909s ]

[ 2019-02-27T10:24:05+08:00 ] 127.0.0.1 /mjiang/index.php/Home/Manager/mysaleinfo?token=bd1ccf3d40fc6cabceef4179a6d01936&sale_id=18
INFO: [ app_begin ] --START--
INFO: Run Behavior\ReadHtmlCacheBehavior [ RunTime:0.000441s ]
INFO: [ app_begin ] --END-- [ RunTime:0.000729s ]
ERR: SQLSTATE[42S02]: Base table or view not found: 1146 Table 'pg.lp_sales' doesn't exist

[ 2019-02-27T10:24:05+08:00 ] 127.0.0.1 /mjiang/index.php/login
INFO: [ app_begin ] --START--
INFO: Run Behavior\ReadHtmlCacheBehavior [ RunTime:0.000764s ]
INFO: [ app_begin ] --END-- [ RunTime:0.001160s ]
NOTIC: [8] Undefined index: password D:\amp\Apache24\htdocs\mjiang\Home\Controller\LoginController.class.php 第 8 行.
NOTIC: [8] Undefined index: name D:\amp\Apache24\htdocs\mjiang\Home\Controller\LoginController.class.php 第 9 行.
INFO: [ view_parse ] --START--
INFO: Run Behavior\ParseTemplateBehavior [ RunTime:0.013955s ]
INFO: [ view_parse ] --END-- [ RunTime:0.014044s ]
INFO: [ view_filter ] --START--
INFO: Run Behavior\WriteHtmlCacheBehavior [ RunTime:0.000760s ]
INFO: [ view_filter ] --END-- [ RunTime:0.000812s ]

[ 2019-02-27T14:27:40+08:00 ] 127.0.0.1 /mjiang/index.php/manager/index/token/bd1ccf3d40fc6cabceef4179a6d01936/userid/18
INFO: [ app_begin ] --START--
INFO: Run Behavior\ReadHtmlCacheBehavior [ RunTime:0.000872s ]
INFO: [ app_begin ] --END-- [ RunTime:0.001291s ]
SQL: SHOW COLUMNS FROM `workertype` [ RunTime:0.0125s ]
SQL: SELECT * FROM `workertype`  [ RunTime:0.0032s ]
INFO: [ view_parse ] --START--
INFO: Run Behavior\ParseTemplateBehavior [ RunTime:0.137663s ]
INFO: [ view_parse ] --END-- [ RunTime:0.137757s ]
INFO: [ view_filter ] --START--
INFO: Run Behavior\WriteHtmlCacheBehavior [ RunTime:0.000486s ]
INFO: [ view_filter ] --END-- [ RunTime:0.000515s ]
INFO: [ app_end ] --START--
INFO: Run Behavior\ShowPageTraceBehavior [ RunTime:0.000406s ]
INFO: [ app_end ] --END-- [ RunTime:0.000437s ]

[ 2019-02-27T14:27:57+08:00 ] 127.0.0.1 /mjiang/index.php/login
INFO: [ app_begin ] --START--
INFO: Run Behavior\ReadHtmlCacheBehavior [ RunTime:0.000736s ]
INFO: [ app_begin ] --END-- [ RunTime:0.001325s ]
SQL: SHOW COLUMNS FROM `user` [ RunTime:0.0105s ]
SQL: SELECT * FROM `user` WHERE `name` = 'testhome' LIMIT 1   [ RunTime:0.0069s ]
SQL: SELECT * FROM `user` WHERE `name` = 'testhome' AND `pwd` = '0fbf97af50536d28480e64d810a5c98f' LIMIT 1   [ RunTime:0.0044s ]

[ 2019-02-27T14:28:07+08:00 ] 127.0.0.1 /mjiang/index.php/manager/index/token/bd1ccf3d40fc6cabceef4179a6d01936/userid/18
INFO: [ app_begin ] --START--
INFO: Run Behavior\ReadHtmlCacheBehavior [ RunTime:0.000331s ]
INFO: [ app_begin ] --END-- [ RunTime:0.000577s ]
SQL: SHOW COLUMNS FROM `workertype` [ RunTime:0.0101s ]
SQL: SELECT * FROM `workertype`  [ RunTime:0.0097s ]
INFO: [ view_parse ] --START--
INFO: Run Behavior\ParseTemplateBehavior [ RunTime:0.009008s ]
INFO: [ view_parse ] --END-- [ RunTime:0.009053s ]
INFO: [ view_filter ] --START--
INFO: Run Behavior\WriteHtmlCacheBehavior [ RunTime:0.000437s ]
INFO: [ view_filter ] --END-- [ RunTime:0.000500s ]
INFO: [ app_end ] --START--
INFO: Run Behavior\ShowPageTraceBehavior [ RunTime:0.000524s ]
INFO: [ app_end ] --END-- [ RunTime:0.000559s ]

[ 2019-02-27T14:32:03+08:00 ] 127.0.0.1 /mjiang/index.php/manager/index/token/bd1ccf3d40fc6cabceef4179a6d01936/userid/18
INFO: [ app_begin ] --START--
INFO: Run Behavior\ReadHtmlCacheBehavior [ RunTime:0.000601s ]
INFO: [ app_begin ] --END-- [ RunTime:0.000940s ]
SQL: SHOW COLUMNS FROM `workertype` [ RunTime:0.0202s ]
SQL: SELECT * FROM `workertype`  [ RunTime:0.0265s ]
INFO: [ view_parse ] --START--
INFO: Run Behavior\ParseTemplateBehavior [ RunTime:0.135466s ]
INFO: [ view_parse ] --END-- [ RunTime:0.135530s ]
INFO: [ view_filter ] --START--
INFO: Run Behavior\WriteHtmlCacheBehavior [ RunTime:0.000501s ]
INFO: [ view_filter ] --END-- [ RunTime:0.000535s ]
INFO: [ app_end ] --START--
INFO: Run Behavior\ShowPageTraceBehavior [ RunTime:0.000439s ]
INFO: [ app_end ] --END-- [ RunTime:0.000474s ]

[ 2019-02-27T14:32:12+08:00 ] 127.0.0.1 /mjiang/index.php/manager/index/token/bd1ccf3d40fc6cabceef4179a6d01936/userid/18
INFO: [ app_begin ] --START--
INFO: Run Behavior\ReadHtmlCacheBehavior [ RunTime:0.000775s ]
INFO: [ app_begin ] --END-- [ RunTime:0.001173s ]
SQL: SHOW COLUMNS FROM `workertype` [ RunTime:0.0109s ]
SQL: SELECT * FROM `workertype`  [ RunTime:0.0055s ]
INFO: [ view_parse ] --START--
INFO: Run Behavior\ParseTemplateBehavior [ RunTime:0.028678s ]
INFO: [ view_parse ] --END-- [ RunTime:0.028822s ]
INFO: [ view_filter ] --START--
INFO: Run Behavior\WriteHtmlCacheBehavior [ RunTime:0.000988s ]
INFO: [ view_filter ] --END-- [ RunTime:0.001098s ]
INFO: [ app_end ] --START--
INFO: Run Behavior\ShowPageTraceBehavior [ RunTime:0.001757s ]
INFO: [ app_end ] --END-- [ RunTime:0.001978s ]

[ 2019-02-27T14:33:20+08:00 ] 127.0.0.1 /mjiang/index.php/manager/index/token/bd1ccf3d40fc6cabceef4179a6d01936/userid/18
INFO: [ app_begin ] --START--
INFO: Run Behavior\ReadHtmlCacheBehavior [ RunTime:0.000345s ]
INFO: [ app_begin ] --END-- [ RunTime:0.000607s ]
SQL: SHOW COLUMNS FROM `workertype` [ RunTime:0.0102s ]
SQL: SELECT * FROM `workertype`  [ RunTime:0.0060s ]
INFO: [ view_parse ] --START--
INFO: Run Behavior\ParseTemplateBehavior [ RunTime:0.121323s ]
INFO: [ view_parse ] --END-- [ RunTime:0.121377s ]
INFO: [ view_filter ] --START--
INFO: Run Behavior\WriteHtmlCacheBehavior [ RunTime:0.000511s ]
INFO: [ view_filter ] --END-- [ RunTime:0.000542s ]
INFO: [ app_end ] --START--
INFO: Run Behavior\ShowPageTraceBehavior [ RunTime:0.000476s ]
INFO: [ app_end ] --END-- [ RunTime:0.000530s ]

[ 2019-02-27T14:43:07+08:00 ] 127.0.0.1 /mjiang/index.php/manager/index/token/bd1ccf3d40fc6cabceef4179a6d01936/userid/18
INFO: [ app_begin ] --START--
INFO: Run Behavior\ReadHtmlCacheBehavior [ RunTime:0.000510s ]
INFO: [ app_begin ] --END-- [ RunTime:0.001173s ]
SQL: SHOW COLUMNS FROM `anltype` [ RunTime:0.0148s ]
SQL: SELECT * FROM `anltype`  [ RunTime:0.0236s ]
SQL: SHOW COLUMNS FROM `anlkind` [ RunTime:0.1944s ]
SQL: SELECT * FROM `anlkind`  [ RunTime:0.0204s ]
INFO: [ view_parse ] --START--
INFO: Run Behavior\ParseTemplateBehavior [ RunTime:0.134933s ]
INFO: [ view_parse ] --END-- [ RunTime:0.134991s ]
INFO: [ view_filter ] --START--
INFO: Run Behavior\WriteHtmlCacheBehavior [ RunTime:0.000539s ]
INFO: [ view_filter ] --END-- [ RunTime:0.000572s ]
INFO: [ app_end ] --START--
INFO: Run Behavior\ShowPageTraceBehavior [ RunTime:0.000441s ]
INFO: [ app_end ] --END-- [ RunTime:0.000478s ]

[ 2019-02-27T14:43:17+08:00 ] 127.0.0.1 /mjiang/index.php/manager/index/token/bd1ccf3d40fc6cabceef4179a6d01936/userid/18
INFO: [ app_begin ] --START--
INFO: Run Behavior\ReadHtmlCacheBehavior [ RunTime:0.000532s ]
INFO: [ app_begin ] --END-- [ RunTime:0.000874s ]
SQL: SHOW COLUMNS FROM `anltype` [ RunTime:0.0219s ]
SQL: SELECT * FROM `anltype`  [ RunTime:0.0207s ]
SQL: SHOW COLUMNS FROM `anlkind` [ RunTime:0.0229s ]
SQL: SELECT * FROM `anlkind`  [ RunTime:0.0126s ]
INFO: [ view_parse ] --START--
INFO: Run Behavior\ParseTemplateBehavior [ RunTime:0.035864s ]
INFO: [ view_parse ] --END-- [ RunTime:0.036026s ]
INFO: [ view_filter ] --START--
INFO: Run Behavior\WriteHtmlCacheBehavior [ RunTime:0.001025s ]
INFO: [ view_filter ] --END-- [ RunTime:0.001135s ]
INFO: [ app_end ] --START--
INFO: Run Behavior\ShowPageTraceBehavior [ RunTime:0.000764s ]
INFO: [ app_end ] --END-- [ RunTime:0.000844s ]

[ 2019-02-27T14:47:22+08:00 ] 127.0.0.1 /mjiang/index.php/manager/index/token/bd1ccf3d40fc6cabceef4179a6d01936/userid/18
INFO: [ app_begin ] --START--
INFO: Run Behavior\ReadHtmlCacheBehavior [ RunTime:0.000852s ]
INFO: [ app_begin ] --END-- [ RunTime:0.001471s ]
SQL: SHOW COLUMNS FROM `anltype` [ RunTime:0.0169s ]
SQL: SELECT * FROM `anltype`  [ RunTime:0.0046s ]
SQL: SHOW COLUMNS FROM `anlkind` [ RunTime:0.0158s ]
SQL: SELECT * FROM `anlkind`  [ RunTime:0.0066s ]
INFO: [ view_parse ] --START--
INFO: Run Behavior\ParseTemplateBehavior [ RunTime:0.132372s ]
INFO: [ view_parse ] --END-- [ RunTime:0.132428s ]
INFO: [ view_filter ] --START--
INFO: Run Behavior\WriteHtmlCacheBehavior [ RunTime:0.000800s ]
INFO: [ view_filter ] --END-- [ RunTime:0.000870s ]
INFO: [ app_end ] --START--
INFO: Run Behavior\ShowPageTraceBehavior [ RunTime:0.000478s ]
INFO: [ app_end ] --END-- [ RunTime:0.000516s ]

[ 2019-02-27T14:47:31+08:00 ] 127.0.0.1 /mjiang/index.php/manager/index/token/bd1ccf3d40fc6cabceef4179a6d01936/userid/18
INFO: [ app_begin ] --START--
INFO: Run Behavior\ReadHtmlCacheBehavior [ RunTime:0.000591s ]
INFO: [ app_begin ] --END-- [ RunTime:0.000908s ]
SQL: SHOW COLUMNS FROM `anltype` [ RunTime:0.0127s ]
SQL: SELECT * FROM `anltype`  [ RunTime:0.0062s ]
SQL: SHOW COLUMNS FROM `anlkind` [ RunTime:0.0152s ]
SQL: SELECT * FROM `anlkind`  [ RunTime:0.0074s ]
INFO: [ view_parse ] --START--
INFO: Run Behavior\ParseTemplateBehavior [ RunTime:0.009083s ]
INFO: [ view_parse ] --END-- [ RunTime:0.009130s ]
INFO: [ view_filter ] --START--
INFO: Run Behavior\WriteHtmlCacheBehavior [ RunTime:0.000244s ]
INFO: [ view_filter ] --END-- [ RunTime:0.000280s ]
INFO: [ app_end ] --START--
INFO: Run Behavior\ShowPageTraceBehavior [ RunTime:0.000614s ]
INFO: [ app_end ] --END-- [ RunTime:0.000646s ]

[ 2019-02-27T14:58:13+08:00 ] 127.0.0.1 /mjiang/index.php/manager/index/token/bd1ccf3d40fc6cabceef4179a6d01936/userid/18
INFO: [ app_begin ] --START--
INFO: Run Behavior\ReadHtmlCacheBehavior [ RunTime:0.000690s ]
INFO: [ app_begin ] --END-- [ RunTime:0.001126s ]
SQL: SHOW COLUMNS FROM `anltype` [ RunTime:0.0136s ]
SQL: SELECT * FROM `anltype`  [ RunTime:0.0087s ]
SQL: SHOW COLUMNS FROM `anlkind` [ RunTime:0.0119s ]
SQL: SELECT * FROM `anlkind`  [ RunTime:0.0071s ]
INFO: [ view_parse ] --START--
INFO: Run Behavior\ParseTemplateBehavior [ RunTime:0.158139s ]
INFO: [ view_parse ] --END-- [ RunTime:0.158219s ]
INFO: [ view_filter ] --START--
INFO: Run Behavior\WriteHtmlCacheBehavior [ RunTime:0.000647s ]
INFO: [ view_filter ] --END-- [ RunTime:0.000682s ]
INFO: [ app_end ] --START--
INFO: Run Behavior\ShowPageTraceBehavior [ RunTime:0.000570s ]
INFO: [ app_end ] --END-- [ RunTime:0.000607s ]

[ 2019-02-27T16:00:51+08:00 ] 127.0.0.1 /mjiang/index.php/manager/index/token/bd1ccf3d40fc6cabceef4179a6d01936/userid/18
INFO: [ app_begin ] --START--
INFO: Run Behavior\ReadHtmlCacheBehavior [ RunTime:0.000601s ]
INFO: [ app_begin ] --END-- [ RunTime:0.001026s ]
SQL: SHOW COLUMNS FROM `anltype` [ RunTime:0.0224s ]
SQL: SELECT * FROM `anltype`  [ RunTime:0.0072s ]
SQL: SHOW COLUMNS FROM `anlkind` [ RunTime:0.0206s ]
SQL: SELECT * FROM `anlkind`  [ RunTime:0.0103s ]
INFO: [ view_parse ] --START--
INFO: Run Behavior\ParseTemplateBehavior [ RunTime:0.161577s ]
INFO: [ view_parse ] --END-- [ RunTime:0.161713s ]
INFO: [ view_filter ] --START--
INFO: Run Behavior\WriteHtmlCacheBehavior [ RunTime:0.000644s ]
INFO: [ view_filter ] --END-- [ RunTime:0.000696s ]
INFO: [ app_end ] --START--
INFO: Run Behavior\ShowPageTraceBehavior [ RunTime:0.000532s ]
INFO: [ app_end ] --END-- [ RunTime:0.000569s ]

[ 2019-02-27T16:16:28+08:00 ] 127.0.0.1 /mjiang/index.php/manager/index/token/bd1ccf3d40fc6cabceef4179a6d01936/userid/18
INFO: [ app_begin ] --START--
INFO: Run Behavior\ReadHtmlCacheBehavior [ RunTime:0.000490s ]
INFO: [ app_begin ] --END-- [ RunTime:0.000829s ]
SQL: SHOW COLUMNS FROM `anltype` [ RunTime:0.0111s ]
SQL: SELECT * FROM `anltype`  [ RunTime:0.0276s ]
SQL: SHOW COLUMNS FROM `anlkind` [ RunTime:0.0121s ]
SQL: SELECT * FROM `anlkind`  [ RunTime:0.0049s ]
INFO: [ view_parse ] --START--
INFO: Run Behavior\ParseTemplateBehavior [ RunTime:0.168258s ]
INFO: [ view_parse ] --END-- [ RunTime:0.168335s ]
INFO: [ view_filter ] --START--
INFO: Run Behavior\WriteHtmlCacheBehavior [ RunTime:0.000509s ]
INFO: [ view_filter ] --END-- [ RunTime:0.000539s ]
INFO: [ app_end ] --START--
INFO: Run Behavior\ShowPageTraceBehavior [ RunTime:0.000649s ]
INFO: [ app_end ] --END-- [ RunTime:0.000702s ]

[ 2019-02-27T16:18:01+08:00 ] 127.0.0.1 /mjiang/index.php/manager/index/token/bd1ccf3d40fc6cabceef4179a6d01936/userid/18
INFO: [ app_begin ] --START--
INFO: Run Behavior\ReadHtmlCacheBehavior [ RunTime:0.000570s ]
INFO: [ app_begin ] --END-- [ RunTime:0.000833s ]
SQL: SHOW COLUMNS FROM `anltype` [ RunTime:0.0152s ]
SQL: SELECT * FROM `anltype`  [ RunTime:0.0831s ]
SQL: SHOW COLUMNS FROM `anlkind` [ RunTime:0.0124s ]
SQL: SELECT * FROM `anlkind`  [ RunTime:0.0040s ]
INFO: [ view_parse ] --START--
INFO: Run Behavior\ParseTemplateBehavior [ RunTime:0.141859s ]
INFO: [ view_parse ] --END-- [ RunTime:0.141919s ]
INFO: [ view_filter ] --START--
INFO: Run Behavior\WriteHtmlCacheBehavior [ RunTime:0.000522s ]
INFO: [ view_filter ] --END-- [ RunTime:0.000556s ]
INFO: [ app_end ] --START--
INFO: Run Behavior\ShowPageTraceBehavior [ RunTime:0.000495s ]
INFO: [ app_end ] --END-- [ RunTime:0.000532s ]

[ 2019-02-27T16:19:05+08:00 ] 127.0.0.1 /mjiang/index.php/manager/index/token/bd1ccf3d40fc6cabceef4179a6d01936/userid/18
INFO: [ app_begin ] --START--
INFO: Run Behavior\ReadHtmlCacheBehavior [ RunTime:0.000431s ]
INFO: [ app_begin ] --END-- [ RunTime:0.000738s ]
SQL: SHOW COLUMNS FROM `anltype` [ RunTime:0.0243s ]
SQL: SELECT * FROM `anltype`  [ RunTime:0.0045s ]
SQL: SHOW COLUMNS FROM `anlkind` [ RunTime:0.0129s ]
SQL: SELECT * FROM `anlkind`  [ RunTime:0.0067s ]
INFO: [ view_parse ] --START--
INFO: Run Behavior\ParseTemplateBehavior [ RunTime:0.175540s ]
INFO: [ view_parse ] --END-- [ RunTime:0.175635s ]
INFO: [ view_filter ] --START--
INFO: Run Behavior\WriteHtmlCacheBehavior [ RunTime:0.000617s ]
INFO: [ view_filter ] --END-- [ RunTime:0.000652s ]
INFO: [ app_end ] --START--
INFO: Run Behavior\ShowPageTraceBehavior [ RunTime:0.000600s ]
INFO: [ app_end ] --END-- [ RunTime:0.000637s ]

[ 2019-02-27T16:20:15+08:00 ] 127.0.0.1 /mjiang/index.php/manager/index/token/bd1ccf3d40fc6cabceef4179a6d01936/userid/18
INFO: [ app_begin ] --START--
INFO: Run Behavior\ReadHtmlCacheBehavior [ RunTime:0.000625s ]
INFO: [ app_begin ] --END-- [ RunTime:0.001125s ]
SQL: SHOW COLUMNS FROM `anltype` [ RunTime:0.0202s ]
SQL: SELECT * FROM `anltype`  [ RunTime:0.0036s ]
SQL: SHOW COLUMNS FROM `anlkind` [ RunTime:0.0161s ]
SQL: SELECT * FROM `anlkind`  [ RunTime:0.0041s ]
INFO: [ view_parse ] --START--
INFO: Run Behavior\ParseTemplateBehavior [ RunTime:0.170871s ]
INFO: [ view_parse ] --END-- [ RunTime:0.170971s ]
INFO: [ view_filter ] --START--
INFO: Run Behavior\WriteHtmlCacheBehavior [ RunTime:0.000515s ]
INFO: [ view_filter ] --END-- [ RunTime:0.000547s ]
INFO: [ app_end ] --START--
INFO: Run Behavior\ShowPageTraceBehavior [ RunTime:0.000566s ]
INFO: [ app_end ] --END-- [ RunTime:0.000604s ]

[ 2019-02-27T16:24:43+08:00 ] 127.0.0.1 /mjiang/index.php/manager/index/token/bd1ccf3d40fc6cabceef4179a6d01936/userid/18
INFO: [ app_begin ] --START--
INFO: Run Behavior\ReadHtmlCacheBehavior [ RunTime:0.000835s ]
INFO: [ app_begin ] --END-- [ RunTime:0.001346s ]
SQL: SHOW COLUMNS FROM `anltype` [ RunTime:0.0195s ]
SQL: SELECT * FROM `anltype`  [ RunTime:0.0507s ]
SQL: SHOW COLUMNS FROM `anlkind` [ RunTime:0.0170s ]
SQL: SELECT * FROM `anlkind`  [ RunTime:0.0224s ]
INFO: [ view_parse ] --START--
INFO: Run Behavior\ParseTemplateBehavior [ RunTime:0.178548s ]
INFO: [ view_parse ] --END-- [ RunTime:0.178647s ]
INFO: [ view_filter ] --START--
INFO: Run Behavior\WriteHtmlCacheBehavior [ RunTime:0.000496s ]
INFO: [ view_filter ] --END-- [ RunTime:0.000555s ]
INFO: [ app_end ] --START--
INFO: Run Behavior\ShowPageTraceBehavior [ RunTime:0.000477s ]
INFO: [ app_end ] --END-- [ RunTime:0.000511s ]

[ 2019-02-27T16:26:04+08:00 ] 127.0.0.1 /mjiang/index.php/manager/index/token/bd1ccf3d40fc6cabceef4179a6d01936/userid/18
INFO: [ app_begin ] --START--
INFO: Run Behavior\ReadHtmlCacheBehavior [ RunTime:0.000569s ]
INFO: [ app_begin ] --END-- [ RunTime:0.000924s ]
SQL: SHOW COLUMNS FROM `anltype` [ RunTime:0.0144s ]
SQL: SELECT * FROM `anltype`  [ RunTime:0.0060s ]
SQL: SHOW COLUMNS FROM `anlkind` [ RunTime:0.0144s ]
SQL: SELECT * FROM `anlkind`  [ RunTime:0.0064s ]
INFO: [ view_parse ] --START--
INFO: Run Behavior\ParseTemplateBehavior [ RunTime:0.139688s ]
INFO: [ view_parse ] --END-- [ RunTime:0.139745s ]
INFO: [ view_filter ] --START--
INFO: Run Behavior\WriteHtmlCacheBehavior [ RunTime:0.000499s ]
INFO: [ view_filter ] --END-- [ RunTime:0.000529s ]
INFO: [ app_end ] --START--
INFO: Run Behavior\ShowPageTraceBehavior [ RunTime:0.000443s ]
INFO: [ app_end ] --END-- [ RunTime:0.000477s ]

[ 2019-02-27T16:29:59+08:00 ] 127.0.0.1 /mjiang/index.php/manager/index/token/bd1ccf3d40fc6cabceef4179a6d01936/userid/18
INFO: [ app_begin ] --START--
INFO: Run Behavior\ReadHtmlCacheBehavior [ RunTime:0.000581s ]
INFO: [ app_begin ] --END-- [ RunTime:0.000958s ]
SQL: SHOW COLUMNS FROM `anltype` [ RunTime:0.0158s ]
SQL: SELECT * FROM `anltype`  [ RunTime:0.0064s ]
SQL: SHOW COLUMNS FROM `anlkind` [ RunTime:0.0175s ]
SQL: SELECT * FROM `anlkind`  [ RunTime:0.0083s ]
INFO: [ view_parse ] --START--
INFO: Run Behavior\ParseTemplateBehavior [ RunTime:0.156407s ]
INFO: [ view_parse ] --END-- [ RunTime:0.156466s ]
INFO: [ view_filter ] --START--
INFO: Run Behavior\WriteHtmlCacheBehavior [ RunTime:0.000494s ]
INFO: [ view_filter ] --END-- [ RunTime:0.000526s ]
INFO: [ app_end ] --START--
INFO: Run Behavior\ShowPageTraceBehavior [ RunTime:0.000586s ]
INFO: [ app_end ] --END-- [ RunTime:0.000640s ]

[ 2019-02-27T16:42:40+08:00 ] 127.0.0.1 /mjiang/index.php/manager/index/token/bd1ccf3d40fc6cabceef4179a6d01936/userid/18
INFO: [ app_begin ] --START--
INFO: Run Behavior\ReadHtmlCacheBehavior [ RunTime:0.000643s ]
INFO: [ app_begin ] --END-- [ RunTime:0.001049s ]
SQL: SHOW COLUMNS FROM `anltype` [ RunTime:0.0126s ]
SQL: SELECT * FROM `anltype`  [ RunTime:0.0153s ]
SQL: SHOW COLUMNS FROM `anlkind` [ RunTime:0.0130s ]
SQL: SELECT * FROM `anlkind`  [ RunTime:0.0099s ]
INFO: [ view_parse ] --START--
INFO: Run Behavior\ParseTemplateBehavior [ RunTime:0.187843s ]
INFO: [ view_parse ] --END-- [ RunTime:0.187941s ]
INFO: [ view_filter ] --START--
INFO: Run Behavior\WriteHtmlCacheBehavior [ RunTime:0.000563s ]
INFO: [ view_filter ] --END-- [ RunTime:0.000594s ]
INFO: [ app_end ] --START--
INFO: Run Behavior\ShowPageTraceBehavior [ RunTime:0.000509s ]
INFO: [ app_end ] --END-- [ RunTime:0.000544s ]

[ 2019-02-27T16:44:04+08:00 ] 127.0.0.1 /mjiang/index.php/manager/index/token/bd1ccf3d40fc6cabceef4179a6d01936/userid/18
INFO: [ app_begin ] --START--
INFO: Run Behavior\ReadHtmlCacheBehavior [ RunTime:0.000586s ]
INFO: [ app_begin ] --END-- [ RunTime:0.000977s ]
SQL: SHOW COLUMNS FROM `anltype` [ RunTime:0.0153s ]
SQL: SELECT * FROM `anltype`  [ RunTime:0.0098s ]
SQL: SHOW COLUMNS FROM `anlkind` [ RunTime:0.0119s ]
SQL: SELECT * FROM `anlkind`  [ RunTime:0.0083s ]
INFO: [ view_parse ] --START--
INFO: Run Behavior\ParseTemplateBehavior [ RunTime:0.182115s ]
INFO: [ view_parse ] --END-- [ RunTime:0.182213s ]
INFO: [ view_filter ] --START--
INFO: Run Behavior\WriteHtmlCacheBehavior [ RunTime:0.000495s ]
INFO: [ view_filter ] --END-- [ RunTime:0.000530s ]
INFO: [ app_end ] --START--
INFO: Run Behavior\ShowPageTraceBehavior [ RunTime:0.000614s ]
INFO: [ app_end ] --END-- [ RunTime:0.000662s ]

[ 2019-02-27T17:28:18+08:00 ] 127.0.0.1 /mjiang/index.php/manager/index/token/bd1ccf3d40fc6cabceef4179a6d01936/userid/18
INFO: [ app_begin ] --START--
INFO: Run Behavior\ReadHtmlCacheBehavior [ RunTime:0.001083s ]
INFO: [ app_begin ] --END-- [ RunTime:0.001650s ]
SQL: SHOW COLUMNS FROM `anltype` [ RunTime:0.0493s ]
SQL: SELECT * FROM `anltype`  [ RunTime:0.0123s ]
SQL: SHOW COLUMNS FROM `anlkind` [ RunTime:0.0575s ]
SQL: SELECT * FROM `anlkind`  [ RunTime:0.3290s ]
INFO: [ view_parse ] --START--
INFO: Run Behavior\ParseTemplateBehavior [ RunTime:0.174744s ]
INFO: [ view_parse ] --END-- [ RunTime:0.174803s ]
INFO: [ view_filter ] --START--
INFO: Run Behavior\WriteHtmlCacheBehavior [ RunTime:0.000489s ]
INFO: [ view_filter ] --END-- [ RunTime:0.000521s ]
INFO: [ app_end ] --START--
INFO: Run Behavior\ShowPageTraceBehavior [ RunTime:0.000515s ]
INFO: [ app_end ] --END-- [ RunTime:0.000559s ]

[ 2019-02-27T17:33:30+08:00 ] 127.0.0.1 /mjiang/index.php/manager/index/token/bd1ccf3d40fc6cabceef4179a6d01936/userid/18
INFO: [ app_begin ] --START--
INFO: Run Behavior\ReadHtmlCacheBehavior [ RunTime:0.000580s ]
INFO: [ app_begin ] --END-- [ RunTime:0.000920s ]
SQL: SHOW COLUMNS FROM `anltype` [ RunTime:0.0234s ]
SQL: SELECT * FROM `anltype`  [ RunTime:0.0051s ]
SQL: SHOW COLUMNS FROM `anlkind` [ RunTime:0.0179s ]
SQL: SELECT * FROM `anlkind`  [ RunTime:0.0540s ]
INFO: [ view_parse ] --START--
INFO: Run Behavior\ParseTemplateBehavior [ RunTime:0.191559s ]
INFO: [ view_parse ] --END-- [ RunTime:0.191636s ]
INFO: [ view_filter ] --START--
INFO: Run Behavior\WriteHtmlCacheBehavior [ RunTime:0.000475s ]
INFO: [ view_filter ] --END-- [ RunTime:0.000505s ]
INFO: [ app_end ] --START--
INFO: Run Behavior\ShowPageTraceBehavior [ RunTime:0.000449s ]
INFO: [ app_end ] --END-- [ RunTime:0.000485s ]

[ 2019-02-27T17:34:22+08:00 ] 127.0.0.1 /mjiang/index.php/manager/index/token/bd1ccf3d40fc6cabceef4179a6d01936/userid/18
INFO: [ app_begin ] --START--
INFO: Run Behavior\ReadHtmlCacheBehavior [ RunTime:0.000562s ]
INFO: [ app_begin ] --END-- [ RunTime:0.000924s ]
SQL: SHOW COLUMNS FROM `anltype` [ RunTime:0.0188s ]
SQL: SELECT * FROM `anltype`  [ RunTime:0.0209s ]
SQL: SHOW COLUMNS FROM `anlkind` [ RunTime:0.1222s ]
SQL: SELECT * FROM `anlkind`  [ RunTime:0.1293s ]
INFO: [ view_parse ] --START--
INFO: Run Behavior\ParseTemplateBehavior [ RunTime:0.170619s ]
INFO: [ view_parse ] --END-- [ RunTime:0.170677s ]
INFO: [ view_filter ] --START--
INFO: Run Behavior\WriteHtmlCacheBehavior [ RunTime:0.000504s ]
INFO: [ view_filter ] --END-- [ RunTime:0.000536s ]
INFO: [ app_end ] --START--
INFO: Run Behavior\ShowPageTraceBehavior [ RunTime:0.000575s ]
INFO: [ app_end ] --END-- [ RunTime:0.000630s ]

[ 2019-02-27T17:39:51+08:00 ] 127.0.0.1 /mjiang/index.php/manager/index/token/bd1ccf3d40fc6cabceef4179a6d01936/userid/18
INFO: [ app_begin ] --START--
INFO: Run Behavior\ReadHtmlCacheBehavior [ RunTime:0.000645s ]
INFO: [ app_begin ] --END-- [ RunTime:0.001031s ]
SQL: SHOW COLUMNS FROM `anltype` [ RunTime:0.0313s ]
SQL: SELECT * FROM `anltype`  [ RunTime:0.0228s ]
SQL: SHOW COLUMNS FROM `anlkind` [ RunTime:0.0354s ]
SQL: SELECT * FROM `anlkind`  [ RunTime:0.0156s ]
INFO: [ view_parse ] --START--
INFO: Run Behavior\ParseTemplateBehavior [ RunTime:0.160983s ]
INFO: [ view_parse ] --END-- [ RunTime:0.161043s ]
INFO: [ view_filter ] --START--
INFO: Run Behavior\WriteHtmlCacheBehavior [ RunTime:0.000615s ]
INFO: [ view_filter ] --END-- [ RunTime:0.000650s ]
INFO: [ app_end ] --START--
INFO: Run Behavior\ShowPageTraceBehavior [ RunTime:0.000534s ]
INFO: [ app_end ] --END-- [ RunTime:0.000594s ]

