[ 2019-03-06T13:49:12+08:00 ] 127.0.0.1 /mjiang/index.php/manager/index/token/bd1ccf3d40fc6cabceef4179a6d01936/userid/18
INFO: [ app_begin ] --START--
INFO: Run Behavior\ReadHtmlCacheBehavior [ RunTime:0.018908s ]
INFO: [ app_begin ] --END-- [ RunTime:0.032571s ]
SQL: SHOW COLUMNS FROM `anltype` [ RunTime:0.0149s ]
SQL: SELECT * FROM `anltype`  [ RunTime:0.0050s ]
SQL: SHOW COLUMNS FROM `anlkind` [ RunTime:0.0106s ]
SQL: SELECT * FROM `anlkind`  [ RunTime:0.0028s ]
SQL: SHOW COLUMNS FROM `entertype` [ RunTime:0.0118s ]
SQL: SELECT * FROM `entertype`  [ RunTime:0.0041s ]
SQL: SHOW COLUMNS FROM `field` [ RunTime:0.0435s ]
SQL: SELECT * FROM `field` WHERE `psnid` = 1  [ RunTime:0.0041s ]
SQL: SHOW COLUMNS FROM `worker` [ RunTime:0.0360s ]
SQL: SELECT * FROM `worker` WHERE `id` = 1 AND `psnid` = 1 LIMIT 1   [ RunTime:0.0044s ]
SQL: SELECT * FROM `worker` WHERE `id` = 2 AND `psnid` = 1 LIMIT 1   [ RunTime:0.0035s ]
SQL: SELECT * FROM `worker` WHERE `id` = 0 AND `psnid` = 1 LIMIT 1   [ RunTime:0.0046s ]
SQL: SELECT * FROM `worker` WHERE `id` = 3 AND `psnid` = 1 LIMIT 1   [ RunTime:0.0037s ]
SQL: SELECT * FROM `worker` WHERE `id` = 4 AND `psnid` = 1 LIMIT 1   [ RunTime:0.0072s ]
SQL: SELECT * FROM `worker` WHERE `id` = 0 AND `psnid` = 1 LIMIT 1   [ RunTime:0.0031s ]
INFO: [ view_parse ] --START--
INFO: Run Behavior\ParseTemplateBehavior [ RunTime:0.623765s ]
INFO: [ view_parse ] --END-- [ RunTime:0.623839s ]
INFO: [ view_filter ] --START--
INFO: Run Behavior\WriteHtmlCacheBehavior [ RunTime:0.010802s ]
INFO: [ view_filter ] --END-- [ RunTime:0.010853s ]
INFO: [ app_end ] --START--
INFO: Run Behavior\ShowPageTraceBehavior [ RunTime:0.010317s ]
INFO: [ app_end ] --END-- [ RunTime:0.010380s ]

[ 2019-03-06T13:51:02+08:00 ] 127.0.0.1 /mjiang/index.php/manager/index/token/bd1ccf3d40fc6cabceef4179a6d01936/userid/18
INFO: [ app_begin ] --START--
INFO: Run Behavior\ReadHtmlCacheBehavior [ RunTime:0.000673s ]
INFO: [ app_begin ] --END-- [ RunTime:0.001055s ]
SQL: SHOW COLUMNS FROM `anltype` [ RunTime:0.0107s ]
SQL: SELECT * FROM `anltype`  [ RunTime:0.0052s ]
SQL: SHOW COLUMNS FROM `anlkind` [ RunTime:0.0111s ]
SQL: SELECT * FROM `anlkind`  [ RunTime:0.0047s ]
SQL: SHOW COLUMNS FROM `entertype` [ RunTime:0.0111s ]
SQL: SELECT * FROM `entertype`  [ RunTime:0.0034s ]
SQL: SHOW COLUMNS FROM `field` [ RunTime:0.0166s ]
SQL: SELECT * FROM `field` WHERE `psnid` = 1  [ RunTime:0.0062s ]
SQL: SHOW COLUMNS FROM `worker` [ RunTime:0.0133s ]
SQL: SELECT * FROM `worker` WHERE `id` = 1 AND `psnid` = 1 LIMIT 1   [ RunTime:0.0072s ]
SQL: SELECT * FROM `worker` WHERE `id` = 2 AND `psnid` = 1 LIMIT 1   [ RunTime:0.0111s ]
SQL: SELECT * FROM `worker` WHERE `id` = 0 AND `psnid` = 1 LIMIT 1   [ RunTime:0.0143s ]
SQL: SELECT * FROM `worker` WHERE `id` = 3 AND `psnid` = 1 LIMIT 1   [ RunTime:0.0043s ]
SQL: SELECT * FROM `worker` WHERE `id` = 4 AND `psnid` = 1 LIMIT 1   [ RunTime:0.0034s ]
SQL: SELECT * FROM `worker` WHERE `id` = 0 AND `psnid` = 1 LIMIT 1   [ RunTime:0.0035s ]
INFO: [ view_parse ] --START--
INFO: Run Behavior\ParseTemplateBehavior [ RunTime:0.182930s ]
INFO: [ view_parse ] --END-- [ RunTime:0.183003s ]
INFO: [ view_filter ] --START--
INFO: Run Behavior\WriteHtmlCacheBehavior [ RunTime:0.000512s ]
INFO: [ view_filter ] --END-- [ RunTime:0.000540s ]
INFO: [ app_end ] --START--
INFO: Run Behavior\ShowPageTraceBehavior [ RunTime:0.000558s ]
INFO: [ app_end ] --END-- [ RunTime:0.000603s ]

[ 2019-03-06T14:07:34+08:00 ] 127.0.0.1 /mjiang/index.php/Home/Manager/addshed
INFO: [ app_begin ] --START--
INFO: Run Behavior\ReadHtmlCacheBehavior [ RunTime:0.000653s ]
INFO: [ app_begin ] --END-- [ RunTime:0.001203s ]
NOTIC: [8] Undefined index: shed D:\amp\Apache24\htdocs\mjiang\Home\Controller\ManagerController.class.php 第 12 行.
NOTIC: [8] Undefined index: area D:\amp\Apache24\htdocs\mjiang\Home\Controller\ManagerController.class.php 第 13 行.
NOTIC: [8] Undefined index: fold D:\amp\Apache24\htdocs\mjiang\Home\Controller\ManagerController.class.php 第 14 行.
NOTIC: [8] Undefined index: worker1 D:\amp\Apache24\htdocs\mjiang\Home\Controller\ManagerController.class.php 第 16 行.
NOTIC: [8] Undefined index: worker2 D:\amp\Apache24\htdocs\mjiang\Home\Controller\ManagerController.class.php 第 17 行.
SQL: SHOW COLUMNS FROM `worker` [ RunTime:0.0504s ]
SQL: SELECT * FROM `worker` WHERE `psnid` = 1 AND `type` = 1  [ RunTime:0.0364s ]
SQL: SELECT * FROM `worker` WHERE `psnid` = 1 AND `type` = 2  [ RunTime:0.0070s ]
INFO: [ view_parse ] --START--
NOTIC: [8] Undefined index: token D:\amp\Apache24\htdocs\mjiang\Runtime\Cache\eca70cdbb2d534e55668bace32baf30d6a17bcbc.file.addshed.html.php 第 113 行.
NOTIC: [8] Trying to get property of non-object D:\amp\Apache24\htdocs\mjiang\Runtime\Cache\eca70cdbb2d534e55668bace32baf30d6a17bcbc.file.addshed.html.php 第 113 行.
NOTIC: [8] Undefined index: id D:\amp\Apache24\htdocs\mjiang\Runtime\Cache\eca70cdbb2d534e55668bace32baf30d6a17bcbc.file.addshed.html.php 第 114 行.
NOTIC: [8] Trying to get property of non-object D:\amp\Apache24\htdocs\mjiang\Runtime\Cache\eca70cdbb2d534e55668bace32baf30d6a17bcbc.file.addshed.html.php 第 114 行.
NOTIC: [8] Undefined index: token D:\amp\Apache24\htdocs\mjiang\Runtime\Cache\eca70cdbb2d534e55668bace32baf30d6a17bcbc.file.addshed.html.php 第 150 行.
NOTIC: [8] Trying to get property of non-object D:\amp\Apache24\htdocs\mjiang\Runtime\Cache\eca70cdbb2d534e55668bace32baf30d6a17bcbc.file.addshed.html.php 第 150 行.
NOTIC: [8] Undefined index: id D:\amp\Apache24\htdocs\mjiang\Runtime\Cache\eca70cdbb2d534e55668bace32baf30d6a17bcbc.file.addshed.html.php 第 151 行.
NOTIC: [8] Trying to get property of non-object D:\amp\Apache24\htdocs\mjiang\Runtime\Cache\eca70cdbb2d534e55668bace32baf30d6a17bcbc.file.addshed.html.php 第 151 行.
NOTIC: [8] Undefined index: token D:\amp\Apache24\htdocs\mjiang\Runtime\Cache\eca70cdbb2d534e55668bace32baf30d6a17bcbc.file.addshed.html.php 第 161 行.
NOTIC: [8] Trying to get property of non-object D:\amp\Apache24\htdocs\mjiang\Runtime\Cache\eca70cdbb2d534e55668bace32baf30d6a17bcbc.file.addshed.html.php 第 161 行.
NOTIC: [8] Undefined index: id D:\amp\Apache24\htdocs\mjiang\Runtime\Cache\eca70cdbb2d534e55668bace32baf30d6a17bcbc.file.addshed.html.php 第 162 行.
NOTIC: [8] Trying to get property of non-object D:\amp\Apache24\htdocs\mjiang\Runtime\Cache\eca70cdbb2d534e55668bace32baf30d6a17bcbc.file.addshed.html.php 第 162 行.
NOTIC: [8] Undefined index: token D:\amp\Apache24\htdocs\mjiang\Runtime\Cache\eca70cdbb2d534e55668bace32baf30d6a17bcbc.file.addshed.html.php 第 165 行.
NOTIC: [8] Trying to get property of non-object D:\amp\Apache24\htdocs\mjiang\Runtime\Cache\eca70cdbb2d534e55668bace32baf30d6a17bcbc.file.addshed.html.php 第 165 行.
NOTIC: [8] Undefined index: id D:\amp\Apache24\htdocs\mjiang\Runtime\Cache\eca70cdbb2d534e55668bace32baf30d6a17bcbc.file.addshed.html.php 第 166 行.
NOTIC: [8] Trying to get property of non-object D:\amp\Apache24\htdocs\mjiang\Runtime\Cache\eca70cdbb2d534e55668bace32baf30d6a17bcbc.file.addshed.html.php 第 166 行.
NOTIC: [8] Undefined index: token D:\amp\Apache24\htdocs\mjiang\Runtime\Cache\eca70cdbb2d534e55668bace32baf30d6a17bcbc.file.addshed.html.php 第 175 行.
NOTIC: [8] Trying to get property of non-object D:\amp\Apache24\htdocs\mjiang\Runtime\Cache\eca70cdbb2d534e55668bace32baf30d6a17bcbc.file.addshed.html.php 第 175 行.
NOTIC: [8] Undefined index: id D:\amp\Apache24\htdocs\mjiang\Runtime\Cache\eca70cdbb2d534e55668bace32baf30d6a17bcbc.file.addshed.html.php 第 176 行.
NOTIC: [8] Trying to get property of non-object D:\amp\Apache24\htdocs\mjiang\Runtime\Cache\eca70cdbb2d534e55668bace32baf30d6a17bcbc.file.addshed.html.php 第 176 行.
NOTIC: [8] Undefined index: token D:\amp\Apache24\htdocs\mjiang\Runtime\Cache\eca70cdbb2d534e55668bace32baf30d6a17bcbc.file.addshed.html.php 第 220 行.
NOTIC: [8] Trying to get property of non-object D:\amp\Apache24\htdocs\mjiang\Runtime\Cache\eca70cdbb2d534e55668bace32baf30d6a17bcbc.file.addshed.html.php 第 220 行.
NOTIC: [8] Undefined index: id D:\amp\Apache24\htdocs\mjiang\Runtime\Cache\eca70cdbb2d534e55668bace32baf30d6a17bcbc.file.addshed.html.php 第 221 行.
NOTIC: [8] Trying to get property of non-object D:\amp\Apache24\htdocs\mjiang\Runtime\Cache\eca70cdbb2d534e55668bace32baf30d6a17bcbc.file.addshed.html.php 第 221 行.
NOTIC: [8] Undefined index: token D:\amp\Apache24\htdocs\mjiang\Runtime\Cache\eca70cdbb2d534e55668bace32baf30d6a17bcbc.file.addshed.html.php 第 321 行.
NOTIC: [8] Trying to get property of non-object D:\amp\Apache24\htdocs\mjiang\Runtime\Cache\eca70cdbb2d534e55668bace32baf30d6a17bcbc.file.addshed.html.php 第 321 行.
NOTIC: [8] Undefined index: id D:\amp\Apache24\htdocs\mjiang\Runtime\Cache\eca70cdbb2d534e55668bace32baf30d6a17bcbc.file.addshed.html.php 第 322 行.
NOTIC: [8] Trying to get property of non-object D:\amp\Apache24\htdocs\mjiang\Runtime\Cache\eca70cdbb2d534e55668bace32baf30d6a17bcbc.file.addshed.html.php 第 322 行.
INFO: Run Behavior\ParseTemplateBehavior [ RunTime:0.216745s ]
INFO: [ view_parse ] --END-- [ RunTime:0.216826s ]
INFO: [ view_filter ] --START--
INFO: Run Behavior\WriteHtmlCacheBehavior [ RunTime:0.000472s ]
INFO: [ view_filter ] --END-- [ RunTime:0.000499s ]
INFO: [ app_end ] --START--
INFO: Run Behavior\ShowPageTraceBehavior [ RunTime:0.000651s ]
INFO: [ app_end ] --END-- [ RunTime:0.000694s ]

[ 2019-03-06T14:09:15+08:00 ] 127.0.0.1 /mjiang/index.php/manager/index/token/bd1ccf3d40fc6cabceef4179a6d01936/userid/18
INFO: [ app_begin ] --START--
INFO: Run Behavior\ReadHtmlCacheBehavior [ RunTime:0.000597s ]
INFO: [ app_begin ] --END-- [ RunTime:0.000979s ]
SQL: SHOW COLUMNS FROM `anltype` [ RunTime:0.0187s ]
SQL: SELECT * FROM `anltype`  [ RunTime:0.0060s ]
SQL: SHOW COLUMNS FROM `anlkind` [ RunTime:0.0199s ]
SQL: SELECT * FROM `anlkind`  [ RunTime:0.0061s ]
SQL: SHOW COLUMNS FROM `entertype` [ RunTime:0.0311s ]
SQL: SELECT * FROM `entertype`  [ RunTime:0.0082s ]
SQL: SHOW COLUMNS FROM `field` [ RunTime:0.0118s ]
SQL: SELECT * FROM `field` WHERE `psnid` = 1  [ RunTime:0.0076s ]
SQL: SHOW COLUMNS FROM `worker` [ RunTime:0.0118s ]
SQL: SELECT * FROM `worker` WHERE `id` = 1 AND `psnid` = 1 LIMIT 1   [ RunTime:0.0060s ]
SQL: SELECT * FROM `worker` WHERE `id` = 2 AND `psnid` = 1 LIMIT 1   [ RunTime:0.0052s ]
SQL: SELECT * FROM `worker` WHERE `id` = 0 AND `psnid` = 1 LIMIT 1   [ RunTime:0.0038s ]
SQL: SELECT * FROM `worker` WHERE `id` = 3 AND `psnid` = 1 LIMIT 1   [ RunTime:0.0052s ]
SQL: SELECT * FROM `worker` WHERE `id` = 4 AND `psnid` = 1 LIMIT 1   [ RunTime:0.0082s ]
SQL: SELECT * FROM `worker` WHERE `id` = 0 AND `psnid` = 1 LIMIT 1   [ RunTime:0.0045s ]
INFO: [ view_parse ] --START--
INFO: Run Behavior\ParseTemplateBehavior [ RunTime:0.023677s ]
INFO: [ view_parse ] --END-- [ RunTime:0.023793s ]
INFO: [ view_filter ] --START--
INFO: Run Behavior\WriteHtmlCacheBehavior [ RunTime:0.000452s ]
INFO: [ view_filter ] --END-- [ RunTime:0.000496s ]
INFO: [ app_end ] --START--
INFO: Run Behavior\ShowPageTraceBehavior [ RunTime:0.000694s ]
INFO: [ app_end ] --END-- [ RunTime:0.000752s ]

[ 2019-03-06T14:38:16+08:00 ] 127.0.0.1 /mjiang/index.php/manager/index/token/bd1ccf3d40fc6cabceef4179a6d01936/userid/18
INFO: [ app_begin ] --START--
INFO: Run Behavior\ReadHtmlCacheBehavior [ RunTime:0.000497s ]
INFO: [ app_begin ] --END-- [ RunTime:0.000766s ]
SQL: SHOW COLUMNS FROM `anltype` [ RunTime:0.0392s ]
SQL: SELECT * FROM `anltype`  [ RunTime:0.0602s ]
SQL: SHOW COLUMNS FROM `anlkind` [ RunTime:0.0458s ]
SQL: SELECT * FROM `anlkind`  [ RunTime:0.0496s ]
SQL: SHOW COLUMNS FROM `entertype` [ RunTime:0.0129s ]
SQL: SELECT * FROM `entertype`  [ RunTime:0.0067s ]
SQL: SHOW COLUMNS FROM `field` [ RunTime:0.0103s ]
SQL: SELECT * FROM `field` WHERE `psnid` = 1  [ RunTime:0.0030s ]
SQL: SHOW COLUMNS FROM `worker` [ RunTime:0.0102s ]
SQL: SELECT * FROM `worker` WHERE `id` = 1 AND `psnid` = 1 LIMIT 1   [ RunTime:0.0060s ]
SQL: SELECT * FROM `worker` WHERE `id` = 2 AND `psnid` = 1 LIMIT 1   [ RunTime:0.0049s ]
SQL: SELECT * FROM `worker` WHERE `id` = 0 AND `psnid` = 1 LIMIT 1   [ RunTime:0.0117s ]
SQL: SELECT * FROM `worker` WHERE `id` = 3 AND `psnid` = 1 LIMIT 1   [ RunTime:0.0042s ]
SQL: SELECT * FROM `worker` WHERE `id` = 4 AND `psnid` = 1 LIMIT 1   [ RunTime:0.0050s ]
SQL: SELECT * FROM `worker` WHERE `id` = 0 AND `psnid` = 1 LIMIT 1   [ RunTime:0.0131s ]
INFO: [ view_parse ] --START--
INFO: Run Behavior\ParseTemplateBehavior [ RunTime:0.204005s ]
INFO: [ view_parse ] --END-- [ RunTime:0.204095s ]
INFO: [ view_filter ] --START--
INFO: Run Behavior\WriteHtmlCacheBehavior [ RunTime:0.001082s ]
INFO: [ view_filter ] --END-- [ RunTime:0.001169s ]
INFO: [ app_end ] --START--
INFO: Run Behavior\ShowPageTraceBehavior [ RunTime:0.001173s ]
INFO: [ app_end ] --END-- [ RunTime:0.001301s ]

[ 2019-03-06T15:10:05+08:00 ] 127.0.0.1 /mjiang/index.php/manager/index/token/bd1ccf3d40fc6cabceef4179a6d01936/userid/18
INFO: [ app_begin ] --START--
INFO: Run Behavior\ReadHtmlCacheBehavior [ RunTime:0.000567s ]
INFO: [ app_begin ] --END-- [ RunTime:0.000986s ]
SQL: SHOW COLUMNS FROM `anltype` [ RunTime:0.0342s ]
SQL: SELECT * FROM `anltype`  [ RunTime:0.2347s ]
SQL: SHOW COLUMNS FROM `anlkind` [ RunTime:0.0117s ]
SQL: SELECT * FROM `anlkind`  [ RunTime:0.0038s ]
SQL: SHOW COLUMNS FROM `entertype` [ RunTime:0.0132s ]
SQL: SELECT * FROM `entertype`  [ RunTime:0.0042s ]
SQL: SHOW COLUMNS FROM `field` [ RunTime:0.0107s ]
SQL: SELECT * FROM `field` WHERE `psnid` = 1  [ RunTime:0.0075s ]
SQL: SHOW COLUMNS FROM `worker` [ RunTime:0.0175s ]
SQL: SELECT * FROM `worker` WHERE `id` = 1 AND `psnid` = 1 LIMIT 1   [ RunTime:0.0040s ]
SQL: SELECT * FROM `worker` WHERE `id` = 2 AND `psnid` = 1 LIMIT 1   [ RunTime:0.0094s ]
SQL: SELECT * FROM `worker` WHERE `id` = 0 AND `psnid` = 1 LIMIT 1   [ RunTime:0.0172s ]
SQL: SELECT * FROM `worker` WHERE `id` = 3 AND `psnid` = 1 LIMIT 1   [ RunTime:0.0515s ]
SQL: SELECT * FROM `worker` WHERE `id` = 4 AND `psnid` = 1 LIMIT 1   [ RunTime:0.0070s ]
SQL: SELECT * FROM `worker` WHERE `id` = 0 AND `psnid` = 1 LIMIT 1   [ RunTime:0.0055s ]
INFO: [ view_parse ] --START--
INFO: Run Behavior\ParseTemplateBehavior [ RunTime:0.234718s ]
INFO: [ view_parse ] --END-- [ RunTime:0.234821s ]
INFO: [ view_filter ] --START--
INFO: Run Behavior\WriteHtmlCacheBehavior [ RunTime:0.000501s ]
INFO: [ view_filter ] --END-- [ RunTime:0.000532s ]
INFO: [ app_end ] --START--
INFO: Run Behavior\ShowPageTraceBehavior [ RunTime:0.000619s ]
INFO: [ app_end ] --END-- [ RunTime:0.000667s ]

[ 2019-03-06T15:20:04+08:00 ] 127.0.0.1 /mjiang/index.php/Home/Manager/upload?token=bd1ccf3d40fc6cabceef4179a6d01936&userid=18
INFO: [ app_begin ] --START--
INFO: Run Behavior\ReadHtmlCacheBehavior [ RunTime:0.000473s ]
INFO: [ app_begin ] --END-- [ RunTime:0.000823s ]
NOTIC: [8] Undefined index: mosh D:\amp\Apache24\htdocs\mjiang\Home\Controller\ManagerController.class.php 第 153 行.
SQL: SHOW COLUMNS FROM `animal` [ RunTime:0.0221s ]
SQL: SELECT * FROM `animal` WHERE `sn` = '35' LIMIT 1   [ RunTime:0.0046s ]

[ 2019-03-06T15:21:27+08:00 ] 127.0.0.1 /mjiang/index.php/Home/Manager/upload?token=bd1ccf3d40fc6cabceef4179a6d01936&userid=18
INFO: [ app_begin ] --START--
INFO: Run Behavior\ReadHtmlCacheBehavior [ RunTime:0.000616s ]
INFO: [ app_begin ] --END-- [ RunTime:0.000999s ]
NOTIC: [8] Undefined index: mosh D:\amp\Apache24\htdocs\mjiang\Home\Controller\ManagerController.class.php 第 153 行.
SQL: SHOW COLUMNS FROM `animal` [ RunTime:0.0120s ]
SQL: SELECT * FROM `animal` WHERE `sn` = '35' LIMIT 1   [ RunTime:0.0039s ]

[ 2019-03-06T15:24:32+08:00 ] 127.0.0.1 /mjiang/index.php/manager/index/token/bd1ccf3d40fc6cabceef4179a6d01936/userid/18
INFO: [ app_begin ] --START--
INFO: Run Behavior\ReadHtmlCacheBehavior [ RunTime:0.000553s ]
INFO: [ app_begin ] --END-- [ RunTime:0.000903s ]
SQL: SHOW COLUMNS FROM `anltype` [ RunTime:0.0562s ]
SQL: SELECT * FROM `anltype`  [ RunTime:0.0119s ]
SQL: SHOW COLUMNS FROM `anlkind` [ RunTime:0.0275s ]
SQL: SELECT * FROM `anlkind`  [ RunTime:0.0111s ]
SQL: SHOW COLUMNS FROM `entertype` [ RunTime:0.0113s ]
SQL: SELECT * FROM `entertype`  [ RunTime:0.0056s ]
SQL: SHOW COLUMNS FROM `field` [ RunTime:0.0201s ]
SQL: SELECT * FROM `field` WHERE `psnid` = 1  [ RunTime:0.0040s ]
SQL: SHOW COLUMNS FROM `worker` [ RunTime:0.0214s ]
SQL: SELECT * FROM `worker` WHERE `id` = 1 AND `psnid` = 1 LIMIT 1   [ RunTime:0.2597s ]
SQL: SELECT * FROM `worker` WHERE `id` = 2 AND `psnid` = 1 LIMIT 1   [ RunTime:0.0105s ]
SQL: SELECT * FROM `worker` WHERE `id` = 0 AND `psnid` = 1 LIMIT 1   [ RunTime:0.0052s ]
SQL: SELECT * FROM `worker` WHERE `id` = 3 AND `psnid` = 1 LIMIT 1   [ RunTime:0.0098s ]
SQL: SELECT * FROM `worker` WHERE `id` = 4 AND `psnid` = 1 LIMIT 1   [ RunTime:0.0105s ]
SQL: SELECT * FROM `worker` WHERE `id` = 0 AND `psnid` = 1 LIMIT 1   [ RunTime:0.0044s ]
INFO: [ view_parse ] --START--
INFO: Run Behavior\ParseTemplateBehavior [ RunTime:0.183419s ]
INFO: [ view_parse ] --END-- [ RunTime:0.183515s ]
INFO: [ view_filter ] --START--
INFO: Run Behavior\WriteHtmlCacheBehavior [ RunTime:0.000541s ]
INFO: [ view_filter ] --END-- [ RunTime:0.000570s ]
INFO: [ app_end ] --START--
INFO: Run Behavior\ShowPageTraceBehavior [ RunTime:0.000606s ]
INFO: [ app_end ] --END-- [ RunTime:0.000661s ]

[ 2019-03-06T15:25:45+08:00 ] 127.0.0.1 /mjiang/index.php/Home/Manager/upload2?token=bd1ccf3d40fc6cabceef4179a6d01936&userid=18
INFO: [ app_begin ] --START--
INFO: Run Behavior\ReadHtmlCacheBehavior [ RunTime:0.000763s ]
INFO: [ app_begin ] --END-- [ RunTime:0.001183s ]
NOTIC: [8] Undefined index: sn D:\amp\Apache24\htdocs\mjiang\Home\Controller\ManagerController.class.php 第 256 行.
NOTIC: [2] call_user_func() expects parameter 1 to be a valid callback, no array or string given D:\amp\Apache24\htdocs\mjiang\ThinkPHP\Library\Think\Upload.class.php 第 170 行.

[ 2019-03-06T15:26:01+08:00 ] 127.0.0.1 /mjiang/index.php/Home/Manager/upload?token=bd1ccf3d40fc6cabceef4179a6d01936&userid=18
INFO: [ app_begin ] --START--
INFO: Run Behavior\ReadHtmlCacheBehavior [ RunTime:0.000414s ]
INFO: [ app_begin ] --END-- [ RunTime:0.000685s ]
NOTIC: [8] Undefined index: mosh D:\amp\Apache24\htdocs\mjiang\Home\Controller\ManagerController.class.php 第 153 行.
SQL: SHOW COLUMNS FROM `animal` [ RunTime:0.0134s ]
SQL: SELECT * FROM `animal` WHERE `sn` = '36' LIMIT 1   [ RunTime:0.0045s ]

[ 2019-03-06T15:34:56+08:00 ] 127.0.0.1 /mjiang/index.php/Home/Manager/upload?token=bd1ccf3d40fc6cabceef4179a6d01936&userid=18
INFO: [ app_begin ] --START--
INFO: Run Behavior\ReadHtmlCacheBehavior [ RunTime:0.000577s ]
INFO: [ app_begin ] --END-- [ RunTime:0.000939s ]
NOTIC: [8] Undefined index: mosh D:\amp\Apache24\htdocs\mjiang\Home\Controller\ManagerController.class.php 第 153 行.
SQL: SHOW COLUMNS FROM `animal` [ RunTime:0.0480s ]
SQL: SELECT * FROM `animal` WHERE `sn` = '36' LIMIT 1   [ RunTime:0.0062s ]
ERR: SQLSTATE[HY000]: General error: 1364 Field 'psnid' doesn't have a default value

[ 2019-03-06T15:36:20+08:00 ] 127.0.0.1 /mjiang/index.php/Home/Manager/upload?token=bd1ccf3d40fc6cabceef4179a6d01936&userid=18
INFO: [ app_begin ] --START--
INFO: Run Behavior\ReadHtmlCacheBehavior [ RunTime:0.000581s ]
INFO: [ app_begin ] --END-- [ RunTime:0.000945s ]
NOTIC: [8] Undefined index: mosh D:\amp\Apache24\htdocs\mjiang\Home\Controller\ManagerController.class.php 第 155 行.
SQL: SHOW COLUMNS FROM `animal` [ RunTime:0.0322s ]
SQL: SELECT * FROM `animal` WHERE `sn` = '36' LIMIT 1   [ RunTime:0.0083s ]
ERR: SQLSTATE[HY000]: General error: 1364 Field 'leaveweight' doesn't have a default value

[ 2019-03-06T15:39:47+08:00 ] 127.0.0.1 /mjiang/index.php/Home/Manager/upload?token=bd1ccf3d40fc6cabceef4179a6d01936&userid=18
INFO: [ app_begin ] --START--
INFO: Run Behavior\ReadHtmlCacheBehavior [ RunTime:0.000581s ]
INFO: [ app_begin ] --END-- [ RunTime:0.000948s ]
NOTIC: [8] Undefined index: mosh D:\amp\Apache24\htdocs\mjiang\Home\Controller\ManagerController.class.php 第 155 行.
SQL: SHOW COLUMNS FROM `animal` [ RunTime:0.0141s ]
SQL: SELECT * FROM `animal` WHERE `sn` = '36' LIMIT 1   [ RunTime:0.0128s ]
ERR: SQLSTATE[HY000]: General error: 1364 Field 'photo' doesn't have a default value

[ 2019-03-06T15:48:42+08:00 ] 127.0.0.1 /mjiang/index.php/Home/Manager/upload?token=bd1ccf3d40fc6cabceef4179a6d01936&userid=18
INFO: [ app_begin ] --START--
INFO: Run Behavior\ReadHtmlCacheBehavior [ RunTime:0.000589s ]
INFO: [ app_begin ] --END-- [ RunTime:0.000982s ]
NOTIC: [8] Undefined index: mosh D:\amp\Apache24\htdocs\mjiang\Home\Controller\ManagerController.class.php 第 155 行.
SQL: SHOW COLUMNS FROM `animal` [ RunTime:0.0095s ]
SQL: SELECT * FROM `animal` WHERE `sn` = '36' LIMIT 1   [ RunTime:0.0045s ]
SQL: INSERT INTO `animal` (`psnid`,`sn`,`sex`,`kind`,`type`,`shedid`,`area`,`fold`,`birthday`,`birthweight`,`childnum`,`fathersn`,`entertype`,`enterdate`,`leaveweight`,`entersource`,`info`) VALUES ('36','36','1','1','1','2','1','15','2019-03-01','35.5','2','21','1','2019-03-06','105.6','北京','测试1') [ RunTime:0.0261s ]

[ 2019-03-06T15:49:26+08:00 ] 127.0.0.1 /mjiang/index.php/Home/Manager/upload?token=bd1ccf3d40fc6cabceef4179a6d01936&userid=18
INFO: [ app_begin ] --START--
INFO: Run Behavior\ReadHtmlCacheBehavior [ RunTime:0.000354s ]
INFO: [ app_begin ] --END-- [ RunTime:0.000631s ]
NOTIC: [8] Undefined index: mosh D:\amp\Apache24\htdocs\mjiang\Home\Controller\ManagerController.class.php 第 155 行.
SQL: SHOW COLUMNS FROM `animal` [ RunTime:0.0227s ]
SQL: SELECT * FROM `animal` WHERE `sn` = '36' LIMIT 1   [ RunTime:0.0069s ]

[ 2019-03-06T15:49:35+08:00 ] 127.0.0.1 /mjiang/index.php/Home/Manager/upload2?token=bd1ccf3d40fc6cabceef4179a6d01936&userid=18
INFO: [ app_begin ] --START--
INFO: Run Behavior\ReadHtmlCacheBehavior [ RunTime:0.000444s ]
INFO: [ app_begin ] --END-- [ RunTime:0.000766s ]
NOTIC: [8] Undefined index: sn D:\amp\Apache24\htdocs\mjiang\Home\Controller\ManagerController.class.php 第 260 行.
NOTIC: [2] call_user_func() expects parameter 1 to be a valid callback, no array or string given D:\amp\Apache24\htdocs\mjiang\ThinkPHP\Library\Think\Upload.class.php 第 170 行.

[ 2019-03-06T15:49:50+08:00 ] 127.0.0.1 /mjiang/index.php/Home/Manager/upload?token=bd1ccf3d40fc6cabceef4179a6d01936&userid=18
INFO: [ app_begin ] --START--
INFO: Run Behavior\ReadHtmlCacheBehavior [ RunTime:0.000441s ]
INFO: [ app_begin ] --END-- [ RunTime:0.000759s ]
NOTIC: [8] Undefined index: mosh D:\amp\Apache24\htdocs\mjiang\Home\Controller\ManagerController.class.php 第 155 行.
SQL: SHOW COLUMNS FROM `animal` [ RunTime:0.0166s ]
SQL: SELECT * FROM `animal` WHERE `sn` = '36' LIMIT 1   [ RunTime:0.0056s ]

[ 2019-03-06T15:53:33+08:00 ] 127.0.0.1 /mjiang/index.php/Home/Manager/upload?token=bd1ccf3d40fc6cabceef4179a6d01936&userid=18
INFO: [ app_begin ] --START--
INFO: Run Behavior\ReadHtmlCacheBehavior [ RunTime:0.000687s ]
INFO: [ app_begin ] --END-- [ RunTime:0.001103s ]
NOTIC: [8] Undefined index: mosh D:\amp\Apache24\htdocs\mjiang\Home\Controller\ManagerController.class.php 第 155 行.
SQL: SHOW COLUMNS FROM `animal` [ RunTime:0.0122s ]
SQL: SELECT * FROM `animal` WHERE `sn` = '37' LIMIT 1   [ RunTime:0.0044s ]
SQL: INSERT INTO `animal` (`psnid`,`sn`,`sex`,`kind`,`type`,`shedid`,`area`,`fold`,`birthday`,`birthweight`,`childnum`,`fathersn`,`entertype`,`enterdate`,`leaveweight`,`entersource`,`info`) VALUES ('1','37','1','1','1','2','1','15','2019-03-01','35.5','2','21','1','2019-03-06','105.6','北京','测试1') [ RunTime:0.0342s ]

[ 2019-03-06T15:57:40+08:00 ] 127.0.0.1 /mjiang/index.php/manager/index/token/bd1ccf3d40fc6cabceef4179a6d01936/userid/18
INFO: [ app_begin ] --START--
INFO: Run Behavior\ReadHtmlCacheBehavior [ RunTime:0.000591s ]
INFO: [ app_begin ] --END-- [ RunTime:0.000964s ]
SQL: SHOW COLUMNS FROM `anltype` [ RunTime:0.0134s ]
SQL: SELECT * FROM `anltype`  [ RunTime:0.0050s ]
SQL: SHOW COLUMNS FROM `anlkind` [ RunTime:0.0108s ]
SQL: SELECT * FROM `anlkind`  [ RunTime:0.0068s ]
SQL: SHOW COLUMNS FROM `entertype` [ RunTime:0.0102s ]
SQL: SELECT * FROM `entertype`  [ RunTime:0.0062s ]
SQL: SHOW COLUMNS FROM `field` [ RunTime:0.0166s ]
SQL: SELECT * FROM `field` WHERE `psnid` = 1  [ RunTime:0.0035s ]
SQL: SHOW COLUMNS FROM `worker` [ RunTime:0.0144s ]
SQL: SELECT * FROM `worker` WHERE `id` = 1 AND `psnid` = 1 LIMIT 1   [ RunTime:0.0038s ]
SQL: SELECT * FROM `worker` WHERE `id` = 2 AND `psnid` = 1 LIMIT 1   [ RunTime:0.0051s ]
SQL: SELECT * FROM `worker` WHERE `id` = 0 AND `psnid` = 1 LIMIT 1   [ RunTime:0.0054s ]
SQL: SELECT * FROM `worker` WHERE `id` = 3 AND `psnid` = 1 LIMIT 1   [ RunTime:0.0059s ]
SQL: SELECT * FROM `worker` WHERE `id` = 4 AND `psnid` = 1 LIMIT 1   [ RunTime:0.0082s ]
SQL: SELECT * FROM `worker` WHERE `id` = 0 AND `psnid` = 1 LIMIT 1   [ RunTime:0.0038s ]
INFO: [ view_parse ] --START--
INFO: Run Behavior\ParseTemplateBehavior [ RunTime:0.031695s ]
INFO: [ view_parse ] --END-- [ RunTime:0.031803s ]
INFO: [ view_filter ] --START--
INFO: Run Behavior\WriteHtmlCacheBehavior [ RunTime:0.000407s ]
INFO: [ view_filter ] --END-- [ RunTime:0.000456s ]
INFO: [ app_end ] --START--
INFO: Run Behavior\ShowPageTraceBehavior [ RunTime:0.000703s ]
INFO: [ app_end ] --END-- [ RunTime:0.000762s ]

[ 2019-03-06T16:00:03+08:00 ] 127.0.0.1 /mjiang/index.php/Home/Manager/upload?token=bd1ccf3d40fc6cabceef4179a6d01936&userid=18
INFO: [ app_begin ] --START--
INFO: Run Behavior\ReadHtmlCacheBehavior [ RunTime:0.000587s ]
INFO: [ app_begin ] --END-- [ RunTime:0.000960s ]
NOTIC: [8] Undefined index: mosh D:\amp\Apache24\htdocs\mjiang\Home\Controller\ManagerController.class.php 第 155 行.
SQL: SHOW COLUMNS FROM `animal` [ RunTime:0.0131s ]
SQL: SELECT * FROM `animal` WHERE `sn` = '37' LIMIT 1   [ RunTime:0.0080s ]

[ 2019-03-06T16:00:13+08:00 ] 127.0.0.1 /mjiang/index.php/Home/Manager/upload2?token=bd1ccf3d40fc6cabceef4179a6d01936&userid=18
INFO: [ app_begin ] --START--
INFO: Run Behavior\ReadHtmlCacheBehavior [ RunTime:0.000389s ]
INFO: [ app_begin ] --END-- [ RunTime:0.000665s ]
NOTIC: [8] Undefined index: sn D:\amp\Apache24\htdocs\mjiang\Home\Controller\ManagerController.class.php 第 245 行.
NOTIC: [2] call_user_func() expects parameter 1 to be a valid callback, no array or string given D:\amp\Apache24\htdocs\mjiang\ThinkPHP\Library\Think\Upload.class.php 第 170 行.

[ 2019-03-06T16:00:25+08:00 ] 127.0.0.1 /mjiang/index.php/Home/Manager/upload?token=bd1ccf3d40fc6cabceef4179a6d01936&userid=18
INFO: [ app_begin ] --START--
INFO: Run Behavior\ReadHtmlCacheBehavior [ RunTime:0.000444s ]
INFO: [ app_begin ] --END-- [ RunTime:0.000774s ]
NOTIC: [8] Undefined index: mosh D:\amp\Apache24\htdocs\mjiang\Home\Controller\ManagerController.class.php 第 155 行.
SQL: SHOW COLUMNS FROM `animal` [ RunTime:0.0124s ]
SQL: SELECT * FROM `animal` WHERE `sn` = '38' LIMIT 1   [ RunTime:0.0092s ]
SQL: INSERT INTO `animal` (`psnid`,`sn`,`sex`,`kind`,`type`,`shedid`,`area`,`birthday`,`birthweight`,`childnum`,`fathersn`,`entertype`,`leaveweight`,`photo`) VALUES ('1','38','1','1','1','2','1','2019-03-07','15','1','44','1','123','') [ RunTime:0.0473s ]
INFO: [ view_parse ] --START--
NOTIC: [2] filemtime(): stat failed for D:/amp/Apache24/htdocs/mjiang/Runtime/Cache\dfa45e8f6b0aa6bd8796db1d92294a50d927ead4.file.upload.html.php D:\amp\Apache24\htdocs\mjiang\ThinkPHP\Library\Vendor\Smarty\sysplugins\smarty_resource.php 第 683 行.
NOTIC: [2] unlink(D:/amp/Apache24/htdocs/mjiang/Runtime/Cache\dfa45e8f6b0aa6bd8796db1d92294a50d927ead4.file.upload.html.php): No such file or directory D:\amp\Apache24\htdocs\mjiang\ThinkPHP\Library\Vendor\Smarty\sysplugins\smarty_internal_write_file.php 第 49 行.
NOTIC: [8] Undefined index: name D:\amp\Apache24\htdocs\mjiang\Runtime\Cache\dfa45e8f6b0aa6bd8796db1d92294a50d927ead4.file.upload.html.php 第 203 行.
NOTIC: [8] Undefined index: number D:\amp\Apache24\htdocs\mjiang\Runtime\Cache\dfa45e8f6b0aa6bd8796db1d92294a50d927ead4.file.upload.html.php 第 205 行.
NOTIC: [8] Undefined index: in_price D:\amp\Apache24\htdocs\mjiang\Runtime\Cache\dfa45e8f6b0aa6bd8796db1d92294a50d927ead4.file.upload.html.php 第 207 行.
NOTIC: [8] Undefined index: out_price D:\amp\Apache24\htdocs\mjiang\Runtime\Cache\dfa45e8f6b0aa6bd8796db1d92294a50d927ead4.file.upload.html.php 第 209 行.
NOTIC: [8] Undefined index: other_price D:\amp\Apache24\htdocs\mjiang\Runtime\Cache\dfa45e8f6b0aa6bd8796db1d92294a50d927ead4.file.upload.html.php 第 211 行.
NOTIC: [8] Undefined index: factory_info D:\amp\Apache24\htdocs\mjiang\Runtime\Cache\dfa45e8f6b0aa6bd8796db1d92294a50d927ead4.file.upload.html.php 第 213 行.
NOTIC: [8] Undefined index: date D:\amp\Apache24\htdocs\mjiang\Runtime\Cache\dfa45e8f6b0aa6bd8796db1d92294a50d927ead4.file.upload.html.php 第 215 行.
NOTIC: [8] Undefined index: video_url D:\amp\Apache24\htdocs\mjiang\Runtime\Cache\dfa45e8f6b0aa6bd8796db1d92294a50d927ead4.file.upload.html.php 第 217 行.
INFO: Run Behavior\ParseTemplateBehavior [ RunTime:0.203035s ]
INFO: [ view_parse ] --END-- [ RunTime:0.203125s ]
INFO: [ view_filter ] --START--
INFO: Run Behavior\WriteHtmlCacheBehavior [ RunTime:0.000717s ]
INFO: [ view_filter ] --END-- [ RunTime:0.000749s ]
INFO: [ app_end ] --START--
INFO: Run Behavior\ShowPageTraceBehavior [ RunTime:0.000509s ]
INFO: [ app_end ] --END-- [ RunTime:0.000545s ]

