[ 2019-03-05T11:06:28+08:00 ] 127.0.0.1 /mjiang/index.php/Home/Manager/upload?token=bd1ccf3d40fc6cabceef4179a6d01936&userid=18
INFO: [ app_begin ] --START--
INFO: Run Behavior\ReadHtmlCacheBehavior [ RunTime:0.016827s ]
INFO: [ app_begin ] --END-- [ RunTime:0.028787s ]

[ 2019-03-05T11:07:40+08:00 ] 127.0.0.1 /mjiang/index.php/manager/index/token/bd1ccf3d40fc6cabceef4179a6d01936/userid/18
INFO: [ app_begin ] --START--
INFO: Run Behavior\ReadHtmlCacheBehavior [ RunTime:0.000584s ]
INFO: [ app_begin ] --END-- [ RunTime:0.000969s ]
SQL: SHOW COLUMNS FROM `anltype` [ RunTime:0.0127s ]
SQL: SELECT * FROM `anltype`  [ RunTime:0.0136s ]
SQL: SHOW COLUMNS FROM `anlkind` [ RunTime:0.0289s ]
SQL: SELECT * FROM `anlkind`  [ RunTime:0.0066s ]
SQL: SHOW COLUMNS FROM `entertype` [ RunTime:0.0134s ]
SQL: SELECT * FROM `entertype`  [ RunTime:0.0123s ]
SQL: SHOW COLUMNS FROM `field` [ RunTime:0.0131s ]
SQL: SELECT * FROM `field` WHERE `psnid` = 1  [ RunTime:0.0047s ]
SQL: SHOW COLUMNS FROM `worker` [ RunTime:0.0126s ]
SQL: SELECT * FROM `worker` WHERE `id` = 1 AND `psnid` = 1 LIMIT 1   [ RunTime:0.0060s ]
SQL: SELECT * FROM `worker` WHERE `id` = 2 AND `psnid` = 1 LIMIT 1   [ RunTime:0.0039s ]
SQL: SELECT * FROM `worker` WHERE `id` = 0 AND `psnid` = 1 LIMIT 1   [ RunTime:0.0056s ]
SQL: SELECT * FROM `worker` WHERE `id` = 3 AND `psnid` = 1 LIMIT 1   [ RunTime:0.0074s ]
SQL: SELECT * FROM `worker` WHERE `id` = 4 AND `psnid` = 1 LIMIT 1   [ RunTime:0.0048s ]
SQL: SELECT * FROM `worker` WHERE `id` = 0 AND `psnid` = 1 LIMIT 1   [ RunTime:0.0036s ]
INFO: [ view_parse ] --START--
INFO: Run Behavior\ParseTemplateBehavior [ RunTime:0.610422s ]
INFO: [ view_parse ] --END-- [ RunTime:0.610486s ]
INFO: [ view_filter ] --START--
INFO: Run Behavior\WriteHtmlCacheBehavior [ RunTime:0.010125s ]
INFO: [ view_filter ] --END-- [ RunTime:0.010172s ]
INFO: [ app_end ] --START--
INFO: Run Behavior\ShowPageTraceBehavior [ RunTime:0.009969s ]
INFO: [ app_end ] --END-- [ RunTime:0.010039s ]

[ 2019-03-05T11:08:46+08:00 ] 127.0.0.1 /mjiang/index.php/Home/Manager/upload?token=bd1ccf3d40fc6cabceef4179a6d01936&userid=18
INFO: [ app_begin ] --START--
INFO: Run Behavior\ReadHtmlCacheBehavior [ RunTime:0.000480s ]
INFO: [ app_begin ] --END-- [ RunTime:0.000826s ]

[ 2019-03-05T11:09:44+08:00 ] 127.0.0.1 /mjiang/index.php/manager/index/token/bd1ccf3d40fc6cabceef4179a6d01936/userid/18
INFO: [ app_begin ] --START--
INFO: Run Behavior\ReadHtmlCacheBehavior [ RunTime:0.000543s ]
INFO: [ app_begin ] --END-- [ RunTime:0.000880s ]
SQL: SHOW COLUMNS FROM `anltype` [ RunTime:0.0157s ]
SQL: SELECT * FROM `anltype`  [ RunTime:0.0063s ]
SQL: SHOW COLUMNS FROM `anlkind` [ RunTime:0.0111s ]
SQL: SELECT * FROM `anlkind`  [ RunTime:0.0053s ]
SQL: SHOW COLUMNS FROM `entertype` [ RunTime:0.0115s ]
SQL: SELECT * FROM `entertype`  [ RunTime:0.0168s ]
SQL: SHOW COLUMNS FROM `field` [ RunTime:0.0139s ]
SQL: SELECT * FROM `field` WHERE `psnid` = 1  [ RunTime:0.0131s ]
SQL: SHOW COLUMNS FROM `worker` [ RunTime:0.0130s ]
SQL: SELECT * FROM `worker` WHERE `id` = 1 AND `psnid` = 1 LIMIT 1   [ RunTime:0.0128s ]
SQL: SELECT * FROM `worker` WHERE `id` = 2 AND `psnid` = 1 LIMIT 1   [ RunTime:0.0525s ]
SQL: SELECT * FROM `worker` WHERE `id` = 0 AND `psnid` = 1 LIMIT 1   [ RunTime:0.0161s ]
SQL: SELECT * FROM `worker` WHERE `id` = 3 AND `psnid` = 1 LIMIT 1   [ RunTime:0.0049s ]
SQL: SELECT * FROM `worker` WHERE `id` = 4 AND `psnid` = 1 LIMIT 1   [ RunTime:0.0410s ]
SQL: SELECT * FROM `worker` WHERE `id` = 0 AND `psnid` = 1 LIMIT 1   [ RunTime:0.0566s ]
INFO: [ view_parse ] --START--
INFO: Run Behavior\ParseTemplateBehavior [ RunTime:0.191191s ]
INFO: [ view_parse ] --END-- [ RunTime:0.191280s ]
INFO: [ view_filter ] --START--
INFO: Run Behavior\WriteHtmlCacheBehavior [ RunTime:0.000470s ]
INFO: [ view_filter ] --END-- [ RunTime:0.000499s ]
INFO: [ app_end ] --START--
INFO: Run Behavior\ShowPageTraceBehavior [ RunTime:0.000736s ]
INFO: [ app_end ] --END-- [ RunTime:0.000781s ]

[ 2019-03-05T11:10:00+08:00 ] 127.0.0.1 /mjiang/index.php/Home/Manager/upload2?token=bd1ccf3d40fc6cabceef4179a6d01936&userid=18
INFO: [ app_begin ] --START--
INFO: Run Behavior\ReadHtmlCacheBehavior [ RunTime:0.000534s ]
INFO: [ app_begin ] --END-- [ RunTime:0.000869s ]
NOTIC: [8] Undefined index: sn D:\amp\Apache24\htdocs\mjiang\Home\Controller\ManagerController.class.php 第 208 行.
NOTIC: [2] call_user_func() expects parameter 1 to be a valid callback, no array or string given D:\amp\Apache24\htdocs\mjiang\ThinkPHP\Library\Think\Upload.class.php 第 170 行.

[ 2019-03-05T11:11:48+08:00 ] 127.0.0.1 /mjiang/index.php/manager/index/token/bd1ccf3d40fc6cabceef4179a6d01936/userid/18
INFO: [ app_begin ] --START--
INFO: Run Behavior\ReadHtmlCacheBehavior [ RunTime:0.000623s ]
INFO: [ app_begin ] --END-- [ RunTime:0.001058s ]
SQL: SHOW COLUMNS FROM `anltype` [ RunTime:0.0115s ]
SQL: SELECT * FROM `anltype`  [ RunTime:0.0036s ]
SQL: SHOW COLUMNS FROM `anlkind` [ RunTime:0.0392s ]
SQL: SELECT * FROM `anlkind`  [ RunTime:0.0057s ]
SQL: SHOW COLUMNS FROM `entertype` [ RunTime:0.0113s ]
SQL: SELECT * FROM `entertype`  [ RunTime:0.0120s ]
SQL: SHOW COLUMNS FROM `field` [ RunTime:0.0272s ]
SQL: SELECT * FROM `field` WHERE `psnid` = 1  [ RunTime:0.0836s ]
SQL: SHOW COLUMNS FROM `worker` [ RunTime:0.0145s ]
SQL: SELECT * FROM `worker` WHERE `id` = 1 AND `psnid` = 1 LIMIT 1   [ RunTime:0.0064s ]
SQL: SELECT * FROM `worker` WHERE `id` = 2 AND `psnid` = 1 LIMIT 1   [ RunTime:0.0069s ]
SQL: SELECT * FROM `worker` WHERE `id` = 0 AND `psnid` = 1 LIMIT 1   [ RunTime:0.0041s ]
SQL: SELECT * FROM `worker` WHERE `id` = 3 AND `psnid` = 1 LIMIT 1   [ RunTime:0.0346s ]
SQL: SELECT * FROM `worker` WHERE `id` = 4 AND `psnid` = 1 LIMIT 1   [ RunTime:0.0038s ]
SQL: SELECT * FROM `worker` WHERE `id` = 0 AND `psnid` = 1 LIMIT 1   [ RunTime:0.0034s ]
INFO: [ view_parse ] --START--
INFO: Run Behavior\ParseTemplateBehavior [ RunTime:0.190961s ]
INFO: [ view_parse ] --END-- [ RunTime:0.191011s ]
INFO: [ view_filter ] --START--
INFO: Run Behavior\WriteHtmlCacheBehavior [ RunTime:0.000502s ]
INFO: [ view_filter ] --END-- [ RunTime:0.000531s ]
INFO: [ app_end ] --START--
INFO: Run Behavior\ShowPageTraceBehavior [ RunTime:0.000495s ]
INFO: [ app_end ] --END-- [ RunTime:0.000529s ]

[ 2019-03-05T11:12:27+08:00 ] 127.0.0.1 /mjiang/index.php/manager/index/token/bd1ccf3d40fc6cabceef4179a6d01936/userid/18
INFO: [ app_begin ] --START--
INFO: Run Behavior\ReadHtmlCacheBehavior [ RunTime:0.000548s ]
INFO: [ app_begin ] --END-- [ RunTime:0.000913s ]
SQL: SHOW COLUMNS FROM `anltype` [ RunTime:0.0115s ]
SQL: SELECT * FROM `anltype`  [ RunTime:0.0147s ]
SQL: SHOW COLUMNS FROM `anlkind` [ RunTime:0.0132s ]
SQL: SELECT * FROM `anlkind`  [ RunTime:0.0035s ]
SQL: SHOW COLUMNS FROM `entertype` [ RunTime:0.0161s ]
SQL: SELECT * FROM `entertype`  [ RunTime:0.0076s ]
SQL: SHOW COLUMNS FROM `field` [ RunTime:0.0129s ]
SQL: SELECT * FROM `field` WHERE `psnid` = 1  [ RunTime:0.0075s ]
SQL: SHOW COLUMNS FROM `worker` [ RunTime:0.0182s ]
SQL: SELECT * FROM `worker` WHERE `id` = 1 AND `psnid` = 1 LIMIT 1   [ RunTime:0.0038s ]
SQL: SELECT * FROM `worker` WHERE `id` = 2 AND `psnid` = 1 LIMIT 1   [ RunTime:0.0056s ]
SQL: SELECT * FROM `worker` WHERE `id` = 0 AND `psnid` = 1 LIMIT 1   [ RunTime:0.0303s ]
SQL: SELECT * FROM `worker` WHERE `id` = 3 AND `psnid` = 1 LIMIT 1   [ RunTime:0.0047s ]
SQL: SELECT * FROM `worker` WHERE `id` = 4 AND `psnid` = 1 LIMIT 1   [ RunTime:0.0236s ]
SQL: SELECT * FROM `worker` WHERE `id` = 0 AND `psnid` = 1 LIMIT 1   [ RunTime:0.0045s ]
INFO: [ view_parse ] --START--
INFO: Run Behavior\ParseTemplateBehavior [ RunTime:0.168647s ]
INFO: [ view_parse ] --END-- [ RunTime:0.168712s ]
INFO: [ view_filter ] --START--
INFO: Run Behavior\WriteHtmlCacheBehavior [ RunTime:0.000488s ]
INFO: [ view_filter ] --END-- [ RunTime:0.000516s ]
INFO: [ app_end ] --START--
INFO: Run Behavior\ShowPageTraceBehavior [ RunTime:0.000630s ]
INFO: [ app_end ] --END-- [ RunTime:0.000700s ]

[ 2019-03-05T11:13:20+08:00 ] 127.0.0.1 /mjiang/index.php/manager/index/token/bd1ccf3d40fc6cabceef4179a6d01936/userid/18
INFO: [ app_begin ] --START--
INFO: Run Behavior\ReadHtmlCacheBehavior [ RunTime:0.000594s ]
INFO: [ app_begin ] --END-- [ RunTime:0.000967s ]
SQL: SHOW COLUMNS FROM `anltype` [ RunTime:0.0118s ]
SQL: SELECT * FROM `anltype`  [ RunTime:0.0054s ]
SQL: SHOW COLUMNS FROM `anlkind` [ RunTime:0.0121s ]
SQL: SELECT * FROM `anlkind`  [ RunTime:0.0035s ]
SQL: SHOW COLUMNS FROM `entertype` [ RunTime:0.0154s ]
SQL: SELECT * FROM `entertype`  [ RunTime:0.0042s ]
SQL: SHOW COLUMNS FROM `field` [ RunTime:0.0112s ]
SQL: SELECT * FROM `field` WHERE `psnid` = 1  [ RunTime:0.0448s ]
SQL: SHOW COLUMNS FROM `worker` [ RunTime:0.0131s ]
SQL: SELECT * FROM `worker` WHERE `id` = 1 AND `psnid` = 1 LIMIT 1   [ RunTime:0.0075s ]
SQL: SELECT * FROM `worker` WHERE `id` = 2 AND `psnid` = 1 LIMIT 1   [ RunTime:0.0111s ]
SQL: SELECT * FROM `worker` WHERE `id` = 0 AND `psnid` = 1 LIMIT 1   [ RunTime:0.0096s ]
SQL: SELECT * FROM `worker` WHERE `id` = 3 AND `psnid` = 1 LIMIT 1   [ RunTime:0.0111s ]
SQL: SELECT * FROM `worker` WHERE `id` = 4 AND `psnid` = 1 LIMIT 1   [ RunTime:0.0048s ]
SQL: SELECT * FROM `worker` WHERE `id` = 0 AND `psnid` = 1 LIMIT 1   [ RunTime:0.0232s ]
INFO: [ view_parse ] --START--
INFO: Run Behavior\ParseTemplateBehavior [ RunTime:0.213423s ]
INFO: [ view_parse ] --END-- [ RunTime:0.213512s ]
INFO: [ view_filter ] --START--
INFO: Run Behavior\WriteHtmlCacheBehavior [ RunTime:0.000494s ]
INFO: [ view_filter ] --END-- [ RunTime:0.000524s ]
INFO: [ app_end ] --START--
INFO: Run Behavior\ShowPageTraceBehavior [ RunTime:0.000545s ]
INFO: [ app_end ] --END-- [ RunTime:0.000583s ]

[ 2019-03-05T11:14:18+08:00 ] 127.0.0.1 /mjiang/index.php/manager/index/token/bd1ccf3d40fc6cabceef4179a6d01936/userid/18
INFO: [ app_begin ] --START--
INFO: Run Behavior\ReadHtmlCacheBehavior [ RunTime:0.000510s ]
INFO: [ app_begin ] --END-- [ RunTime:0.000852s ]
SQL: SHOW COLUMNS FROM `anltype` [ RunTime:0.0128s ]
SQL: SELECT * FROM `anltype`  [ RunTime:0.0041s ]
SQL: SHOW COLUMNS FROM `anlkind` [ RunTime:0.0213s ]
SQL: SELECT * FROM `anlkind`  [ RunTime:0.0071s ]
SQL: SHOW COLUMNS FROM `entertype` [ RunTime:0.0142s ]
SQL: SELECT * FROM `entertype`  [ RunTime:0.0300s ]
SQL: SHOW COLUMNS FROM `field` [ RunTime:0.0148s ]
SQL: SELECT * FROM `field` WHERE `psnid` = 1  [ RunTime:0.0054s ]
SQL: SHOW COLUMNS FROM `worker` [ RunTime:0.0150s ]
SQL: SELECT * FROM `worker` WHERE `id` = 1 AND `psnid` = 1 LIMIT 1   [ RunTime:0.0188s ]
SQL: SELECT * FROM `worker` WHERE `id` = 2 AND `psnid` = 1 LIMIT 1   [ RunTime:0.0042s ]
SQL: SELECT * FROM `worker` WHERE `id` = 0 AND `psnid` = 1 LIMIT 1   [ RunTime:0.0089s ]
SQL: SELECT * FROM `worker` WHERE `id` = 3 AND `psnid` = 1 LIMIT 1   [ RunTime:0.0189s ]
SQL: SELECT * FROM `worker` WHERE `id` = 4 AND `psnid` = 1 LIMIT 1   [ RunTime:0.0091s ]
SQL: SELECT * FROM `worker` WHERE `id` = 0 AND `psnid` = 1 LIMIT 1   [ RunTime:0.0038s ]
INFO: [ view_parse ] --START--
INFO: Run Behavior\ParseTemplateBehavior [ RunTime:0.178323s ]
INFO: [ view_parse ] --END-- [ RunTime:0.178397s ]
INFO: [ view_filter ] --START--
INFO: Run Behavior\WriteHtmlCacheBehavior [ RunTime:0.000507s ]
INFO: [ view_filter ] --END-- [ RunTime:0.000538s ]
INFO: [ app_end ] --START--
INFO: Run Behavior\ShowPageTraceBehavior [ RunTime:0.000524s ]
INFO: [ app_end ] --END-- [ RunTime:0.000559s ]

[ 2019-03-05T11:15:23+08:00 ] 127.0.0.1 /mjiang/index.php/manager/index/token/bd1ccf3d40fc6cabceef4179a6d01936/userid/18
INFO: [ app_begin ] --START--
INFO: Run Behavior\ReadHtmlCacheBehavior [ RunTime:0.000494s ]
INFO: [ app_begin ] --END-- [ RunTime:0.000835s ]
SQL: SHOW COLUMNS FROM `anltype` [ RunTime:0.0184s ]
SQL: SELECT * FROM `anltype`  [ RunTime:0.0280s ]
SQL: SHOW COLUMNS FROM `anlkind` [ RunTime:0.0334s ]
SQL: SELECT * FROM `anlkind`  [ RunTime:0.0194s ]
SQL: SHOW COLUMNS FROM `entertype` [ RunTime:0.0376s ]
SQL: SELECT * FROM `entertype`  [ RunTime:0.0063s ]
SQL: SHOW COLUMNS FROM `field` [ RunTime:0.0121s ]
SQL: SELECT * FROM `field` WHERE `psnid` = 1  [ RunTime:0.0073s ]
SQL: SHOW COLUMNS FROM `worker` [ RunTime:0.0180s ]
SQL: SELECT * FROM `worker` WHERE `id` = 1 AND `psnid` = 1 LIMIT 1   [ RunTime:0.0285s ]
SQL: SELECT * FROM `worker` WHERE `id` = 2 AND `psnid` = 1 LIMIT 1   [ RunTime:0.0081s ]
SQL: SELECT * FROM `worker` WHERE `id` = 0 AND `psnid` = 1 LIMIT 1   [ RunTime:0.0122s ]
SQL: SELECT * FROM `worker` WHERE `id` = 3 AND `psnid` = 1 LIMIT 1   [ RunTime:0.0052s ]
SQL: SELECT * FROM `worker` WHERE `id` = 4 AND `psnid` = 1 LIMIT 1   [ RunTime:0.0124s ]
SQL: SELECT * FROM `worker` WHERE `id` = 0 AND `psnid` = 1 LIMIT 1   [ RunTime:0.0068s ]
INFO: [ view_parse ] --START--
INFO: Run Behavior\ParseTemplateBehavior [ RunTime:0.188977s ]
INFO: [ view_parse ] --END-- [ RunTime:0.189064s ]
INFO: [ view_filter ] --START--
INFO: Run Behavior\WriteHtmlCacheBehavior [ RunTime:0.000491s ]
INFO: [ view_filter ] --END-- [ RunTime:0.000520s ]
INFO: [ app_end ] --START--
INFO: Run Behavior\ShowPageTraceBehavior [ RunTime:0.000589s ]
INFO: [ app_end ] --END-- [ RunTime:0.000644s ]

[ 2019-03-05T11:17:02+08:00 ] 127.0.0.1 /mjiang/index.php/manager/index/token/bd1ccf3d40fc6cabceef4179a6d01936/userid/18
INFO: [ app_begin ] --START--
INFO: Run Behavior\ReadHtmlCacheBehavior [ RunTime:0.000444s ]
INFO: [ app_begin ] --END-- [ RunTime:0.000717s ]
SQL: SHOW COLUMNS FROM `anltype` [ RunTime:0.0250s ]
SQL: SELECT * FROM `anltype`  [ RunTime:0.0040s ]
SQL: SHOW COLUMNS FROM `anlkind` [ RunTime:0.0129s ]
SQL: SELECT * FROM `anlkind`  [ RunTime:0.0049s ]
SQL: SHOW COLUMNS FROM `entertype` [ RunTime:0.0245s ]
SQL: SELECT * FROM `entertype`  [ RunTime:0.0043s ]
SQL: SHOW COLUMNS FROM `field` [ RunTime:0.0113s ]
SQL: SELECT * FROM `field` WHERE `psnid` = 1  [ RunTime:0.0066s ]
SQL: SHOW COLUMNS FROM `worker` [ RunTime:0.0118s ]
SQL: SELECT * FROM `worker` WHERE `id` = 1 AND `psnid` = 1 LIMIT 1   [ RunTime:0.0052s ]
SQL: SELECT * FROM `worker` WHERE `id` = 2 AND `psnid` = 1 LIMIT 1   [ RunTime:0.0040s ]
SQL: SELECT * FROM `worker` WHERE `id` = 0 AND `psnid` = 1 LIMIT 1   [ RunTime:0.0029s ]
SQL: SELECT * FROM `worker` WHERE `id` = 3 AND `psnid` = 1 LIMIT 1   [ RunTime:0.0043s ]
SQL: SELECT * FROM `worker` WHERE `id` = 4 AND `psnid` = 1 LIMIT 1   [ RunTime:0.0033s ]
SQL: SELECT * FROM `worker` WHERE `id` = 0 AND `psnid` = 1 LIMIT 1   [ RunTime:0.0035s ]
INFO: [ view_parse ] --START--
INFO: Run Behavior\ParseTemplateBehavior [ RunTime:0.163329s ]
INFO: [ view_parse ] --END-- [ RunTime:0.163391s ]
INFO: [ view_filter ] --START--
INFO: Run Behavior\WriteHtmlCacheBehavior [ RunTime:0.000674s ]
INFO: [ view_filter ] --END-- [ RunTime:0.000726s ]
INFO: [ app_end ] --START--
INFO: Run Behavior\ShowPageTraceBehavior [ RunTime:0.000632s ]
INFO: [ app_end ] --END-- [ RunTime:0.000685s ]

[ 2019-03-05T11:17:25+08:00 ] 127.0.0.1 /mjiang/index.php/manager/index/token/bd1ccf3d40fc6cabceef4179a6d01936/userid/18
INFO: [ app_begin ] --START--
INFO: Run Behavior\ReadHtmlCacheBehavior [ RunTime:0.000439s ]
INFO: [ app_begin ] --END-- [ RunTime:0.000740s ]
SQL: SHOW COLUMNS FROM `anltype` [ RunTime:0.0166s ]
SQL: SELECT * FROM `anltype`  [ RunTime:0.0451s ]
SQL: SHOW COLUMNS FROM `anlkind` [ RunTime:0.0170s ]
SQL: SELECT * FROM `anlkind`  [ RunTime:0.0093s ]
SQL: SHOW COLUMNS FROM `entertype` [ RunTime:0.0131s ]
SQL: SELECT * FROM `entertype`  [ RunTime:0.0041s ]
SQL: SHOW COLUMNS FROM `field` [ RunTime:0.0150s ]
SQL: SELECT * FROM `field` WHERE `psnid` = 1  [ RunTime:0.0041s ]
SQL: SHOW COLUMNS FROM `worker` [ RunTime:0.0278s ]
SQL: SELECT * FROM `worker` WHERE `id` = 1 AND `psnid` = 1 LIMIT 1   [ RunTime:0.0051s ]
SQL: SELECT * FROM `worker` WHERE `id` = 2 AND `psnid` = 1 LIMIT 1   [ RunTime:0.0060s ]
SQL: SELECT * FROM `worker` WHERE `id` = 0 AND `psnid` = 1 LIMIT 1   [ RunTime:0.0111s ]
SQL: SELECT * FROM `worker` WHERE `id` = 3 AND `psnid` = 1 LIMIT 1   [ RunTime:0.0048s ]
SQL: SELECT * FROM `worker` WHERE `id` = 4 AND `psnid` = 1 LIMIT 1   [ RunTime:0.0054s ]
SQL: SELECT * FROM `worker` WHERE `id` = 0 AND `psnid` = 1 LIMIT 1   [ RunTime:0.0124s ]
INFO: [ view_parse ] --START--
INFO: Run Behavior\ParseTemplateBehavior [ RunTime:0.196825s ]
INFO: [ view_parse ] --END-- [ RunTime:0.196915s ]
INFO: [ view_filter ] --START--
INFO: Run Behavior\WriteHtmlCacheBehavior [ RunTime:0.000501s ]
INFO: [ view_filter ] --END-- [ RunTime:0.000531s ]
INFO: [ app_end ] --START--
INFO: Run Behavior\ShowPageTraceBehavior [ RunTime:0.000513s ]
INFO: [ app_end ] --END-- [ RunTime:0.000549s ]

[ 2019-03-05T11:19:07+08:00 ] 127.0.0.1 /mjiang/index.php/Home/Manager/upload2?token=bd1ccf3d40fc6cabceef4179a6d01936&userid=18
INFO: [ app_begin ] --START--
INFO: Run Behavior\ReadHtmlCacheBehavior [ RunTime:0.000483s ]
INFO: [ app_begin ] --END-- [ RunTime:0.000806s ]
NOTIC: [8] Undefined index: sn D:\amp\Apache24\htdocs\mjiang\Home\Controller\ManagerController.class.php 第 208 行.
NOTIC: [2] call_user_func() expects parameter 1 to be a valid callback, no array or string given D:\amp\Apache24\htdocs\mjiang\ThinkPHP\Library\Think\Upload.class.php 第 170 行.

[ 2019-03-05T11:22:14+08:00 ] 127.0.0.1 /mjiang/index.php/manager/index/token/bd1ccf3d40fc6cabceef4179a6d01936/userid/18
INFO: [ app_begin ] --START--
INFO: Run Behavior\ReadHtmlCacheBehavior [ RunTime:0.000953s ]
INFO: [ app_begin ] --END-- [ RunTime:0.001536s ]
SQL: SHOW COLUMNS FROM `anltype` [ RunTime:0.0210s ]
SQL: SELECT * FROM `anltype`  [ RunTime:0.0030s ]
SQL: SHOW COLUMNS FROM `anlkind` [ RunTime:0.0199s ]
SQL: SELECT * FROM `anlkind`  [ RunTime:0.0085s ]
SQL: SHOW COLUMNS FROM `entertype` [ RunTime:0.0165s ]
SQL: SELECT * FROM `entertype`  [ RunTime:0.0037s ]
SQL: SHOW COLUMNS FROM `field` [ RunTime:0.0105s ]
SQL: SELECT * FROM `field` WHERE `psnid` = 1  [ RunTime:0.0033s ]
SQL: SHOW COLUMNS FROM `worker` [ RunTime:0.0110s ]
SQL: SELECT * FROM `worker` WHERE `id` = 1 AND `psnid` = 1 LIMIT 1   [ RunTime:0.0035s ]
SQL: SELECT * FROM `worker` WHERE `id` = 2 AND `psnid` = 1 LIMIT 1   [ RunTime:0.0040s ]
SQL: SELECT * FROM `worker` WHERE `id` = 0 AND `psnid` = 1 LIMIT 1   [ RunTime:0.0052s ]
SQL: SELECT * FROM `worker` WHERE `id` = 3 AND `psnid` = 1 LIMIT 1   [ RunTime:0.0165s ]
SQL: SELECT * FROM `worker` WHERE `id` = 4 AND `psnid` = 1 LIMIT 1   [ RunTime:0.0030s ]
SQL: SELECT * FROM `worker` WHERE `id` = 0 AND `psnid` = 1 LIMIT 1   [ RunTime:0.0183s ]
INFO: [ view_parse ] --START--
INFO: Run Behavior\ParseTemplateBehavior [ RunTime:0.180529s ]
INFO: [ view_parse ] --END-- [ RunTime:0.180587s ]
INFO: [ view_filter ] --START--
INFO: Run Behavior\WriteHtmlCacheBehavior [ RunTime:0.000528s ]
INFO: [ view_filter ] --END-- [ RunTime:0.000559s ]
INFO: [ app_end ] --START--
INFO: Run Behavior\ShowPageTraceBehavior [ RunTime:0.000702s ]
INFO: [ app_end ] --END-- [ RunTime:0.000761s ]

[ 2019-03-05T11:22:47+08:00 ] 127.0.0.1 /mjiang/index.php/Home/Manager/upload2?token=bd1ccf3d40fc6cabceef4179a6d01936&userid=18
INFO: [ app_begin ] --START--
INFO: Run Behavior\ReadHtmlCacheBehavior [ RunTime:0.000444s ]
INFO: [ app_begin ] --END-- [ RunTime:0.000749s ]
NOTIC: [8] Undefined index: sn D:\amp\Apache24\htdocs\mjiang\Home\Controller\ManagerController.class.php 第 208 行.
NOTIC: [2] call_user_func() expects parameter 1 to be a valid callback, no array or string given D:\amp\Apache24\htdocs\mjiang\ThinkPHP\Library\Think\Upload.class.php 第 170 行.

[ 2019-03-05T11:23:13+08:00 ] 127.0.0.1 /mjiang/index.php/manager/index/token/bd1ccf3d40fc6cabceef4179a6d01936/userid/18
INFO: [ app_begin ] --START--
INFO: Run Behavior\ReadHtmlCacheBehavior [ RunTime:0.000397s ]
INFO: [ app_begin ] --END-- [ RunTime:0.000655s ]
SQL: SHOW COLUMNS FROM `anltype` [ RunTime:0.0134s ]
SQL: SELECT * FROM `anltype`  [ RunTime:0.0175s ]
SQL: SHOW COLUMNS FROM `anlkind` [ RunTime:0.0599s ]
SQL: SELECT * FROM `anlkind`  [ RunTime:0.0063s ]
SQL: SHOW COLUMNS FROM `entertype` [ RunTime:0.0158s ]
SQL: SELECT * FROM `entertype`  [ RunTime:0.0401s ]
SQL: SHOW COLUMNS FROM `field` [ RunTime:0.0352s ]
SQL: SELECT * FROM `field` WHERE `psnid` = 1  [ RunTime:0.0046s ]
SQL: SHOW COLUMNS FROM `worker` [ RunTime:0.0157s ]
SQL: SELECT * FROM `worker` WHERE `id` = 1 AND `psnid` = 1 LIMIT 1   [ RunTime:0.0060s ]
SQL: SELECT * FROM `worker` WHERE `id` = 2 AND `psnid` = 1 LIMIT 1   [ RunTime:0.0285s ]
SQL: SELECT * FROM `worker` WHERE `id` = 0 AND `psnid` = 1 LIMIT 1   [ RunTime:0.0338s ]
SQL: SELECT * FROM `worker` WHERE `id` = 3 AND `psnid` = 1 LIMIT 1   [ RunTime:0.0059s ]
SQL: SELECT * FROM `worker` WHERE `id` = 4 AND `psnid` = 1 LIMIT 1   [ RunTime:0.0049s ]
SQL: SELECT * FROM `worker` WHERE `id` = 0 AND `psnid` = 1 LIMIT 1   [ RunTime:0.0392s ]
INFO: [ view_parse ] --START--
INFO: Run Behavior\ParseTemplateBehavior [ RunTime:0.194557s ]
INFO: [ view_parse ] --END-- [ RunTime:0.194651s ]
INFO: [ view_filter ] --START--
INFO: Run Behavior\WriteHtmlCacheBehavior [ RunTime:0.000771s ]
INFO: [ view_filter ] --END-- [ RunTime:0.000823s ]
INFO: [ app_end ] --START--
INFO: Run Behavior\ShowPageTraceBehavior [ RunTime:0.000526s ]
INFO: [ app_end ] --END-- [ RunTime:0.000566s ]

[ 2019-03-05T14:18:57+08:00 ] 127.0.0.1 /mjiang/index.php/manager/index/token/bd1ccf3d40fc6cabceef4179a6d01936/userid/18
INFO: [ app_begin ] --START--
INFO: Run Behavior\ReadHtmlCacheBehavior [ RunTime:0.000555s ]
INFO: [ app_begin ] --END-- [ RunTime:0.000915s ]
SQL: SHOW COLUMNS FROM `anltype` [ RunTime:0.0948s ]
SQL: SELECT * FROM `anltype`  [ RunTime:0.0248s ]
SQL: SHOW COLUMNS FROM `anlkind` [ RunTime:0.0316s ]
SQL: SELECT * FROM `anlkind`  [ RunTime:0.0061s ]
SQL: SHOW COLUMNS FROM `entertype` [ RunTime:0.0242s ]
SQL: SELECT * FROM `entertype`  [ RunTime:0.0580s ]
SQL: SHOW COLUMNS FROM `field` [ RunTime:0.0117s ]
SQL: SELECT * FROM `field` WHERE `psnid` = 1  [ RunTime:0.0061s ]
SQL: SHOW COLUMNS FROM `worker` [ RunTime:0.0687s ]
SQL: SELECT * FROM `worker` WHERE `id` = 1 AND `psnid` = 1 LIMIT 1   [ RunTime:0.0324s ]
SQL: SELECT * FROM `worker` WHERE `id` = 2 AND `psnid` = 1 LIMIT 1   [ RunTime:0.0080s ]
SQL: SELECT * FROM `worker` WHERE `id` = 0 AND `psnid` = 1 LIMIT 1   [ RunTime:0.0043s ]
SQL: SELECT * FROM `worker` WHERE `id` = 3 AND `psnid` = 1 LIMIT 1   [ RunTime:0.0565s ]
SQL: SELECT * FROM `worker` WHERE `id` = 4 AND `psnid` = 1 LIMIT 1   [ RunTime:0.0053s ]
SQL: SELECT * FROM `worker` WHERE `id` = 0 AND `psnid` = 1 LIMIT 1   [ RunTime:0.0062s ]
INFO: [ view_parse ] --START--
INFO: Run Behavior\ParseTemplateBehavior [ RunTime:0.167103s ]
INFO: [ view_parse ] --END-- [ RunTime:0.167178s ]
INFO: [ view_filter ] --START--
INFO: Run Behavior\WriteHtmlCacheBehavior [ RunTime:0.000706s ]
INFO: [ view_filter ] --END-- [ RunTime:0.000751s ]
INFO: [ app_end ] --START--
INFO: Run Behavior\ShowPageTraceBehavior [ RunTime:0.000855s ]
INFO: [ app_end ] --END-- [ RunTime:0.000928s ]

